[0.008s] Invoking command in '/home/ozawa/nedo/4w_ws/src/vel_control/build/vel_control': CMAKE_PREFIX_PATH=/opt/ros/humble /usr/bin/cmake /home/ozawa/nedo/4w_ws/src/vel_control -DCMAKE_INSTALL_PREFIX=/home/ozawa/nedo/4w_ws/src/vel_control/install/vel_control
[0.088s] -- The C compiler identification is GNU 11.4.0
[0.151s] -- The CXX compiler identification is GNU 11.4.0
[0.160s] -- Detecting C compiler ABI info
[0.222s] -- Detecting C compiler ABI info - done
[0.227s] -- Check for working C compiler: /usr/bin/cc - skipped
[0.227s] -- Detecting C compile features
[0.228s] -- Detecting C compile features - done
[0.230s] -- Detecting CXX compiler ABI info
[0.300s] -- Detecting CXX compiler ABI info - done
[0.305s] -- Check for working CXX compiler: /usr/bin/c++ - skipped
[0.305s] -- Detecting CXX compile features
[0.305s] -- Detecting CXX compile features - done
[0.312s] -- Found ament_cmake: 1.3.10 (/opt/ros/humble/share/ament_cmake/cmake)
[0.427s] -- Found Python3: /usr/bin/python3 (found version "3.10.12") found components: Interpreter 
[0.510s] -- Found rclcpp: 16.0.10 (/opt/ros/humble/share/rclcpp/cmake)
[0.558s] -- Found rosidl_generator_c: 3.1.5 (/opt/ros/humble/share/rosidl_generator_c/cmake)
[0.563s] -- Found rosidl_adapter: 3.1.5 (/opt/ros/humble/share/rosidl_adapter/cmake)
[0.573s] -- Found rosidl_generator_cpp: 3.1.5 (/opt/ros/humble/share/rosidl_generator_cpp/cmake)
[0.588s] -- Using all available rosidl_typesupport_c: rosidl_typesupport_fastrtps_c;rosidl_typesupport_introspection_c
[0.605s] -- Using all available rosidl_typesupport_cpp: rosidl_typesupport_fastrtps_cpp;rosidl_typesupport_introspection_cpp
[0.653s] -- Found rmw_implementation_cmake: 6.1.2 (/opt/ros/humble/share/rmw_implementation_cmake/cmake)
[0.657s] -- Found rmw_fastrtps_cpp: 6.2.7 (/opt/ros/humble/share/rmw_fastrtps_cpp/cmake)
[0.744s] -- Found OpenSSL: /usr/lib/x86_64-linux-gnu/libcrypto.so (found version "3.0.2")  
[0.766s] -- Found FastRTPS: /opt/ros/humble/include  
[0.799s] -- Using RMW implementation 'rmw_fastrtps_cpp' as default
[0.808s] -- Looking for pthread.h
[0.872s] -- Looking for pthread.h - found
[0.872s] -- Performing Test CMAKE_HAVE_LIBC_PTHREAD
[0.936s] -- Performing Test CMAKE_HAVE_LIBC_PTHREAD - Success
[0.937s] -- Found Threads: TRUE  
[0.989s] -- Found geometry_msgs: 4.2.4 (/opt/ros/humble/share/geometry_msgs/cmake)
[1.004s] -- Found nav_msgs: 4.2.4 (/opt/ros/humble/share/nav_msgs/cmake)
[1.021s] -- Found visualization_msgs: 4.2.4 (/opt/ros/humble/share/visualization_msgs/cmake)
[1.058s] -- Found tf2: 0.25.8 (/opt/ros/humble/share/tf2/cmake)
[1.070s] -- Found tf2_geometry_msgs: 0.25.8 (/opt/ros/humble/share/tf2_geometry_msgs/cmake)
[1.083s] -- Found eigen3_cmake_module: 0.1.1 (/opt/ros/humble/share/eigen3_cmake_module/cmake)
[1.084s] -- Found Eigen3: TRUE (found version "3.4.0") 
[1.084s] -- Ensuring Eigen3 include directory is part of orocos-kdl CMake target
[1.182s] -- Found ament_lint_auto: 0.12.11 (/opt/ros/humble/share/ament_lint_auto/cmake)
[1.248s] -- Added test 'copyright' to check source files copyright and LICENSE
[1.253s] -- Added test 'cppcheck' to perform static code analysis on C / C++ code
[1.253s] -- Configured cppcheck include dirs: $<BUILD_INTERFACE:/home/ozawa/nedo/4w_ws/src/vel_control/include>
[1.253s] -- Configured cppcheck exclude dirs and/or files: 
[1.257s] -- Added test 'cpplint' to check C / C++ code against the Google style
[1.257s] -- Configured cpplint exclude dirs and/or files: 
[1.259s] -- Added test 'lint_cmake' to check CMake code style
[1.265s] -- Added test 'uncrustify' to check C / C++ code style
[1.265s] -- Configured uncrustify additional arguments: 
[1.266s] -- Added test 'xmllint' to check XML markup files
[1.267s] -- Configuring done
[1.279s] -- Generating done
[1.281s] -- Build files have been written to: /home/ozawa/nedo/4w_ws/src/vel_control/build/vel_control
[1.290s] Invoked command in '/home/ozawa/nedo/4w_ws/src/vel_control/build/vel_control' returned '0': CMAKE_PREFIX_PATH=/opt/ros/humble /usr/bin/cmake /home/ozawa/nedo/4w_ws/src/vel_control -DCMAKE_INSTALL_PREFIX=/home/ozawa/nedo/4w_ws/src/vel_control/install/vel_control
[1.292s] Invoking command in '/home/ozawa/nedo/4w_ws/src/vel_control/build/vel_control': CMAKE_PREFIX_PATH=/opt/ros/humble /usr/bin/cmake --build /home/ozawa/nedo/4w_ws/src/vel_control/build/vel_control -- -j16 -l16
[1.335s] [ 50%] [32mBuilding CXX object CMakeFiles/velcontrol_node.dir/src/velcontrol_node.cpp.o[0m
[9.296s] [100%] [32m[1mLinking CXX executable velcontrol_node[0m
[9.803s] [100%] Built target velcontrol_node
[9.812s] Invoked command in '/home/ozawa/nedo/4w_ws/src/vel_control/build/vel_control' returned '0': CMAKE_PREFIX_PATH=/opt/ros/humble /usr/bin/cmake --build /home/ozawa/nedo/4w_ws/src/vel_control/build/vel_control -- -j16 -l16
[9.844s] Invoking command in '/home/ozawa/nedo/4w_ws/src/vel_control/build/vel_control': CMAKE_PREFIX_PATH=/opt/ros/humble /usr/bin/cmake --install /home/ozawa/nedo/4w_ws/src/vel_control/build/vel_control
[9.849s] -- Install configuration: ""
[9.849s] -- Installing: /home/ozawa/nedo/4w_ws/src/vel_control/install/vel_control/lib/vel_control/velcontrol_node
[9.854s] -- Set runtime path of "/home/ozawa/nedo/4w_ws/src/vel_control/install/vel_control/lib/vel_control/velcontrol_node" to ""
[9.854s] -- Installing: /home/ozawa/nedo/4w_ws/src/vel_control/install/vel_control/share/ament_index/resource_index/package_run_dependencies/vel_control
[9.854s] -- Installing: /home/ozawa/nedo/4w_ws/src/vel_control/install/vel_control/share/ament_index/resource_index/parent_prefix_path/vel_control
[9.854s] -- Installing: /home/ozawa/nedo/4w_ws/src/vel_control/install/vel_control/share/vel_control/environment/ament_prefix_path.sh
[9.854s] -- Installing: /home/ozawa/nedo/4w_ws/src/vel_control/install/vel_control/share/vel_control/environment/ament_prefix_path.dsv
[9.855s] -- Installing: /home/ozawa/nedo/4w_ws/src/vel_control/install/vel_control/share/vel_control/environment/path.sh
[9.855s] -- Installing: /home/ozawa/nedo/4w_ws/src/vel_control/install/vel_control/share/vel_control/environment/path.dsv
[9.855s] -- Installing: /home/ozawa/nedo/4w_ws/src/vel_control/install/vel_control/share/vel_control/local_setup.bash
[9.855s] -- Installing: /home/ozawa/nedo/4w_ws/src/vel_control/install/vel_control/share/vel_control/local_setup.sh
[9.855s] -- Installing: /home/ozawa/nedo/4w_ws/src/vel_control/install/vel_control/share/vel_control/local_setup.zsh
[9.855s] -- Installing: /home/ozawa/nedo/4w_ws/src/vel_control/install/vel_control/share/vel_control/local_setup.dsv
[9.855s] -- Installing: /home/ozawa/nedo/4w_ws/src/vel_control/install/vel_control/share/vel_control/package.dsv
[9.855s] -- Installing: /home/ozawa/nedo/4w_ws/src/vel_control/install/vel_control/share/ament_index/resource_index/packages/vel_control
[9.856s] -- Installing: /home/ozawa/nedo/4w_ws/src/vel_control/install/vel_control/share/vel_control/cmake/vel_controlConfig.cmake
[9.856s] -- Installing: /home/ozawa/nedo/4w_ws/src/vel_control/install/vel_control/share/vel_control/cmake/vel_controlConfig-version.cmake
[9.856s] -- Installing: /home/ozawa/nedo/4w_ws/src/vel_control/install/vel_control/share/vel_control/package.xml
[9.858s] Invoked command in '/home/ozawa/nedo/4w_ws/src/vel_control/build/vel_control' returned '0': CMAKE_PREFIX_PATH=/opt/ros/humble /usr/bin/cmake --install /home/ozawa/nedo/4w_ws/src/vel_control/build/vel_control
