[0.077s] DEBUG:colcon:Command line arguments: ['/usr/bin/colcon', 'build']
[0.077s] DEBUG:colcon:Parsed command line arguments: Namespace(log_base=None, log_level=None, verb_name='build', build_base='build', install_base='install', merge_install=False, symlink_install=False, test_result_base=None, continue_on_error=False, executor='parallel', parallel_workers=16, event_handlers=None, ignore_user_meta=False, metas=['./colcon.meta'], base_paths=['.'], packages_ignore=None, packages_ignore_regex=None, paths=None, packages_up_to=None, packages_up_to_regex=None, packages_above=None, packages_above_and_dependencies=None, packages_above_depth=None, packages_select_by_dep=None, packages_skip_by_dep=None, packages_skip_up_to=None, packages_select_build_failed=False, packages_skip_build_finished=False, packages_select_test_failures=False, packages_skip_test_passed=False, packages_select=None, packages_skip=None, packages_select_regex=None, packages_skip_regex=None, packages_start=None, packages_end=None, allow_overriding=[], cmake_args=None, cmake_target=None, cmake_target_skip_unavailable=False, cmake_clean_cache=False, cmake_clean_first=False, cmake_force_configure=False, ament_cmake_args=None, catkin_cmake_args=None, catkin_skip_building_tests=False, mixin_files=None, mixin=None, verb_parser=<colcon_mixin.mixin.mixin_argument.MixinArgumentDecorator object at 0x7099935325f0>, verb_extension=<colcon_core.verb.build.BuildVerb object at 0x709993531f60>, main=<bound method BuildVerb.main of <colcon_core.verb.build.BuildVerb object at 0x709993531f60>>, mixin_verb=('build',))
[0.217s] Level 1:colcon.colcon_core.package_discovery:discover_packages(colcon_meta) check parameters
[0.217s] Level 1:colcon.colcon_core.package_discovery:discover_packages(recursive) check parameters
[0.217s] Level 1:colcon.colcon_core.package_discovery:discover_packages(ignore) check parameters
[0.217s] Level 1:colcon.colcon_core.package_discovery:discover_packages(path) check parameters
[0.217s] Level 1:colcon.colcon_core.package_discovery:discover_packages(colcon_meta) discover
[0.217s] Level 1:colcon.colcon_core.package_discovery:discover_packages(recursive) discover
[0.217s] INFO:colcon.colcon_core.package_discovery:Crawling recursively for packages in '/home/ozawa/nedo/4w_ws'
[0.217s] Level 1:colcon.colcon_core.package_identification:_identify(.) by extensions ['ignore', 'ignore_ament_install']
[0.217s] Level 1:colcon.colcon_core.package_identification:_identify(.) by extension 'ignore'
[0.217s] Level 1:colcon.colcon_core.package_identification:_identify(.) by extension 'ignore_ament_install'
[0.217s] Level 1:colcon.colcon_core.package_identification:_identify(.) by extensions ['colcon_pkg']
[0.217s] Level 1:colcon.colcon_core.package_identification:_identify(.) by extension 'colcon_pkg'
[0.217s] Level 1:colcon.colcon_core.package_identification:_identify(.) by extensions ['colcon_meta']
[0.217s] Level 1:colcon.colcon_core.package_identification:_identify(.) by extension 'colcon_meta'
[0.217s] Level 1:colcon.colcon_core.package_identification:_identify(.) by extensions ['ros']
[0.217s] Level 1:colcon.colcon_core.package_identification:_identify(.) by extension 'ros'
[0.225s] Level 1:colcon.colcon_core.package_identification:_identify(.) by extensions ['cmake', 'python']
[0.225s] Level 1:colcon.colcon_core.package_identification:_identify(.) by extension 'cmake'
[0.225s] Level 1:colcon.colcon_core.package_identification:_identify(.) by extension 'python'
[0.225s] Level 1:colcon.colcon_core.package_identification:_identify(.) by extensions ['python_setup_py']
[0.225s] Level 1:colcon.colcon_core.package_identification:_identify(.) by extension 'python_setup_py'
[0.225s] Level 1:colcon.colcon_core.package_identification:_identify(build) by extensions ['ignore', 'ignore_ament_install']
[0.225s] Level 1:colcon.colcon_core.package_identification:_identify(build) by extension 'ignore'
[0.225s] Level 1:colcon.colcon_core.package_identification:_identify(build) ignored
[0.225s] Level 1:colcon.colcon_core.package_identification:_identify(install) by extensions ['ignore', 'ignore_ament_install']
[0.225s] Level 1:colcon.colcon_core.package_identification:_identify(install) by extension 'ignore'
[0.225s] Level 1:colcon.colcon_core.package_identification:_identify(install) ignored
[0.226s] Level 1:colcon.colcon_core.package_identification:_identify(log) by extensions ['ignore', 'ignore_ament_install']
[0.226s] Level 1:colcon.colcon_core.package_identification:_identify(log) by extension 'ignore'
[0.226s] Level 1:colcon.colcon_core.package_identification:_identify(log) ignored
[0.226s] Level 1:colcon.colcon_core.package_identification:_identify(src) by extensions ['ignore', 'ignore_ament_install']
[0.226s] Level 1:colcon.colcon_core.package_identification:_identify(src) by extension 'ignore'
[0.226s] Level 1:colcon.colcon_core.package_identification:_identify(src) by extension 'ignore_ament_install'
[0.226s] Level 1:colcon.colcon_core.package_identification:_identify(src) by extensions ['colcon_pkg']
[0.226s] Level 1:colcon.colcon_core.package_identification:_identify(src) by extension 'colcon_pkg'
[0.226s] Level 1:colcon.colcon_core.package_identification:_identify(src) by extensions ['colcon_meta']
[0.226s] Level 1:colcon.colcon_core.package_identification:_identify(src) by extension 'colcon_meta'
[0.226s] Level 1:colcon.colcon_core.package_identification:_identify(src) by extensions ['ros']
[0.226s] Level 1:colcon.colcon_core.package_identification:_identify(src) by extension 'ros'
[0.226s] Level 1:colcon.colcon_core.package_identification:_identify(src) by extensions ['cmake', 'python']
[0.226s] Level 1:colcon.colcon_core.package_identification:_identify(src) by extension 'cmake'
[0.226s] Level 1:colcon.colcon_core.package_identification:_identify(src) by extension 'python'
[0.226s] Level 1:colcon.colcon_core.package_identification:_identify(src) by extensions ['python_setup_py']
[0.226s] Level 1:colcon.colcon_core.package_identification:_identify(src) by extension 'python_setup_py'
[0.226s] Level 1:colcon.colcon_core.package_identification:_identify(src/build) by extensions ['ignore', 'ignore_ament_install']
[0.226s] Level 1:colcon.colcon_core.package_identification:_identify(src/build) by extension 'ignore'
[0.226s] Level 1:colcon.colcon_core.package_identification:_identify(src/build) ignored
[0.226s] Level 1:colcon.colcon_core.package_identification:_identify(src/install) by extensions ['ignore', 'ignore_ament_install']
[0.226s] Level 1:colcon.colcon_core.package_identification:_identify(src/install) by extension 'ignore'
[0.226s] Level 1:colcon.colcon_core.package_identification:_identify(src/install) ignored
[0.226s] Level 1:colcon.colcon_core.package_identification:_identify(src/log) by extensions ['ignore', 'ignore_ament_install']
[0.227s] Level 1:colcon.colcon_core.package_identification:_identify(src/log) by extension 'ignore'
[0.227s] Level 1:colcon.colcon_core.package_identification:_identify(src/log) ignored
[0.227s] Level 1:colcon.colcon_core.package_identification:_identify(src/odom_to_pose) by extensions ['ignore', 'ignore_ament_install']
[0.227s] Level 1:colcon.colcon_core.package_identification:_identify(src/odom_to_pose) by extension 'ignore'
[0.227s] Level 1:colcon.colcon_core.package_identification:_identify(src/odom_to_pose) by extension 'ignore_ament_install'
[0.227s] Level 1:colcon.colcon_core.package_identification:_identify(src/odom_to_pose) by extensions ['colcon_pkg']
[0.227s] Level 1:colcon.colcon_core.package_identification:_identify(src/odom_to_pose) by extension 'colcon_pkg'
[0.227s] Level 1:colcon.colcon_core.package_identification:_identify(src/odom_to_pose) by extensions ['colcon_meta']
[0.227s] Level 1:colcon.colcon_core.package_identification:_identify(src/odom_to_pose) by extension 'colcon_meta'
[0.227s] Level 1:colcon.colcon_core.package_identification:_identify(src/odom_to_pose) by extensions ['ros']
[0.227s] Level 1:colcon.colcon_core.package_identification:_identify(src/odom_to_pose) by extension 'ros'
[0.229s] DEBUG:colcon.colcon_core.package_identification:Package 'src/odom_to_pose' with type 'ros.ament_cmake' and name 'odom_to_pose'
[0.229s] Level 1:colcon.colcon_core.package_identification:_identify(src/target_publisher) by extensions ['ignore', 'ignore_ament_install']
[0.229s] Level 1:colcon.colcon_core.package_identification:_identify(src/target_publisher) by extension 'ignore'
[0.229s] Level 1:colcon.colcon_core.package_identification:_identify(src/target_publisher) by extension 'ignore_ament_install'
[0.229s] Level 1:colcon.colcon_core.package_identification:_identify(src/target_publisher) by extensions ['colcon_pkg']
[0.229s] Level 1:colcon.colcon_core.package_identification:_identify(src/target_publisher) by extension 'colcon_pkg'
[0.229s] Level 1:colcon.colcon_core.package_identification:_identify(src/target_publisher) by extensions ['colcon_meta']
[0.229s] Level 1:colcon.colcon_core.package_identification:_identify(src/target_publisher) by extension 'colcon_meta'
[0.229s] Level 1:colcon.colcon_core.package_identification:_identify(src/target_publisher) by extensions ['ros']
[0.229s] Level 1:colcon.colcon_core.package_identification:_identify(src/target_publisher) by extension 'ros'
[0.229s] DEBUG:colcon.colcon_core.package_identification:Package 'src/target_publisher' with type 'ros.ament_cmake' and name 'target_publisher'
[0.229s] Level 1:colcon.colcon_core.package_identification:_identify(src/vel_control) by extensions ['ignore', 'ignore_ament_install']
[0.229s] Level 1:colcon.colcon_core.package_identification:_identify(src/vel_control) by extension 'ignore'
[0.230s] Level 1:colcon.colcon_core.package_identification:_identify(src/vel_control) by extension 'ignore_ament_install'
[0.230s] Level 1:colcon.colcon_core.package_identification:_identify(src/vel_control) by extensions ['colcon_pkg']
[0.230s] Level 1:colcon.colcon_core.package_identification:_identify(src/vel_control) by extension 'colcon_pkg'
[0.230s] Level 1:colcon.colcon_core.package_identification:_identify(src/vel_control) by extensions ['colcon_meta']
[0.230s] Level 1:colcon.colcon_core.package_identification:_identify(src/vel_control) by extension 'colcon_meta'
[0.230s] Level 1:colcon.colcon_core.package_identification:_identify(src/vel_control) by extensions ['ros']
[0.230s] Level 1:colcon.colcon_core.package_identification:_identify(src/vel_control) by extension 'ros'
[0.230s] DEBUG:colcon.colcon_core.package_identification:Package 'src/vel_control' with type 'ros.ament_cmake' and name 'vel_control'
[0.230s] Level 1:colcon.colcon_core.package_discovery:discover_packages(recursive) using defaults
[0.230s] Level 1:colcon.colcon_core.package_discovery:discover_packages(ignore) discover
[0.230s] Level 1:colcon.colcon_core.package_discovery:discover_packages(ignore) using defaults
[0.230s] Level 1:colcon.colcon_core.package_discovery:discover_packages(path) discover
[0.230s] Level 1:colcon.colcon_core.package_discovery:discover_packages(path) using defaults
[0.256s] Level 1:colcon.colcon_core.package_discovery:discover_packages(prefix_path) check parameters
[0.256s] Level 1:colcon.colcon_core.package_discovery:discover_packages(prefix_path) discover
[0.258s] DEBUG:colcon.colcon_installed_package_information.package_discovery:Found 3 installed packages in /home/ozawa/nedo/4w_ws/install
[0.259s] DEBUG:colcon.colcon_installed_package_information.package_discovery:Found 298 installed packages in /opt/ros/humble
[0.260s] Level 1:colcon.colcon_core.package_discovery:discover_packages(prefix_path) using defaults
[0.298s] Level 5:colcon.colcon_core.verb:set package 'odom_to_pose' build argument 'cmake_args' from command line to 'None'
[0.298s] Level 5:colcon.colcon_core.verb:set package 'odom_to_pose' build argument 'cmake_target' from command line to 'None'
[0.298s] Level 5:colcon.colcon_core.verb:set package 'odom_to_pose' build argument 'cmake_target_skip_unavailable' from command line to 'False'
[0.298s] Level 5:colcon.colcon_core.verb:set package 'odom_to_pose' build argument 'cmake_clean_cache' from command line to 'False'
[0.298s] Level 5:colcon.colcon_core.verb:set package 'odom_to_pose' build argument 'cmake_clean_first' from command line to 'False'
[0.298s] Level 5:colcon.colcon_core.verb:set package 'odom_to_pose' build argument 'cmake_force_configure' from command line to 'False'
[0.298s] Level 5:colcon.colcon_core.verb:set package 'odom_to_pose' build argument 'ament_cmake_args' from command line to 'None'
[0.298s] Level 5:colcon.colcon_core.verb:set package 'odom_to_pose' build argument 'catkin_cmake_args' from command line to 'None'
[0.298s] Level 5:colcon.colcon_core.verb:set package 'odom_to_pose' build argument 'catkin_skip_building_tests' from command line to 'False'
[0.298s] DEBUG:colcon.colcon_core.verb:Building package 'odom_to_pose' with the following arguments: {'ament_cmake_args': None, 'build_base': '/home/ozawa/nedo/4w_ws/build/odom_to_pose', 'catkin_cmake_args': None, 'catkin_skip_building_tests': False, 'cmake_args': None, 'cmake_clean_cache': False, 'cmake_clean_first': False, 'cmake_force_configure': False, 'cmake_target': None, 'cmake_target_skip_unavailable': False, 'install_base': '/home/ozawa/nedo/4w_ws/install/odom_to_pose', 'merge_install': False, 'path': '/home/ozawa/nedo/4w_ws/src/odom_to_pose', 'symlink_install': False, 'test_result_base': None}
[0.298s] Level 5:colcon.colcon_core.verb:set package 'target_publisher' build argument 'cmake_args' from command line to 'None'
[0.298s] Level 5:colcon.colcon_core.verb:set package 'target_publisher' build argument 'cmake_target' from command line to 'None'
[0.298s] Level 5:colcon.colcon_core.verb:set package 'target_publisher' build argument 'cmake_target_skip_unavailable' from command line to 'False'
[0.298s] Level 5:colcon.colcon_core.verb:set package 'target_publisher' build argument 'cmake_clean_cache' from command line to 'False'
[0.298s] Level 5:colcon.colcon_core.verb:set package 'target_publisher' build argument 'cmake_clean_first' from command line to 'False'
[0.298s] Level 5:colcon.colcon_core.verb:set package 'target_publisher' build argument 'cmake_force_configure' from command line to 'False'
[0.298s] Level 5:colcon.colcon_core.verb:set package 'target_publisher' build argument 'ament_cmake_args' from command line to 'None'
[0.298s] Level 5:colcon.colcon_core.verb:set package 'target_publisher' build argument 'catkin_cmake_args' from command line to 'None'
[0.298s] Level 5:colcon.colcon_core.verb:set package 'target_publisher' build argument 'catkin_skip_building_tests' from command line to 'False'
[0.298s] DEBUG:colcon.colcon_core.verb:Building package 'target_publisher' with the following arguments: {'ament_cmake_args': None, 'build_base': '/home/ozawa/nedo/4w_ws/build/target_publisher', 'catkin_cmake_args': None, 'catkin_skip_building_tests': False, 'cmake_args': None, 'cmake_clean_cache': False, 'cmake_clean_first': False, 'cmake_force_configure': False, 'cmake_target': None, 'cmake_target_skip_unavailable': False, 'install_base': '/home/ozawa/nedo/4w_ws/install/target_publisher', 'merge_install': False, 'path': '/home/ozawa/nedo/4w_ws/src/target_publisher', 'symlink_install': False, 'test_result_base': None}
[0.299s] Level 5:colcon.colcon_core.verb:set package 'vel_control' build argument 'cmake_args' from command line to 'None'
[0.299s] Level 5:colcon.colcon_core.verb:set package 'vel_control' build argument 'cmake_target' from command line to 'None'
[0.299s] Level 5:colcon.colcon_core.verb:set package 'vel_control' build argument 'cmake_target_skip_unavailable' from command line to 'False'
[0.299s] Level 5:colcon.colcon_core.verb:set package 'vel_control' build argument 'cmake_clean_cache' from command line to 'False'
[0.299s] Level 5:colcon.colcon_core.verb:set package 'vel_control' build argument 'cmake_clean_first' from command line to 'False'
[0.299s] Level 5:colcon.colcon_core.verb:set package 'vel_control' build argument 'cmake_force_configure' from command line to 'False'
[0.299s] Level 5:colcon.colcon_core.verb:set package 'vel_control' build argument 'ament_cmake_args' from command line to 'None'
[0.299s] Level 5:colcon.colcon_core.verb:set package 'vel_control' build argument 'catkin_cmake_args' from command line to 'None'
[0.299s] Level 5:colcon.colcon_core.verb:set package 'vel_control' build argument 'catkin_skip_building_tests' from command line to 'False'
[0.299s] DEBUG:colcon.colcon_core.verb:Building package 'vel_control' with the following arguments: {'ament_cmake_args': None, 'build_base': '/home/ozawa/nedo/4w_ws/build/vel_control', 'catkin_cmake_args': None, 'catkin_skip_building_tests': False, 'cmake_args': None, 'cmake_clean_cache': False, 'cmake_clean_first': False, 'cmake_force_configure': False, 'cmake_target': None, 'cmake_target_skip_unavailable': False, 'install_base': '/home/ozawa/nedo/4w_ws/install/vel_control', 'merge_install': False, 'path': '/home/ozawa/nedo/4w_ws/src/vel_control', 'symlink_install': False, 'test_result_base': None}
[0.299s] INFO:colcon.colcon_core.executor:Executing jobs using 'parallel' executor
[0.300s] DEBUG:colcon.colcon_parallel_executor.executor.parallel:run_until_complete
[0.300s] INFO:colcon.colcon_ros.task.ament_cmake.build:Building ROS package in '/home/ozawa/nedo/4w_ws/src/odom_to_pose' with build type 'ament_cmake'
[0.300s] INFO:colcon.colcon_cmake.task.cmake.build:Building CMake package in '/home/ozawa/nedo/4w_ws/src/odom_to_pose'
[0.302s] INFO:colcon.colcon_core.plugin_system:Skipping extension 'colcon_core.shell.bat': Not used on non-Windows systems
[0.302s] INFO:colcon.colcon_core.shell:Skip shell extension 'powershell' for command environment: Not usable outside of PowerShell
[0.302s] DEBUG:colcon.colcon_core.shell:Skip shell extension 'dsv' for command environment
[0.305s] INFO:colcon.colcon_ros.task.ament_cmake.build:Building ROS package in '/home/ozawa/nedo/4w_ws/src/target_publisher' with build type 'ament_cmake'
[0.305s] INFO:colcon.colcon_cmake.task.cmake.build:Building CMake package in '/home/ozawa/nedo/4w_ws/src/target_publisher'
[0.305s] INFO:colcon.colcon_core.shell:Skip shell extension 'powershell' for command environment: Not usable outside of PowerShell
[0.305s] DEBUG:colcon.colcon_core.shell:Skip shell extension 'dsv' for command environment
[0.308s] INFO:colcon.colcon_ros.task.ament_cmake.build:Building ROS package in '/home/ozawa/nedo/4w_ws/src/vel_control' with build type 'ament_cmake'
[0.308s] INFO:colcon.colcon_cmake.task.cmake.build:Building CMake package in '/home/ozawa/nedo/4w_ws/src/vel_control'
[0.308s] INFO:colcon.colcon_core.shell:Skip shell extension 'powershell' for command environment: Not usable outside of PowerShell
[0.308s] DEBUG:colcon.colcon_core.shell:Skip shell extension 'dsv' for command environment
[0.315s] DEBUG:colcon.colcon_core.event_handler.log_command:Invoking command in '/home/ozawa/nedo/4w_ws/build/odom_to_pose': CMAKE_PREFIX_PATH=${CMAKE_PREFIX_PATH}:/opt/ros/humble /usr/bin/cmake --build /home/ozawa/nedo/4w_ws/build/odom_to_pose -- -j16 -l16
[0.318s] DEBUG:colcon.colcon_core.event_handler.log_command:Invoking command in '/home/ozawa/nedo/4w_ws/build/target_publisher': CMAKE_PREFIX_PATH=${CMAKE_PREFIX_PATH}:/opt/ros/humble /usr/bin/cmake --build /home/ozawa/nedo/4w_ws/build/target_publisher -- -j16 -l16
[0.321s] DEBUG:colcon.colcon_core.event_handler.log_command:Invoking command in '/home/ozawa/nedo/4w_ws/build/vel_control': CMAKE_PREFIX_PATH=${CMAKE_PREFIX_PATH}:/opt/ros/humble /usr/bin/cmake --build /home/ozawa/nedo/4w_ws/build/vel_control -- -j16 -l16
[0.386s] DEBUG:colcon.colcon_core.event_handler.log_command:Invoked command in '/home/ozawa/nedo/4w_ws/build/odom_to_pose' returned '0': CMAKE_PREFIX_PATH=${CMAKE_PREFIX_PATH}:/opt/ros/humble /usr/bin/cmake --build /home/ozawa/nedo/4w_ws/build/odom_to_pose -- -j16 -l16
[0.423s] DEBUG:colcon.colcon_core.event_handler.log_command:Invoking command in '/home/ozawa/nedo/4w_ws/build/odom_to_pose': CMAKE_PREFIX_PATH=${CMAKE_PREFIX_PATH}:/opt/ros/humble /usr/bin/cmake --install /home/ozawa/nedo/4w_ws/build/odom_to_pose
[0.434s] Level 1:colcon.colcon_core.environment:create_environment_scripts_only(odom_to_pose)
[0.434s] DEBUG:colcon.colcon_core.event_handler.log_command:Invoked command in '/home/ozawa/nedo/4w_ws/build/odom_to_pose' returned '0': CMAKE_PREFIX_PATH=${CMAKE_PREFIX_PATH}:/opt/ros/humble /usr/bin/cmake --install /home/ozawa/nedo/4w_ws/build/odom_to_pose
[0.436s] Level 1:colcon.colcon_core.environment:checking '/home/ozawa/nedo/4w_ws/install/odom_to_pose' for CMake module files
[0.437s] Level 1:colcon.colcon_core.environment:checking '/home/ozawa/nedo/4w_ws/install/odom_to_pose' for CMake config files
[0.437s] Level 1:colcon.colcon_core.shell:create_environment_hook('odom_to_pose', 'cmake_prefix_path')
[0.437s] INFO:colcon.colcon_core.shell:Creating environment hook '/home/ozawa/nedo/4w_ws/install/odom_to_pose/share/odom_to_pose/hook/cmake_prefix_path.ps1'
[0.438s] INFO:colcon.colcon_core.shell:Creating environment descriptor '/home/ozawa/nedo/4w_ws/install/odom_to_pose/share/odom_to_pose/hook/cmake_prefix_path.dsv'
[0.438s] INFO:colcon.colcon_core.shell:Creating environment hook '/home/ozawa/nedo/4w_ws/install/odom_to_pose/share/odom_to_pose/hook/cmake_prefix_path.sh'
[0.439s] Level 1:colcon.colcon_core.environment:checking '/home/ozawa/nedo/4w_ws/install/odom_to_pose/lib'
[0.439s] Level 1:colcon.colcon_core.environment:checking '/home/ozawa/nedo/4w_ws/install/odom_to_pose/bin'
[0.439s] Level 1:colcon.colcon_core.environment:checking '/home/ozawa/nedo/4w_ws/install/odom_to_pose/lib/pkgconfig/odom_to_pose.pc'
[0.439s] Level 1:colcon.colcon_core.environment:checking '/home/ozawa/nedo/4w_ws/install/odom_to_pose/lib/python3.10/site-packages'
[0.439s] Level 1:colcon.colcon_core.environment:checking '/home/ozawa/nedo/4w_ws/install/odom_to_pose/bin'
[0.439s] INFO:colcon.colcon_core.shell:Creating package script '/home/ozawa/nedo/4w_ws/install/odom_to_pose/share/odom_to_pose/package.ps1'
[0.440s] INFO:colcon.colcon_core.shell:Creating package descriptor '/home/ozawa/nedo/4w_ws/install/odom_to_pose/share/odom_to_pose/package.dsv'
[0.440s] INFO:colcon.colcon_core.shell:Creating package script '/home/ozawa/nedo/4w_ws/install/odom_to_pose/share/odom_to_pose/package.sh'
[0.441s] INFO:colcon.colcon_core.shell:Creating package script '/home/ozawa/nedo/4w_ws/install/odom_to_pose/share/odom_to_pose/package.bash'
[0.441s] INFO:colcon.colcon_core.shell:Creating package script '/home/ozawa/nedo/4w_ws/install/odom_to_pose/share/odom_to_pose/package.zsh'
[0.442s] Level 1:colcon.colcon_core.environment:create_file_with_runtime_dependencies(/home/ozawa/nedo/4w_ws/install/odom_to_pose/share/colcon-core/packages/odom_to_pose)
[0.468s] Level 1:colcon.colcon_core.environment:create_environment_scripts_only(odom_to_pose)
[0.469s] Level 1:colcon.colcon_core.environment:checking '/home/ozawa/nedo/4w_ws/install/odom_to_pose' for CMake module files
[0.469s] Level 1:colcon.colcon_core.environment:checking '/home/ozawa/nedo/4w_ws/install/odom_to_pose' for CMake config files
[0.470s] Level 1:colcon.colcon_core.shell:create_environment_hook('odom_to_pose', 'cmake_prefix_path')
[0.470s] INFO:colcon.colcon_core.shell:Creating environment hook '/home/ozawa/nedo/4w_ws/install/odom_to_pose/share/odom_to_pose/hook/cmake_prefix_path.ps1'
[0.470s] INFO:colcon.colcon_core.shell:Creating environment descriptor '/home/ozawa/nedo/4w_ws/install/odom_to_pose/share/odom_to_pose/hook/cmake_prefix_path.dsv'
[0.471s] INFO:colcon.colcon_core.shell:Creating environment hook '/home/ozawa/nedo/4w_ws/install/odom_to_pose/share/odom_to_pose/hook/cmake_prefix_path.sh'
[0.471s] Level 1:colcon.colcon_core.environment:checking '/home/ozawa/nedo/4w_ws/install/odom_to_pose/lib'
[0.471s] Level 1:colcon.colcon_core.environment:checking '/home/ozawa/nedo/4w_ws/install/odom_to_pose/bin'
[0.472s] Level 1:colcon.colcon_core.environment:checking '/home/ozawa/nedo/4w_ws/install/odom_to_pose/lib/pkgconfig/odom_to_pose.pc'
[0.472s] Level 1:colcon.colcon_core.environment:checking '/home/ozawa/nedo/4w_ws/install/odom_to_pose/lib/python3.10/site-packages'
[0.472s] Level 1:colcon.colcon_core.environment:checking '/home/ozawa/nedo/4w_ws/install/odom_to_pose/bin'
[0.472s] INFO:colcon.colcon_core.shell:Creating package script '/home/ozawa/nedo/4w_ws/install/odom_to_pose/share/odom_to_pose/package.ps1'
[0.473s] INFO:colcon.colcon_core.shell:Creating package descriptor '/home/ozawa/nedo/4w_ws/install/odom_to_pose/share/odom_to_pose/package.dsv'
[0.473s] INFO:colcon.colcon_core.shell:Creating package script '/home/ozawa/nedo/4w_ws/install/odom_to_pose/share/odom_to_pose/package.sh'
[0.474s] INFO:colcon.colcon_core.shell:Creating package script '/home/ozawa/nedo/4w_ws/install/odom_to_pose/share/odom_to_pose/package.bash'
[0.474s] INFO:colcon.colcon_core.shell:Creating package script '/home/ozawa/nedo/4w_ws/install/odom_to_pose/share/odom_to_pose/package.zsh'
[0.475s] Level 1:colcon.colcon_core.environment:create_file_with_runtime_dependencies(/home/ozawa/nedo/4w_ws/install/odom_to_pose/share/colcon-core/packages/odom_to_pose)
[4.183s] DEBUG:colcon.colcon_core.event_handler.log_command:Invoked command in '/home/ozawa/nedo/4w_ws/build/target_publisher' returned '0': CMAKE_PREFIX_PATH=${CMAKE_PREFIX_PATH}:/opt/ros/humble /usr/bin/cmake --build /home/ozawa/nedo/4w_ws/build/target_publisher -- -j16 -l16
[4.207s] DEBUG:colcon.colcon_core.event_handler.log_command:Invoking command in '/home/ozawa/nedo/4w_ws/build/target_publisher': CMAKE_PREFIX_PATH=${CMAKE_PREFIX_PATH}:/opt/ros/humble /usr/bin/cmake --install /home/ozawa/nedo/4w_ws/build/target_publisher
[4.218s] Level 1:colcon.colcon_core.environment:create_environment_scripts_only(target_publisher)
[4.218s] Level 1:colcon.colcon_core.environment:checking '/home/ozawa/nedo/4w_ws/install/target_publisher' for CMake module files
[4.219s] DEBUG:colcon.colcon_core.event_handler.log_command:Invoked command in '/home/ozawa/nedo/4w_ws/build/target_publisher' returned '0': CMAKE_PREFIX_PATH=${CMAKE_PREFIX_PATH}:/opt/ros/humble /usr/bin/cmake --install /home/ozawa/nedo/4w_ws/build/target_publisher
[4.219s] Level 1:colcon.colcon_core.environment:checking '/home/ozawa/nedo/4w_ws/install/target_publisher' for CMake config files
[4.219s] Level 1:colcon.colcon_core.shell:create_environment_hook('target_publisher', 'cmake_prefix_path')
[4.220s] INFO:colcon.colcon_core.shell:Creating environment hook '/home/ozawa/nedo/4w_ws/install/target_publisher/share/target_publisher/hook/cmake_prefix_path.ps1'
[4.220s] INFO:colcon.colcon_core.shell:Creating environment descriptor '/home/ozawa/nedo/4w_ws/install/target_publisher/share/target_publisher/hook/cmake_prefix_path.dsv'
[4.220s] INFO:colcon.colcon_core.shell:Creating environment hook '/home/ozawa/nedo/4w_ws/install/target_publisher/share/target_publisher/hook/cmake_prefix_path.sh'
[4.221s] Level 1:colcon.colcon_core.environment:checking '/home/ozawa/nedo/4w_ws/install/target_publisher/lib'
[4.221s] Level 1:colcon.colcon_core.environment:checking '/home/ozawa/nedo/4w_ws/install/target_publisher/bin'
[4.221s] Level 1:colcon.colcon_core.environment:checking '/home/ozawa/nedo/4w_ws/install/target_publisher/lib/pkgconfig/target_publisher.pc'
[4.221s] Level 1:colcon.colcon_core.environment:checking '/home/ozawa/nedo/4w_ws/install/target_publisher/lib/python3.10/site-packages'
[4.221s] Level 1:colcon.colcon_core.environment:checking '/home/ozawa/nedo/4w_ws/install/target_publisher/bin'
[4.221s] INFO:colcon.colcon_core.shell:Creating package script '/home/ozawa/nedo/4w_ws/install/target_publisher/share/target_publisher/package.ps1'
[4.221s] INFO:colcon.colcon_core.shell:Creating package descriptor '/home/ozawa/nedo/4w_ws/install/target_publisher/share/target_publisher/package.dsv'
[4.222s] INFO:colcon.colcon_core.shell:Creating package script '/home/ozawa/nedo/4w_ws/install/target_publisher/share/target_publisher/package.sh'
[4.222s] INFO:colcon.colcon_core.shell:Creating package script '/home/ozawa/nedo/4w_ws/install/target_publisher/share/target_publisher/package.bash'
[4.222s] INFO:colcon.colcon_core.shell:Creating package script '/home/ozawa/nedo/4w_ws/install/target_publisher/share/target_publisher/package.zsh'
[4.223s] Level 1:colcon.colcon_core.environment:create_file_with_runtime_dependencies(/home/ozawa/nedo/4w_ws/install/target_publisher/share/colcon-core/packages/target_publisher)
[4.246s] Level 1:colcon.colcon_core.environment:create_environment_scripts_only(target_publisher)
[4.246s] Level 1:colcon.colcon_core.environment:checking '/home/ozawa/nedo/4w_ws/install/target_publisher' for CMake module files
[4.247s] Level 1:colcon.colcon_core.environment:checking '/home/ozawa/nedo/4w_ws/install/target_publisher' for CMake config files
[4.247s] Level 1:colcon.colcon_core.shell:create_environment_hook('target_publisher', 'cmake_prefix_path')
[4.247s] INFO:colcon.colcon_core.shell:Creating environment hook '/home/ozawa/nedo/4w_ws/install/target_publisher/share/target_publisher/hook/cmake_prefix_path.ps1'
[4.247s] INFO:colcon.colcon_core.shell:Creating environment descriptor '/home/ozawa/nedo/4w_ws/install/target_publisher/share/target_publisher/hook/cmake_prefix_path.dsv'
[4.248s] INFO:colcon.colcon_core.shell:Creating environment hook '/home/ozawa/nedo/4w_ws/install/target_publisher/share/target_publisher/hook/cmake_prefix_path.sh'
[4.248s] Level 1:colcon.colcon_core.environment:checking '/home/ozawa/nedo/4w_ws/install/target_publisher/lib'
[4.248s] Level 1:colcon.colcon_core.environment:checking '/home/ozawa/nedo/4w_ws/install/target_publisher/bin'
[4.248s] Level 1:colcon.colcon_core.environment:checking '/home/ozawa/nedo/4w_ws/install/target_publisher/lib/pkgconfig/target_publisher.pc'
[4.248s] Level 1:colcon.colcon_core.environment:checking '/home/ozawa/nedo/4w_ws/install/target_publisher/lib/python3.10/site-packages'
[4.248s] Level 1:colcon.colcon_core.environment:checking '/home/ozawa/nedo/4w_ws/install/target_publisher/bin'
[4.248s] INFO:colcon.colcon_core.shell:Creating package script '/home/ozawa/nedo/4w_ws/install/target_publisher/share/target_publisher/package.ps1'
[4.249s] INFO:colcon.colcon_core.shell:Creating package descriptor '/home/ozawa/nedo/4w_ws/install/target_publisher/share/target_publisher/package.dsv'
[4.249s] INFO:colcon.colcon_core.shell:Creating package script '/home/ozawa/nedo/4w_ws/install/target_publisher/share/target_publisher/package.sh'
[4.249s] INFO:colcon.colcon_core.shell:Creating package script '/home/ozawa/nedo/4w_ws/install/target_publisher/share/target_publisher/package.bash'
[4.250s] INFO:colcon.colcon_core.shell:Creating package script '/home/ozawa/nedo/4w_ws/install/target_publisher/share/target_publisher/package.zsh'
[4.250s] Level 1:colcon.colcon_core.environment:create_file_with_runtime_dependencies(/home/ozawa/nedo/4w_ws/install/target_publisher/share/colcon-core/packages/target_publisher)
[9.113s] DEBUG:colcon.colcon_core.event_handler.log_command:Invoked command in '/home/ozawa/nedo/4w_ws/build/vel_control' returned '0': CMAKE_PREFIX_PATH=${CMAKE_PREFIX_PATH}:/opt/ros/humble /usr/bin/cmake --build /home/ozawa/nedo/4w_ws/build/vel_control -- -j16 -l16
[9.137s] DEBUG:colcon.colcon_core.event_handler.log_command:Invoking command in '/home/ozawa/nedo/4w_ws/build/vel_control': CMAKE_PREFIX_PATH=${CMAKE_PREFIX_PATH}:/opt/ros/humble /usr/bin/cmake --install /home/ozawa/nedo/4w_ws/build/vel_control
[9.150s] Level 1:colcon.colcon_core.environment:create_environment_scripts_only(vel_control)
[9.151s] Level 1:colcon.colcon_core.environment:checking '/home/ozawa/nedo/4w_ws/install/vel_control' for CMake module files
[9.151s] DEBUG:colcon.colcon_core.event_handler.log_command:Invoked command in '/home/ozawa/nedo/4w_ws/build/vel_control' returned '0': CMAKE_PREFIX_PATH=${CMAKE_PREFIX_PATH}:/opt/ros/humble /usr/bin/cmake --install /home/ozawa/nedo/4w_ws/build/vel_control
[9.151s] Level 1:colcon.colcon_core.environment:checking '/home/ozawa/nedo/4w_ws/install/vel_control' for CMake config files
[9.152s] Level 1:colcon.colcon_core.shell:create_environment_hook('vel_control', 'cmake_prefix_path')
[9.152s] INFO:colcon.colcon_core.shell:Creating environment hook '/home/ozawa/nedo/4w_ws/install/vel_control/share/vel_control/hook/cmake_prefix_path.ps1'
[9.152s] INFO:colcon.colcon_core.shell:Creating environment descriptor '/home/ozawa/nedo/4w_ws/install/vel_control/share/vel_control/hook/cmake_prefix_path.dsv'
[9.152s] INFO:colcon.colcon_core.shell:Creating environment hook '/home/ozawa/nedo/4w_ws/install/vel_control/share/vel_control/hook/cmake_prefix_path.sh'
[9.153s] Level 1:colcon.colcon_core.environment:checking '/home/ozawa/nedo/4w_ws/install/vel_control/lib'
[9.153s] Level 1:colcon.colcon_core.environment:checking '/home/ozawa/nedo/4w_ws/install/vel_control/bin'
[9.153s] Level 1:colcon.colcon_core.environment:checking '/home/ozawa/nedo/4w_ws/install/vel_control/lib/pkgconfig/vel_control.pc'
[9.153s] Level 1:colcon.colcon_core.environment:checking '/home/ozawa/nedo/4w_ws/install/vel_control/lib/python3.10/site-packages'
[9.153s] Level 1:colcon.colcon_core.environment:checking '/home/ozawa/nedo/4w_ws/install/vel_control/bin'
[9.153s] INFO:colcon.colcon_core.shell:Creating package script '/home/ozawa/nedo/4w_ws/install/vel_control/share/vel_control/package.ps1'
[9.154s] INFO:colcon.colcon_core.shell:Creating package descriptor '/home/ozawa/nedo/4w_ws/install/vel_control/share/vel_control/package.dsv'
[9.154s] INFO:colcon.colcon_core.shell:Creating package script '/home/ozawa/nedo/4w_ws/install/vel_control/share/vel_control/package.sh'
[9.154s] INFO:colcon.colcon_core.shell:Creating package script '/home/ozawa/nedo/4w_ws/install/vel_control/share/vel_control/package.bash'
[9.155s] INFO:colcon.colcon_core.shell:Creating package script '/home/ozawa/nedo/4w_ws/install/vel_control/share/vel_control/package.zsh'
[9.155s] Level 1:colcon.colcon_core.environment:create_file_with_runtime_dependencies(/home/ozawa/nedo/4w_ws/install/vel_control/share/colcon-core/packages/vel_control)
[9.181s] Level 1:colcon.colcon_core.environment:create_environment_scripts_only(vel_control)
[9.182s] Level 1:colcon.colcon_core.environment:checking '/home/ozawa/nedo/4w_ws/install/vel_control' for CMake module files
[9.182s] Level 1:colcon.colcon_core.environment:checking '/home/ozawa/nedo/4w_ws/install/vel_control' for CMake config files
[9.183s] Level 1:colcon.colcon_core.shell:create_environment_hook('vel_control', 'cmake_prefix_path')
[9.183s] INFO:colcon.colcon_core.shell:Creating environment hook '/home/ozawa/nedo/4w_ws/install/vel_control/share/vel_control/hook/cmake_prefix_path.ps1'
[9.183s] INFO:colcon.colcon_core.shell:Creating environment descriptor '/home/ozawa/nedo/4w_ws/install/vel_control/share/vel_control/hook/cmake_prefix_path.dsv'
[9.183s] INFO:colcon.colcon_core.shell:Creating environment hook '/home/ozawa/nedo/4w_ws/install/vel_control/share/vel_control/hook/cmake_prefix_path.sh'
[9.184s] Level 1:colcon.colcon_core.environment:checking '/home/ozawa/nedo/4w_ws/install/vel_control/lib'
[9.184s] Level 1:colcon.colcon_core.environment:checking '/home/ozawa/nedo/4w_ws/install/vel_control/bin'
[9.184s] Level 1:colcon.colcon_core.environment:checking '/home/ozawa/nedo/4w_ws/install/vel_control/lib/pkgconfig/vel_control.pc'
[9.184s] Level 1:colcon.colcon_core.environment:checking '/home/ozawa/nedo/4w_ws/install/vel_control/lib/python3.10/site-packages'
[9.184s] Level 1:colcon.colcon_core.environment:checking '/home/ozawa/nedo/4w_ws/install/vel_control/bin'
[9.184s] INFO:colcon.colcon_core.shell:Creating package script '/home/ozawa/nedo/4w_ws/install/vel_control/share/vel_control/package.ps1'
[9.185s] INFO:colcon.colcon_core.shell:Creating package descriptor '/home/ozawa/nedo/4w_ws/install/vel_control/share/vel_control/package.dsv'
[9.185s] INFO:colcon.colcon_core.shell:Creating package script '/home/ozawa/nedo/4w_ws/install/vel_control/share/vel_control/package.sh'
[9.185s] INFO:colcon.colcon_core.shell:Creating package script '/home/ozawa/nedo/4w_ws/install/vel_control/share/vel_control/package.bash'
[9.186s] INFO:colcon.colcon_core.shell:Creating package script '/home/ozawa/nedo/4w_ws/install/vel_control/share/vel_control/package.zsh'
[9.186s] Level 1:colcon.colcon_core.environment:create_file_with_runtime_dependencies(/home/ozawa/nedo/4w_ws/install/vel_control/share/colcon-core/packages/vel_control)
[9.186s] DEBUG:colcon.colcon_parallel_executor.executor.parallel:closing loop
[9.186s] DEBUG:colcon.colcon_parallel_executor.executor.parallel:loop closed
[9.186s] DEBUG:colcon.colcon_parallel_executor.executor.parallel:run_until_complete finished with '0'
[9.186s] DEBUG:colcon.colcon_core.event_reactor:joining thread
[9.190s] INFO:colcon.colcon_core.plugin_system:Skipping extension 'colcon_notification.desktop_notification.terminal_notifier': Not used on non-Darwin systems
[9.190s] INFO:colcon.colcon_core.plugin_system:Skipping extension 'colcon_notification.desktop_notification.win32': Not used on non-Windows systems
[9.191s] INFO:colcon.colcon_notification.desktop_notification:Sending desktop notification using 'notify2'
[9.199s] DEBUG:colcon.colcon_core.event_reactor:joined thread
[9.200s] INFO:colcon.colcon_core.shell:Creating prefix script '/home/ozawa/nedo/4w_ws/install/local_setup.ps1'
[9.201s] INFO:colcon.colcon_core.shell:Creating prefix util module '/home/ozawa/nedo/4w_ws/install/_local_setup_util_ps1.py'
[9.201s] INFO:colcon.colcon_core.shell:Creating prefix chain script '/home/ozawa/nedo/4w_ws/install/setup.ps1'
[9.202s] INFO:colcon.colcon_core.shell:Creating prefix script '/home/ozawa/nedo/4w_ws/install/local_setup.sh'
[9.203s] INFO:colcon.colcon_core.shell:Creating prefix util module '/home/ozawa/nedo/4w_ws/install/_local_setup_util_sh.py'
[9.203s] INFO:colcon.colcon_core.shell:Creating prefix chain script '/home/ozawa/nedo/4w_ws/install/setup.sh'
[9.204s] INFO:colcon.colcon_core.shell:Creating prefix script '/home/ozawa/nedo/4w_ws/install/local_setup.bash'
[9.204s] INFO:colcon.colcon_core.shell:Creating prefix chain script '/home/ozawa/nedo/4w_ws/install/setup.bash'
[9.205s] INFO:colcon.colcon_core.shell:Creating prefix script '/home/ozawa/nedo/4w_ws/install/local_setup.zsh'
[9.205s] INFO:colcon.colcon_core.shell:Creating prefix chain script '/home/ozawa/nedo/4w_ws/install/setup.zsh'
