[0.078s] DEBUG:colcon:Command line arguments: ['/usr/bin/colcon', 'build']
[0.078s] DEBUG:colcon:Parsed command line arguments: Namespace(log_base=None, log_level=None, verb_name='build', build_base='build', install_base='install', merge_install=False, symlink_install=False, test_result_base=None, continue_on_error=False, executor='parallel', parallel_workers=16, event_handlers=None, ignore_user_meta=False, metas=['./colcon.meta'], base_paths=['.'], packages_ignore=None, packages_ignore_regex=None, paths=None, packages_up_to=None, packages_up_to_regex=None, packages_above=None, packages_above_and_dependencies=None, packages_above_depth=None, packages_select_by_dep=None, packages_skip_by_dep=None, packages_skip_up_to=None, packages_select_build_failed=False, packages_skip_build_finished=False, packages_select_test_failures=False, packages_skip_test_passed=False, packages_select=None, packages_skip=None, packages_select_regex=None, packages_skip_regex=None, packages_start=None, packages_end=None, allow_overriding=[], cmake_args=None, cmake_target=None, cmake_target_skip_unavailable=False, cmake_clean_cache=False, cmake_clean_first=False, cmake_force_configure=False, ament_cmake_args=None, catkin_cmake_args=None, catkin_skip_building_tests=False, mixin_files=None, mixin=None, verb_parser=<colcon_mixin.mixin.mixin_argument.MixinArgumentDecorator object at 0x724c0b24a020>, verb_extension=<colcon_core.verb.build.BuildVerb object at 0x724c0b249990>, main=<bound method BuildVerb.main of <colcon_core.verb.build.BuildVerb object at 0x724c0b249990>>, mixin_verb=('build',))
[0.225s] Level 1:colcon.colcon_core.package_discovery:discover_packages(colcon_meta) check parameters
[0.225s] Level 1:colcon.colcon_core.package_discovery:discover_packages(recursive) check parameters
[0.226s] Level 1:colcon.colcon_core.package_discovery:discover_packages(ignore) check parameters
[0.226s] Level 1:colcon.colcon_core.package_discovery:discover_packages(path) check parameters
[0.226s] Level 1:colcon.colcon_core.package_discovery:discover_packages(colcon_meta) discover
[0.226s] Level 1:colcon.colcon_core.package_discovery:discover_packages(recursive) discover
[0.226s] INFO:colcon.colcon_core.package_discovery:Crawling recursively for packages in '/home/ozawa/nedo/4w_ws'
[0.226s] Level 1:colcon.colcon_core.package_identification:_identify(.) by extensions ['ignore', 'ignore_ament_install']
[0.226s] Level 1:colcon.colcon_core.package_identification:_identify(.) by extension 'ignore'
[0.226s] Level 1:colcon.colcon_core.package_identification:_identify(.) by extension 'ignore_ament_install'
[0.226s] Level 1:colcon.colcon_core.package_identification:_identify(.) by extensions ['colcon_pkg']
[0.226s] Level 1:colcon.colcon_core.package_identification:_identify(.) by extension 'colcon_pkg'
[0.226s] Level 1:colcon.colcon_core.package_identification:_identify(.) by extensions ['colcon_meta']
[0.226s] Level 1:colcon.colcon_core.package_identification:_identify(.) by extension 'colcon_meta'
[0.226s] Level 1:colcon.colcon_core.package_identification:_identify(.) by extensions ['ros']
[0.226s] Level 1:colcon.colcon_core.package_identification:_identify(.) by extension 'ros'
[0.234s] Level 1:colcon.colcon_core.package_identification:_identify(.) by extensions ['cmake', 'python']
[0.234s] Level 1:colcon.colcon_core.package_identification:_identify(.) by extension 'cmake'
[0.234s] Level 1:colcon.colcon_core.package_identification:_identify(.) by extension 'python'
[0.234s] Level 1:colcon.colcon_core.package_identification:_identify(.) by extensions ['python_setup_py']
[0.234s] Level 1:colcon.colcon_core.package_identification:_identify(.) by extension 'python_setup_py'
[0.234s] Level 1:colcon.colcon_core.package_identification:_identify(build) by extensions ['ignore', 'ignore_ament_install']
[0.234s] Level 1:colcon.colcon_core.package_identification:_identify(build) by extension 'ignore'
[0.234s] Level 1:colcon.colcon_core.package_identification:_identify(build) ignored
[0.234s] Level 1:colcon.colcon_core.package_identification:_identify(install) by extensions ['ignore', 'ignore_ament_install']
[0.234s] Level 1:colcon.colcon_core.package_identification:_identify(install) by extension 'ignore'
[0.234s] Level 1:colcon.colcon_core.package_identification:_identify(install) ignored
[0.235s] Level 1:colcon.colcon_core.package_identification:_identify(log) by extensions ['ignore', 'ignore_ament_install']
[0.235s] Level 1:colcon.colcon_core.package_identification:_identify(log) by extension 'ignore'
[0.235s] Level 1:colcon.colcon_core.package_identification:_identify(log) ignored
[0.235s] Level 1:colcon.colcon_core.package_identification:_identify(src) by extensions ['ignore', 'ignore_ament_install']
[0.235s] Level 1:colcon.colcon_core.package_identification:_identify(src) by extension 'ignore'
[0.235s] Level 1:colcon.colcon_core.package_identification:_identify(src) by extension 'ignore_ament_install'
[0.235s] Level 1:colcon.colcon_core.package_identification:_identify(src) by extensions ['colcon_pkg']
[0.235s] Level 1:colcon.colcon_core.package_identification:_identify(src) by extension 'colcon_pkg'
[0.235s] Level 1:colcon.colcon_core.package_identification:_identify(src) by extensions ['colcon_meta']
[0.235s] Level 1:colcon.colcon_core.package_identification:_identify(src) by extension 'colcon_meta'
[0.235s] Level 1:colcon.colcon_core.package_identification:_identify(src) by extensions ['ros']
[0.235s] Level 1:colcon.colcon_core.package_identification:_identify(src) by extension 'ros'
[0.235s] Level 1:colcon.colcon_core.package_identification:_identify(src) by extensions ['cmake', 'python']
[0.235s] Level 1:colcon.colcon_core.package_identification:_identify(src) by extension 'cmake'
[0.235s] Level 1:colcon.colcon_core.package_identification:_identify(src) by extension 'python'
[0.235s] Level 1:colcon.colcon_core.package_identification:_identify(src) by extensions ['python_setup_py']
[0.235s] Level 1:colcon.colcon_core.package_identification:_identify(src) by extension 'python_setup_py'
[0.235s] Level 1:colcon.colcon_core.package_identification:_identify(src/odom_to_pose) by extensions ['ignore', 'ignore_ament_install']
[0.235s] Level 1:colcon.colcon_core.package_identification:_identify(src/odom_to_pose) by extension 'ignore'
[0.235s] Level 1:colcon.colcon_core.package_identification:_identify(src/odom_to_pose) by extension 'ignore_ament_install'
[0.235s] Level 1:colcon.colcon_core.package_identification:_identify(src/odom_to_pose) by extensions ['colcon_pkg']
[0.235s] Level 1:colcon.colcon_core.package_identification:_identify(src/odom_to_pose) by extension 'colcon_pkg'
[0.236s] Level 1:colcon.colcon_core.package_identification:_identify(src/odom_to_pose) by extensions ['colcon_meta']
[0.236s] Level 1:colcon.colcon_core.package_identification:_identify(src/odom_to_pose) by extension 'colcon_meta'
[0.236s] Level 1:colcon.colcon_core.package_identification:_identify(src/odom_to_pose) by extensions ['ros']
[0.236s] Level 1:colcon.colcon_core.package_identification:_identify(src/odom_to_pose) by extension 'ros'
[0.238s] DEBUG:colcon.colcon_core.package_identification:Package 'src/odom_to_pose' with type 'ros.ament_cmake' and name 'odom_to_pose'
[0.238s] Level 1:colcon.colcon_core.package_identification:_identify(src/target_publisher) by extensions ['ignore', 'ignore_ament_install']
[0.238s] Level 1:colcon.colcon_core.package_identification:_identify(src/target_publisher) by extension 'ignore'
[0.238s] Level 1:colcon.colcon_core.package_identification:_identify(src/target_publisher) by extension 'ignore_ament_install'
[0.238s] Level 1:colcon.colcon_core.package_identification:_identify(src/target_publisher) by extensions ['colcon_pkg']
[0.238s] Level 1:colcon.colcon_core.package_identification:_identify(src/target_publisher) by extension 'colcon_pkg'
[0.238s] Level 1:colcon.colcon_core.package_identification:_identify(src/target_publisher) by extensions ['colcon_meta']
[0.238s] Level 1:colcon.colcon_core.package_identification:_identify(src/target_publisher) by extension 'colcon_meta'
[0.238s] Level 1:colcon.colcon_core.package_identification:_identify(src/target_publisher) by extensions ['ros']
[0.238s] Level 1:colcon.colcon_core.package_identification:_identify(src/target_publisher) by extension 'ros'
[0.238s] DEBUG:colcon.colcon_core.package_identification:Package 'src/target_publisher' with type 'ros.ament_cmake' and name 'target_publisher'
[0.238s] Level 1:colcon.colcon_core.package_identification:_identify(src/vel_control) by extensions ['ignore', 'ignore_ament_install']
[0.239s] Level 1:colcon.colcon_core.package_identification:_identify(src/vel_control) by extension 'ignore'
[0.239s] Level 1:colcon.colcon_core.package_identification:_identify(src/vel_control) by extension 'ignore_ament_install'
[0.239s] Level 1:colcon.colcon_core.package_identification:_identify(src/vel_control) by extensions ['colcon_pkg']
[0.239s] Level 1:colcon.colcon_core.package_identification:_identify(src/vel_control) by extension 'colcon_pkg'
[0.239s] Level 1:colcon.colcon_core.package_identification:_identify(src/vel_control) by extensions ['colcon_meta']
[0.239s] Level 1:colcon.colcon_core.package_identification:_identify(src/vel_control) by extension 'colcon_meta'
[0.239s] Level 1:colcon.colcon_core.package_identification:_identify(src/vel_control) by extensions ['ros']
[0.239s] Level 1:colcon.colcon_core.package_identification:_identify(src/vel_control) by extension 'ros'
[0.239s] DEBUG:colcon.colcon_core.package_identification:Package 'src/vel_control' with type 'ros.ament_cmake' and name 'vel_control'
[0.239s] Level 1:colcon.colcon_core.package_discovery:discover_packages(recursive) using defaults
[0.239s] Level 1:colcon.colcon_core.package_discovery:discover_packages(ignore) discover
[0.239s] Level 1:colcon.colcon_core.package_discovery:discover_packages(ignore) using defaults
[0.239s] Level 1:colcon.colcon_core.package_discovery:discover_packages(path) discover
[0.239s] Level 1:colcon.colcon_core.package_discovery:discover_packages(path) using defaults
[0.264s] Level 1:colcon.colcon_core.package_discovery:discover_packages(prefix_path) check parameters
[0.264s] Level 1:colcon.colcon_core.package_discovery:discover_packages(prefix_path) discover
[0.266s] DEBUG:colcon.colcon_installed_package_information.package_discovery:Found 292 installed packages in /opt/ros/humble
[0.267s] Level 1:colcon.colcon_core.package_discovery:discover_packages(prefix_path) using defaults
[0.298s] Level 5:colcon.colcon_core.verb:set package 'odom_to_pose' build argument 'cmake_args' from command line to 'None'
[0.298s] Level 5:colcon.colcon_core.verb:set package 'odom_to_pose' build argument 'cmake_target' from command line to 'None'
[0.298s] Level 5:colcon.colcon_core.verb:set package 'odom_to_pose' build argument 'cmake_target_skip_unavailable' from command line to 'False'
[0.298s] Level 5:colcon.colcon_core.verb:set package 'odom_to_pose' build argument 'cmake_clean_cache' from command line to 'False'
[0.298s] Level 5:colcon.colcon_core.verb:set package 'odom_to_pose' build argument 'cmake_clean_first' from command line to 'False'
[0.298s] Level 5:colcon.colcon_core.verb:set package 'odom_to_pose' build argument 'cmake_force_configure' from command line to 'False'
[0.298s] Level 5:colcon.colcon_core.verb:set package 'odom_to_pose' build argument 'ament_cmake_args' from command line to 'None'
[0.298s] Level 5:colcon.colcon_core.verb:set package 'odom_to_pose' build argument 'catkin_cmake_args' from command line to 'None'
[0.298s] Level 5:colcon.colcon_core.verb:set package 'odom_to_pose' build argument 'catkin_skip_building_tests' from command line to 'False'
[0.298s] DEBUG:colcon.colcon_core.verb:Building package 'odom_to_pose' with the following arguments: {'ament_cmake_args': None, 'build_base': '/home/ozawa/nedo/4w_ws/build/odom_to_pose', 'catkin_cmake_args': None, 'catkin_skip_building_tests': False, 'cmake_args': None, 'cmake_clean_cache': False, 'cmake_clean_first': False, 'cmake_force_configure': False, 'cmake_target': None, 'cmake_target_skip_unavailable': False, 'install_base': '/home/ozawa/nedo/4w_ws/install/odom_to_pose', 'merge_install': False, 'path': '/home/ozawa/nedo/4w_ws/src/odom_to_pose', 'symlink_install': False, 'test_result_base': None}
[0.298s] Level 5:colcon.colcon_core.verb:set package 'target_publisher' build argument 'cmake_args' from command line to 'None'
[0.298s] Level 5:colcon.colcon_core.verb:set package 'target_publisher' build argument 'cmake_target' from command line to 'None'
[0.298s] Level 5:colcon.colcon_core.verb:set package 'target_publisher' build argument 'cmake_target_skip_unavailable' from command line to 'False'
[0.298s] Level 5:colcon.colcon_core.verb:set package 'target_publisher' build argument 'cmake_clean_cache' from command line to 'False'
[0.298s] Level 5:colcon.colcon_core.verb:set package 'target_publisher' build argument 'cmake_clean_first' from command line to 'False'
[0.298s] Level 5:colcon.colcon_core.verb:set package 'target_publisher' build argument 'cmake_force_configure' from command line to 'False'
[0.298s] Level 5:colcon.colcon_core.verb:set package 'target_publisher' build argument 'ament_cmake_args' from command line to 'None'
[0.298s] Level 5:colcon.colcon_core.verb:set package 'target_publisher' build argument 'catkin_cmake_args' from command line to 'None'
[0.298s] Level 5:colcon.colcon_core.verb:set package 'target_publisher' build argument 'catkin_skip_building_tests' from command line to 'False'
[0.298s] DEBUG:colcon.colcon_core.verb:Building package 'target_publisher' with the following arguments: {'ament_cmake_args': None, 'build_base': '/home/ozawa/nedo/4w_ws/build/target_publisher', 'catkin_cmake_args': None, 'catkin_skip_building_tests': False, 'cmake_args': None, 'cmake_clean_cache': False, 'cmake_clean_first': False, 'cmake_force_configure': False, 'cmake_target': None, 'cmake_target_skip_unavailable': False, 'install_base': '/home/ozawa/nedo/4w_ws/install/target_publisher', 'merge_install': False, 'path': '/home/ozawa/nedo/4w_ws/src/target_publisher', 'symlink_install': False, 'test_result_base': None}
[0.299s] Level 5:colcon.colcon_core.verb:set package 'vel_control' build argument 'cmake_args' from command line to 'None'
[0.299s] Level 5:colcon.colcon_core.verb:set package 'vel_control' build argument 'cmake_target' from command line to 'None'
[0.299s] Level 5:colcon.colcon_core.verb:set package 'vel_control' build argument 'cmake_target_skip_unavailable' from command line to 'False'
[0.299s] Level 5:colcon.colcon_core.verb:set package 'vel_control' build argument 'cmake_clean_cache' from command line to 'False'
[0.299s] Level 5:colcon.colcon_core.verb:set package 'vel_control' build argument 'cmake_clean_first' from command line to 'False'
[0.299s] Level 5:colcon.colcon_core.verb:set package 'vel_control' build argument 'cmake_force_configure' from command line to 'False'
[0.299s] Level 5:colcon.colcon_core.verb:set package 'vel_control' build argument 'ament_cmake_args' from command line to 'None'
[0.299s] Level 5:colcon.colcon_core.verb:set package 'vel_control' build argument 'catkin_cmake_args' from command line to 'None'
[0.299s] Level 5:colcon.colcon_core.verb:set package 'vel_control' build argument 'catkin_skip_building_tests' from command line to 'False'
[0.299s] DEBUG:colcon.colcon_core.verb:Building package 'vel_control' with the following arguments: {'ament_cmake_args': None, 'build_base': '/home/ozawa/nedo/4w_ws/build/vel_control', 'catkin_cmake_args': None, 'catkin_skip_building_tests': False, 'cmake_args': None, 'cmake_clean_cache': False, 'cmake_clean_first': False, 'cmake_force_configure': False, 'cmake_target': None, 'cmake_target_skip_unavailable': False, 'install_base': '/home/ozawa/nedo/4w_ws/install/vel_control', 'merge_install': False, 'path': '/home/ozawa/nedo/4w_ws/src/vel_control', 'symlink_install': False, 'test_result_base': None}
[0.299s] INFO:colcon.colcon_core.executor:Executing jobs using 'parallel' executor
[0.300s] DEBUG:colcon.colcon_parallel_executor.executor.parallel:run_until_complete
[0.300s] INFO:colcon.colcon_ros.task.ament_cmake.build:Building ROS package in '/home/ozawa/nedo/4w_ws/src/odom_to_pose' with build type 'ament_cmake'
[0.300s] INFO:colcon.colcon_cmake.task.cmake.build:Building CMake package in '/home/ozawa/nedo/4w_ws/src/odom_to_pose'
[0.302s] INFO:colcon.colcon_core.plugin_system:Skipping extension 'colcon_core.shell.bat': Not used on non-Windows systems
[0.302s] INFO:colcon.colcon_core.shell:Skip shell extension 'powershell' for command environment: Not usable outside of PowerShell
[0.302s] DEBUG:colcon.colcon_core.shell:Skip shell extension 'dsv' for command environment
[0.304s] INFO:colcon.colcon_ros.task.ament_cmake.build:Building ROS package in '/home/ozawa/nedo/4w_ws/src/target_publisher' with build type 'ament_cmake'
[0.305s] INFO:colcon.colcon_cmake.task.cmake.build:Building CMake package in '/home/ozawa/nedo/4w_ws/src/target_publisher'
[0.305s] INFO:colcon.colcon_core.shell:Skip shell extension 'powershell' for command environment: Not usable outside of PowerShell
[0.305s] DEBUG:colcon.colcon_core.shell:Skip shell extension 'dsv' for command environment
[0.307s] INFO:colcon.colcon_ros.task.ament_cmake.build:Building ROS package in '/home/ozawa/nedo/4w_ws/src/vel_control' with build type 'ament_cmake'
[0.307s] INFO:colcon.colcon_cmake.task.cmake.build:Building CMake package in '/home/ozawa/nedo/4w_ws/src/vel_control'
[0.307s] INFO:colcon.colcon_core.shell:Skip shell extension 'powershell' for command environment: Not usable outside of PowerShell
[0.307s] DEBUG:colcon.colcon_core.shell:Skip shell extension 'dsv' for command environment
[0.313s] DEBUG:colcon.colcon_core.event_handler.log_command:Invoking command in '/home/ozawa/nedo/4w_ws/build/odom_to_pose': CMAKE_PREFIX_PATH=/opt/ros/humble /usr/bin/cmake --build /home/ozawa/nedo/4w_ws/build/odom_to_pose -- -j16 -l16
[0.317s] DEBUG:colcon.colcon_core.event_handler.log_command:Invoking command in '/home/ozawa/nedo/4w_ws/build/target_publisher': CMAKE_PREFIX_PATH=/opt/ros/humble /usr/bin/cmake --build /home/ozawa/nedo/4w_ws/build/target_publisher -- -j16 -l16
[0.319s] DEBUG:colcon.colcon_core.event_handler.log_command:Invoking command in '/home/ozawa/nedo/4w_ws/build/vel_control': CMAKE_PREFIX_PATH=/opt/ros/humble /usr/bin/cmake --build /home/ozawa/nedo/4w_ws/build/vel_control -- -j16 -l16
[0.383s] DEBUG:colcon.colcon_core.event_handler.log_command:Invoked command in '/home/ozawa/nedo/4w_ws/build/odom_to_pose' returned '0': CMAKE_PREFIX_PATH=/opt/ros/humble /usr/bin/cmake --build /home/ozawa/nedo/4w_ws/build/odom_to_pose -- -j16 -l16
[0.384s] DEBUG:colcon.colcon_core.event_handler.log_command:Invoked command in '/home/ozawa/nedo/4w_ws/build/target_publisher' returned '0': CMAKE_PREFIX_PATH=/opt/ros/humble /usr/bin/cmake --build /home/ozawa/nedo/4w_ws/build/target_publisher -- -j16 -l16
[0.414s] DEBUG:colcon.colcon_core.event_handler.log_command:Invoking command in '/home/ozawa/nedo/4w_ws/build/odom_to_pose': CMAKE_PREFIX_PATH=/opt/ros/humble /usr/bin/cmake --install /home/ozawa/nedo/4w_ws/build/odom_to_pose
[0.416s] DEBUG:colcon.colcon_core.event_handler.log_command:Invoking command in '/home/ozawa/nedo/4w_ws/build/target_publisher': CMAKE_PREFIX_PATH=/opt/ros/humble /usr/bin/cmake --install /home/ozawa/nedo/4w_ws/build/target_publisher
[0.424s] Level 1:colcon.colcon_core.environment:create_environment_scripts_only(odom_to_pose)
[0.424s] DEBUG:colcon.colcon_core.event_handler.log_command:Invoked command in '/home/ozawa/nedo/4w_ws/build/odom_to_pose' returned '0': CMAKE_PREFIX_PATH=/opt/ros/humble /usr/bin/cmake --install /home/ozawa/nedo/4w_ws/build/odom_to_pose
[0.427s] Level 1:colcon.colcon_core.environment:checking '/home/ozawa/nedo/4w_ws/install/odom_to_pose' for CMake module files
[0.427s] Level 1:colcon.colcon_core.environment:checking '/home/ozawa/nedo/4w_ws/install/odom_to_pose' for CMake config files
[0.427s] Level 1:colcon.colcon_core.shell:create_environment_hook('odom_to_pose', 'cmake_prefix_path')
[0.428s] INFO:colcon.colcon_core.shell:Creating environment hook '/home/ozawa/nedo/4w_ws/install/odom_to_pose/share/odom_to_pose/hook/cmake_prefix_path.ps1'
[0.428s] INFO:colcon.colcon_core.shell:Creating environment descriptor '/home/ozawa/nedo/4w_ws/install/odom_to_pose/share/odom_to_pose/hook/cmake_prefix_path.dsv'
[0.429s] INFO:colcon.colcon_core.shell:Creating environment hook '/home/ozawa/nedo/4w_ws/install/odom_to_pose/share/odom_to_pose/hook/cmake_prefix_path.sh'
[0.429s] Level 1:colcon.colcon_core.environment:checking '/home/ozawa/nedo/4w_ws/install/odom_to_pose/lib'
[0.429s] Level 1:colcon.colcon_core.environment:checking '/home/ozawa/nedo/4w_ws/install/odom_to_pose/bin'
[0.429s] Level 1:colcon.colcon_core.environment:checking '/home/ozawa/nedo/4w_ws/install/odom_to_pose/lib/pkgconfig/odom_to_pose.pc'
[0.430s] Level 1:colcon.colcon_core.environment:checking '/home/ozawa/nedo/4w_ws/install/odom_to_pose/lib/python3.10/site-packages'
[0.430s] Level 1:colcon.colcon_core.environment:checking '/home/ozawa/nedo/4w_ws/install/odom_to_pose/bin'
[0.430s] INFO:colcon.colcon_core.shell:Creating package script '/home/ozawa/nedo/4w_ws/install/odom_to_pose/share/odom_to_pose/package.ps1'
[0.431s] INFO:colcon.colcon_core.shell:Creating package descriptor '/home/ozawa/nedo/4w_ws/install/odom_to_pose/share/odom_to_pose/package.dsv'
[0.431s] INFO:colcon.colcon_core.shell:Creating package script '/home/ozawa/nedo/4w_ws/install/odom_to_pose/share/odom_to_pose/package.sh'
[0.432s] INFO:colcon.colcon_core.shell:Creating package script '/home/ozawa/nedo/4w_ws/install/odom_to_pose/share/odom_to_pose/package.bash'
[0.432s] INFO:colcon.colcon_core.shell:Creating package script '/home/ozawa/nedo/4w_ws/install/odom_to_pose/share/odom_to_pose/package.zsh'
[0.433s] Level 1:colcon.colcon_core.environment:create_file_with_runtime_dependencies(/home/ozawa/nedo/4w_ws/install/odom_to_pose/share/colcon-core/packages/odom_to_pose)
[0.434s] Level 1:colcon.colcon_core.environment:create_environment_scripts_only(target_publisher)
[0.434s] Level 1:colcon.colcon_core.environment:checking '/home/ozawa/nedo/4w_ws/install/target_publisher' for CMake module files
[0.435s] DEBUG:colcon.colcon_core.event_handler.log_command:Invoked command in '/home/ozawa/nedo/4w_ws/build/target_publisher' returned '0': CMAKE_PREFIX_PATH=/opt/ros/humble /usr/bin/cmake --install /home/ozawa/nedo/4w_ws/build/target_publisher
[0.435s] Level 1:colcon.colcon_core.environment:checking '/home/ozawa/nedo/4w_ws/install/target_publisher' for CMake config files
[0.435s] Level 1:colcon.colcon_core.shell:create_environment_hook('target_publisher', 'cmake_prefix_path')
[0.435s] INFO:colcon.colcon_core.shell:Creating environment hook '/home/ozawa/nedo/4w_ws/install/target_publisher/share/target_publisher/hook/cmake_prefix_path.ps1'
[0.436s] INFO:colcon.colcon_core.shell:Creating environment descriptor '/home/ozawa/nedo/4w_ws/install/target_publisher/share/target_publisher/hook/cmake_prefix_path.dsv'
[0.436s] INFO:colcon.colcon_core.shell:Creating environment hook '/home/ozawa/nedo/4w_ws/install/target_publisher/share/target_publisher/hook/cmake_prefix_path.sh'
[0.436s] Level 1:colcon.colcon_core.environment:checking '/home/ozawa/nedo/4w_ws/install/target_publisher/lib'
[0.436s] Level 1:colcon.colcon_core.environment:checking '/home/ozawa/nedo/4w_ws/install/target_publisher/bin'
[0.436s] Level 1:colcon.colcon_core.environment:checking '/home/ozawa/nedo/4w_ws/install/target_publisher/lib/pkgconfig/target_publisher.pc'
[0.437s] Level 1:colcon.colcon_core.environment:checking '/home/ozawa/nedo/4w_ws/install/target_publisher/lib/python3.10/site-packages'
[0.437s] Level 1:colcon.colcon_core.environment:checking '/home/ozawa/nedo/4w_ws/install/target_publisher/bin'
[0.437s] INFO:colcon.colcon_core.shell:Creating package script '/home/ozawa/nedo/4w_ws/install/target_publisher/share/target_publisher/package.ps1'
[0.437s] INFO:colcon.colcon_core.shell:Creating package descriptor '/home/ozawa/nedo/4w_ws/install/target_publisher/share/target_publisher/package.dsv'
[0.438s] INFO:colcon.colcon_core.shell:Creating package script '/home/ozawa/nedo/4w_ws/install/target_publisher/share/target_publisher/package.sh'
[0.438s] INFO:colcon.colcon_core.shell:Creating package script '/home/ozawa/nedo/4w_ws/install/target_publisher/share/target_publisher/package.bash'
[0.438s] INFO:colcon.colcon_core.shell:Creating package script '/home/ozawa/nedo/4w_ws/install/target_publisher/share/target_publisher/package.zsh'
[0.438s] Level 1:colcon.colcon_core.environment:create_file_with_runtime_dependencies(/home/ozawa/nedo/4w_ws/install/target_publisher/share/colcon-core/packages/target_publisher)
[0.457s] Level 1:colcon.colcon_core.environment:create_environment_scripts_only(odom_to_pose)
[0.457s] Level 1:colcon.colcon_core.environment:checking '/home/ozawa/nedo/4w_ws/install/odom_to_pose' for CMake module files
[0.457s] Level 1:colcon.colcon_core.environment:checking '/home/ozawa/nedo/4w_ws/install/odom_to_pose' for CMake config files
[0.458s] Level 1:colcon.colcon_core.shell:create_environment_hook('odom_to_pose', 'cmake_prefix_path')
[0.458s] INFO:colcon.colcon_core.shell:Creating environment hook '/home/ozawa/nedo/4w_ws/install/odom_to_pose/share/odom_to_pose/hook/cmake_prefix_path.ps1'
[0.458s] INFO:colcon.colcon_core.shell:Creating environment descriptor '/home/ozawa/nedo/4w_ws/install/odom_to_pose/share/odom_to_pose/hook/cmake_prefix_path.dsv'
[0.459s] INFO:colcon.colcon_core.shell:Creating environment hook '/home/ozawa/nedo/4w_ws/install/odom_to_pose/share/odom_to_pose/hook/cmake_prefix_path.sh'
[0.459s] Level 1:colcon.colcon_core.environment:checking '/home/ozawa/nedo/4w_ws/install/odom_to_pose/lib'
[0.459s] Level 1:colcon.colcon_core.environment:checking '/home/ozawa/nedo/4w_ws/install/odom_to_pose/bin'
[0.459s] Level 1:colcon.colcon_core.environment:checking '/home/ozawa/nedo/4w_ws/install/odom_to_pose/lib/pkgconfig/odom_to_pose.pc'
[0.459s] Level 1:colcon.colcon_core.environment:checking '/home/ozawa/nedo/4w_ws/install/odom_to_pose/lib/python3.10/site-packages'
[0.459s] Level 1:colcon.colcon_core.environment:checking '/home/ozawa/nedo/4w_ws/install/odom_to_pose/bin'
[0.460s] INFO:colcon.colcon_core.shell:Creating package script '/home/ozawa/nedo/4w_ws/install/odom_to_pose/share/odom_to_pose/package.ps1'
[0.460s] INFO:colcon.colcon_core.shell:Creating package descriptor '/home/ozawa/nedo/4w_ws/install/odom_to_pose/share/odom_to_pose/package.dsv'
[0.461s] INFO:colcon.colcon_core.shell:Creating package script '/home/ozawa/nedo/4w_ws/install/odom_to_pose/share/odom_to_pose/package.sh'
[0.461s] INFO:colcon.colcon_core.shell:Creating package script '/home/ozawa/nedo/4w_ws/install/odom_to_pose/share/odom_to_pose/package.bash'
[0.461s] INFO:colcon.colcon_core.shell:Creating package script '/home/ozawa/nedo/4w_ws/install/odom_to_pose/share/odom_to_pose/package.zsh'
[0.462s] Level 1:colcon.colcon_core.environment:create_file_with_runtime_dependencies(/home/ozawa/nedo/4w_ws/install/odom_to_pose/share/colcon-core/packages/odom_to_pose)
[0.462s] Level 1:colcon.colcon_core.environment:create_environment_scripts_only(target_publisher)
[0.463s] Level 1:colcon.colcon_core.environment:checking '/home/ozawa/nedo/4w_ws/install/target_publisher' for CMake module files
[0.463s] Level 1:colcon.colcon_core.environment:checking '/home/ozawa/nedo/4w_ws/install/target_publisher' for CMake config files
[0.463s] Level 1:colcon.colcon_core.shell:create_environment_hook('target_publisher', 'cmake_prefix_path')
[0.463s] INFO:colcon.colcon_core.shell:Creating environment hook '/home/ozawa/nedo/4w_ws/install/target_publisher/share/target_publisher/hook/cmake_prefix_path.ps1'
[0.464s] INFO:colcon.colcon_core.shell:Creating environment descriptor '/home/ozawa/nedo/4w_ws/install/target_publisher/share/target_publisher/hook/cmake_prefix_path.dsv'
[0.464s] INFO:colcon.colcon_core.shell:Creating environment hook '/home/ozawa/nedo/4w_ws/install/target_publisher/share/target_publisher/hook/cmake_prefix_path.sh'
[0.464s] Level 1:colcon.colcon_core.environment:checking '/home/ozawa/nedo/4w_ws/install/target_publisher/lib'
[0.465s] Level 1:colcon.colcon_core.environment:checking '/home/ozawa/nedo/4w_ws/install/target_publisher/bin'
[0.465s] Level 1:colcon.colcon_core.environment:checking '/home/ozawa/nedo/4w_ws/install/target_publisher/lib/pkgconfig/target_publisher.pc'
[0.465s] Level 1:colcon.colcon_core.environment:checking '/home/ozawa/nedo/4w_ws/install/target_publisher/lib/python3.10/site-packages'
[0.465s] Level 1:colcon.colcon_core.environment:checking '/home/ozawa/nedo/4w_ws/install/target_publisher/bin'
[0.465s] INFO:colcon.colcon_core.shell:Creating package script '/home/ozawa/nedo/4w_ws/install/target_publisher/share/target_publisher/package.ps1'
[0.466s] INFO:colcon.colcon_core.shell:Creating package descriptor '/home/ozawa/nedo/4w_ws/install/target_publisher/share/target_publisher/package.dsv'
[0.466s] INFO:colcon.colcon_core.shell:Creating package script '/home/ozawa/nedo/4w_ws/install/target_publisher/share/target_publisher/package.sh'
[0.466s] INFO:colcon.colcon_core.shell:Creating package script '/home/ozawa/nedo/4w_ws/install/target_publisher/share/target_publisher/package.bash'
[0.466s] INFO:colcon.colcon_core.shell:Creating package script '/home/ozawa/nedo/4w_ws/install/target_publisher/share/target_publisher/package.zsh'
[0.467s] Level 1:colcon.colcon_core.environment:create_file_with_runtime_dependencies(/home/ozawa/nedo/4w_ws/install/target_publisher/share/colcon-core/packages/target_publisher)
[8.644s] DEBUG:colcon.colcon_core.event_handler.log_command:Invoked command in '/home/ozawa/nedo/4w_ws/build/vel_control' returned '0': CMAKE_PREFIX_PATH=/opt/ros/humble /usr/bin/cmake --build /home/ozawa/nedo/4w_ws/build/vel_control -- -j16 -l16
[8.667s] DEBUG:colcon.colcon_core.event_handler.log_command:Invoking command in '/home/ozawa/nedo/4w_ws/build/vel_control': CMAKE_PREFIX_PATH=/opt/ros/humble /usr/bin/cmake --install /home/ozawa/nedo/4w_ws/build/vel_control
[8.683s] Level 1:colcon.colcon_core.environment:create_environment_scripts_only(vel_control)
[8.684s] Level 1:colcon.colcon_core.environment:checking '/home/ozawa/nedo/4w_ws/install/vel_control' for CMake module files
[8.684s] DEBUG:colcon.colcon_core.event_handler.log_command:Invoked command in '/home/ozawa/nedo/4w_ws/build/vel_control' returned '0': CMAKE_PREFIX_PATH=/opt/ros/humble /usr/bin/cmake --install /home/ozawa/nedo/4w_ws/build/vel_control
[8.684s] Level 1:colcon.colcon_core.environment:checking '/home/ozawa/nedo/4w_ws/install/vel_control' for CMake config files
[8.685s] Level 1:colcon.colcon_core.shell:create_environment_hook('vel_control', 'cmake_prefix_path')
[8.685s] INFO:colcon.colcon_core.shell:Creating environment hook '/home/ozawa/nedo/4w_ws/install/vel_control/share/vel_control/hook/cmake_prefix_path.ps1'
[8.685s] INFO:colcon.colcon_core.shell:Creating environment descriptor '/home/ozawa/nedo/4w_ws/install/vel_control/share/vel_control/hook/cmake_prefix_path.dsv'
[8.685s] INFO:colcon.colcon_core.shell:Creating environment hook '/home/ozawa/nedo/4w_ws/install/vel_control/share/vel_control/hook/cmake_prefix_path.sh'
[8.686s] Level 1:colcon.colcon_core.environment:checking '/home/ozawa/nedo/4w_ws/install/vel_control/lib'
[8.686s] Level 1:colcon.colcon_core.environment:checking '/home/ozawa/nedo/4w_ws/install/vel_control/bin'
[8.686s] Level 1:colcon.colcon_core.environment:checking '/home/ozawa/nedo/4w_ws/install/vel_control/lib/pkgconfig/vel_control.pc'
[8.686s] Level 1:colcon.colcon_core.environment:checking '/home/ozawa/nedo/4w_ws/install/vel_control/lib/python3.10/site-packages'
[8.686s] Level 1:colcon.colcon_core.environment:checking '/home/ozawa/nedo/4w_ws/install/vel_control/bin'
[8.686s] INFO:colcon.colcon_core.shell:Creating package script '/home/ozawa/nedo/4w_ws/install/vel_control/share/vel_control/package.ps1'
[8.687s] INFO:colcon.colcon_core.shell:Creating package descriptor '/home/ozawa/nedo/4w_ws/install/vel_control/share/vel_control/package.dsv'
[8.687s] INFO:colcon.colcon_core.shell:Creating package script '/home/ozawa/nedo/4w_ws/install/vel_control/share/vel_control/package.sh'
[8.687s] INFO:colcon.colcon_core.shell:Creating package script '/home/ozawa/nedo/4w_ws/install/vel_control/share/vel_control/package.bash'
[8.688s] INFO:colcon.colcon_core.shell:Creating package script '/home/ozawa/nedo/4w_ws/install/vel_control/share/vel_control/package.zsh'
[8.688s] Level 1:colcon.colcon_core.environment:create_file_with_runtime_dependencies(/home/ozawa/nedo/4w_ws/install/vel_control/share/colcon-core/packages/vel_control)
[8.708s] Level 1:colcon.colcon_core.environment:create_environment_scripts_only(vel_control)
[8.708s] Level 1:colcon.colcon_core.environment:checking '/home/ozawa/nedo/4w_ws/install/vel_control' for CMake module files
[8.709s] Level 1:colcon.colcon_core.environment:checking '/home/ozawa/nedo/4w_ws/install/vel_control' for CMake config files
[8.709s] Level 1:colcon.colcon_core.shell:create_environment_hook('vel_control', 'cmake_prefix_path')
[8.709s] INFO:colcon.colcon_core.shell:Creating environment hook '/home/ozawa/nedo/4w_ws/install/vel_control/share/vel_control/hook/cmake_prefix_path.ps1'
[8.710s] INFO:colcon.colcon_core.shell:Creating environment descriptor '/home/ozawa/nedo/4w_ws/install/vel_control/share/vel_control/hook/cmake_prefix_path.dsv'
[8.710s] INFO:colcon.colcon_core.shell:Creating environment hook '/home/ozawa/nedo/4w_ws/install/vel_control/share/vel_control/hook/cmake_prefix_path.sh'
[8.710s] Level 1:colcon.colcon_core.environment:checking '/home/ozawa/nedo/4w_ws/install/vel_control/lib'
[8.710s] Level 1:colcon.colcon_core.environment:checking '/home/ozawa/nedo/4w_ws/install/vel_control/bin'
[8.710s] Level 1:colcon.colcon_core.environment:checking '/home/ozawa/nedo/4w_ws/install/vel_control/lib/pkgconfig/vel_control.pc'
[8.711s] Level 1:colcon.colcon_core.environment:checking '/home/ozawa/nedo/4w_ws/install/vel_control/lib/python3.10/site-packages'
[8.711s] Level 1:colcon.colcon_core.environment:checking '/home/ozawa/nedo/4w_ws/install/vel_control/bin'
[8.711s] INFO:colcon.colcon_core.shell:Creating package script '/home/ozawa/nedo/4w_ws/install/vel_control/share/vel_control/package.ps1'
[8.711s] INFO:colcon.colcon_core.shell:Creating package descriptor '/home/ozawa/nedo/4w_ws/install/vel_control/share/vel_control/package.dsv'
[8.712s] INFO:colcon.colcon_core.shell:Creating package script '/home/ozawa/nedo/4w_ws/install/vel_control/share/vel_control/package.sh'
[8.712s] INFO:colcon.colcon_core.shell:Creating package script '/home/ozawa/nedo/4w_ws/install/vel_control/share/vel_control/package.bash'
[8.712s] INFO:colcon.colcon_core.shell:Creating package script '/home/ozawa/nedo/4w_ws/install/vel_control/share/vel_control/package.zsh'
[8.712s] Level 1:colcon.colcon_core.environment:create_file_with_runtime_dependencies(/home/ozawa/nedo/4w_ws/install/vel_control/share/colcon-core/packages/vel_control)
[8.713s] DEBUG:colcon.colcon_parallel_executor.executor.parallel:closing loop
[8.713s] DEBUG:colcon.colcon_parallel_executor.executor.parallel:loop closed
[8.713s] DEBUG:colcon.colcon_parallel_executor.executor.parallel:run_until_complete finished with '0'
[8.713s] DEBUG:colcon.colcon_core.event_reactor:joining thread
[8.717s] INFO:colcon.colcon_core.plugin_system:Skipping extension 'colcon_notification.desktop_notification.terminal_notifier': Not used on non-Darwin systems
[8.717s] INFO:colcon.colcon_core.plugin_system:Skipping extension 'colcon_notification.desktop_notification.win32': Not used on non-Windows systems
[8.717s] INFO:colcon.colcon_notification.desktop_notification:Sending desktop notification using 'notify2'
[8.726s] DEBUG:colcon.colcon_core.event_reactor:joined thread
[8.727s] INFO:colcon.colcon_core.shell:Creating prefix script '/home/ozawa/nedo/4w_ws/install/local_setup.ps1'
[8.728s] INFO:colcon.colcon_core.shell:Creating prefix util module '/home/ozawa/nedo/4w_ws/install/_local_setup_util_ps1.py'
[8.729s] INFO:colcon.colcon_core.shell:Creating prefix chain script '/home/ozawa/nedo/4w_ws/install/setup.ps1'
[8.729s] INFO:colcon.colcon_core.shell:Creating prefix script '/home/ozawa/nedo/4w_ws/install/local_setup.sh'
[8.730s] INFO:colcon.colcon_core.shell:Creating prefix util module '/home/ozawa/nedo/4w_ws/install/_local_setup_util_sh.py'
[8.730s] INFO:colcon.colcon_core.shell:Creating prefix chain script '/home/ozawa/nedo/4w_ws/install/setup.sh'
[8.731s] INFO:colcon.colcon_core.shell:Creating prefix script '/home/ozawa/nedo/4w_ws/install/local_setup.bash'
[8.731s] INFO:colcon.colcon_core.shell:Creating prefix chain script '/home/ozawa/nedo/4w_ws/install/setup.bash'
[8.732s] INFO:colcon.colcon_core.shell:Creating prefix script '/home/ozawa/nedo/4w_ws/install/local_setup.zsh'
[8.732s] INFO:colcon.colcon_core.shell:Creating prefix chain script '/home/ozawa/nedo/4w_ws/install/setup.zsh'
