[0.014s] Invoking command in '/home/ozawa/nedo/4w_ws/src/build/vel_control': CMAKE_PREFIX_PATH=/opt/ros/humble /usr/bin/cmake /home/ozawa/nedo/4w_ws/src/vel_control -DCMAKE_INSTALL_PREFIX=/home/ozawa/nedo/4w_ws/src/install/vel_control
[0.101s] -- The C compiler identification is GNU 11.4.0
[0.182s] -- The CXX compiler identification is GNU 11.4.0
[0.193s] -- Detecting C compiler ABI info
[0.271s] -- Detecting C compiler ABI info - done
[0.277s] -- Check for working C compiler: /usr/bin/cc - skipped
[0.277s] -- Detecting C compile features
[0.278s] -- Detecting C compile features - done
[0.282s] -- Detecting CXX compiler ABI info
[0.373s] -- Detecting CXX compiler ABI info - done
[0.380s] -- Check for working CXX compiler: /usr/bin/c++ - skipped
[0.380s] -- Detecting CXX compile features
[0.380s] -- Detecting CXX compile features - done
[0.389s] -- Found ament_cmake: 1.3.10 (/opt/ros/humble/share/ament_cmake/cmake)
[0.552s] -- Found Python3: /usr/bin/python3 (found version "3.10.12") found components: Interpreter 
[0.656s] -- Found rclcpp: 16.0.10 (/opt/ros/humble/share/rclcpp/cmake)
[0.711s] -- Found rosidl_generator_c: 3.1.5 (/opt/ros/humble/share/rosidl_generator_c/cmake)
[0.717s] -- Found rosidl_adapter: 3.1.5 (/opt/ros/humble/share/rosidl_adapter/cmake)
[0.730s] -- Found rosidl_generator_cpp: 3.1.5 (/opt/ros/humble/share/rosidl_generator_cpp/cmake)
[0.746s] -- Using all available rosidl_typesupport_c: rosidl_typesupport_fastrtps_c;rosidl_typesupport_introspection_c
[0.766s] -- Using all available rosidl_typesupport_cpp: rosidl_typesupport_fastrtps_cpp;rosidl_typesupport_introspection_cpp
[0.822s] -- Found rmw_implementation_cmake: 6.1.2 (/opt/ros/humble/share/rmw_implementation_cmake/cmake)
[0.826s] -- Found rmw_fastrtps_cpp: 6.2.7 (/opt/ros/humble/share/rmw_fastrtps_cpp/cmake)
[0.931s] -- Found OpenSSL: /usr/lib/x86_64-linux-gnu/libcrypto.so (found version "3.0.2")  
[0.968s] -- Found FastRTPS: /opt/ros/humble/include  
[1.010s] -- Using RMW implementation 'rmw_fastrtps_cpp' as default
[1.018s] -- Looking for pthread.h
[1.103s] -- Looking for pthread.h - found
[1.103s] -- Performing Test CMAKE_HAVE_LIBC_PTHREAD
[1.191s] -- Performing Test CMAKE_HAVE_LIBC_PTHREAD - Success
[1.193s] -- Found Threads: TRUE  
[1.255s] -- Found geometry_msgs: 4.2.4 (/opt/ros/humble/share/geometry_msgs/cmake)
[1.271s] -- Found nav_msgs: 4.2.4 (/opt/ros/humble/share/nav_msgs/cmake)
[1.288s] -- Found visualization_msgs: 4.2.4 (/opt/ros/humble/share/visualization_msgs/cmake)
[1.332s] -- Found tf2: 0.25.8 (/opt/ros/humble/share/tf2/cmake)
[1.342s] -- Found tf2_geometry_msgs: 0.25.8 (/opt/ros/humble/share/tf2_geometry_msgs/cmake)
[1.354s] -- Found eigen3_cmake_module: 0.1.1 (/opt/ros/humble/share/eigen3_cmake_module/cmake)
[1.355s] -- Found Eigen3: TRUE (found version "3.4.0") 
[1.355s] -- Ensuring Eigen3 include directory is part of orocos-kdl CMake target
[1.443s] -- Found ament_lint_auto: 0.12.11 (/opt/ros/humble/share/ament_lint_auto/cmake)
[1.533s] -- Added test 'copyright' to check source files copyright and LICENSE
[1.549s] -- Added test 'cppcheck' to perform static code analysis on C / C++ code
[1.549s] -- Configured cppcheck include dirs: $<BUILD_INTERFACE:/home/ozawa/nedo/4w_ws/src/vel_control/include>
[1.549s] -- Configured cppcheck exclude dirs and/or files: 
[1.566s] -- Added test 'cpplint' to check C / C++ code against the Google style
[1.566s] -- Configured cpplint exclude dirs and/or files: 
[1.569s] -- Added test 'flake8' to check Python code syntax and style conventions
[1.574s] -- Added test 'lint_cmake' to check CMake code style
[1.576s] -- Added test 'pep257' to check Python code against some of the docstring style conventions in PEP 257
[1.593s] -- Added test 'uncrustify' to check C / C++ code style
[1.593s] -- Configured uncrustify additional arguments: 
[1.596s] -- Added test 'xmllint' to check XML markup files
[1.598s] -- Configuring done
[1.619s] -- Generating done
[1.621s] -- Build files have been written to: /home/ozawa/nedo/4w_ws/src/build/vel_control
[1.652s] Invoked command in '/home/ozawa/nedo/4w_ws/src/build/vel_control' returned '0': CMAKE_PREFIX_PATH=/opt/ros/humble /usr/bin/cmake /home/ozawa/nedo/4w_ws/src/vel_control -DCMAKE_INSTALL_PREFIX=/home/ozawa/nedo/4w_ws/src/install/vel_control
[1.655s] Invoking command in '/home/ozawa/nedo/4w_ws/src/build/vel_control': CMAKE_PREFIX_PATH=/opt/ros/humble /usr/bin/cmake --build /home/ozawa/nedo/4w_ws/src/build/vel_control -- -j16 -l16
[1.720s] [ 50%] [32mBuilding CXX object CMakeFiles/velcontrol_node.dir/src/velcontrol_node.cpp.o[0m
[10.875s] [100%] [32m[1mLinking CXX executable velcontrol_node[0m
[11.357s] [100%] Built target velcontrol_node
[11.367s] Invoked command in '/home/ozawa/nedo/4w_ws/src/build/vel_control' returned '0': CMAKE_PREFIX_PATH=/opt/ros/humble /usr/bin/cmake --build /home/ozawa/nedo/4w_ws/src/build/vel_control -- -j16 -l16
[11.395s] Invoking command in '/home/ozawa/nedo/4w_ws/src/build/vel_control': CMAKE_PREFIX_PATH=/opt/ros/humble /usr/bin/cmake --install /home/ozawa/nedo/4w_ws/src/build/vel_control
[11.402s] -- Install configuration: ""
[11.402s] -- Installing: /home/ozawa/nedo/4w_ws/src/install/vel_control/lib/vel_control/velcontrol_node
[11.408s] -- Set runtime path of "/home/ozawa/nedo/4w_ws/src/install/vel_control/lib/vel_control/velcontrol_node" to ""
[11.408s] -- Installing: /home/ozawa/nedo/4w_ws/src/install/vel_control/share/ament_index/resource_index/package_run_dependencies/vel_control
[11.408s] -- Installing: /home/ozawa/nedo/4w_ws/src/install/vel_control/share/ament_index/resource_index/parent_prefix_path/vel_control
[11.408s] -- Installing: /home/ozawa/nedo/4w_ws/src/install/vel_control/share/vel_control/environment/ament_prefix_path.sh
[11.408s] -- Installing: /home/ozawa/nedo/4w_ws/src/install/vel_control/share/vel_control/environment/ament_prefix_path.dsv
[11.408s] -- Installing: /home/ozawa/nedo/4w_ws/src/install/vel_control/share/vel_control/environment/path.sh
[11.408s] -- Installing: /home/ozawa/nedo/4w_ws/src/install/vel_control/share/vel_control/environment/path.dsv
[11.408s] -- Installing: /home/ozawa/nedo/4w_ws/src/install/vel_control/share/vel_control/local_setup.bash
[11.408s] -- Installing: /home/ozawa/nedo/4w_ws/src/install/vel_control/share/vel_control/local_setup.sh
[11.409s] -- Installing: /home/ozawa/nedo/4w_ws/src/install/vel_control/share/vel_control/local_setup.zsh
[11.409s] -- Installing: /home/ozawa/nedo/4w_ws/src/install/vel_control/share/vel_control/local_setup.dsv
[11.409s] -- Installing: /home/ozawa/nedo/4w_ws/src/install/vel_control/share/vel_control/package.dsv
[11.409s] -- Installing: /home/ozawa/nedo/4w_ws/src/install/vel_control/share/ament_index/resource_index/packages/vel_control
[11.409s] -- Installing: /home/ozawa/nedo/4w_ws/src/install/vel_control/share/vel_control/cmake/vel_controlConfig.cmake
[11.409s] -- Installing: /home/ozawa/nedo/4w_ws/src/install/vel_control/share/vel_control/cmake/vel_controlConfig-version.cmake
[11.410s] -- Installing: /home/ozawa/nedo/4w_ws/src/install/vel_control/share/vel_control/package.xml
[11.412s] Invoked command in '/home/ozawa/nedo/4w_ws/src/build/vel_control' returned '0': CMAKE_PREFIX_PATH=/opt/ros/humble /usr/bin/cmake --install /home/ozawa/nedo/4w_ws/src/build/vel_control
