[0.083s] DEBUG:colcon:Command line arguments: ['/usr/bin/colcon', 'build']
[0.083s] DEBUG:colcon:Parsed command line arguments: Namespace(log_base=None, log_level=None, verb_name='build', build_base='build', install_base='install', merge_install=False, symlink_install=False, test_result_base=None, continue_on_error=False, executor='parallel', parallel_workers=16, event_handlers=None, ignore_user_meta=False, metas=['./colcon.meta'], base_paths=['.'], packages_ignore=None, packages_ignore_regex=None, paths=None, packages_up_to=None, packages_up_to_regex=None, packages_above=None, packages_above_and_dependencies=None, packages_above_depth=None, packages_select_by_dep=None, packages_skip_by_dep=None, packages_skip_up_to=None, packages_select_build_failed=False, packages_skip_build_finished=False, packages_select_test_failures=False, packages_skip_test_passed=False, packages_select=None, packages_skip=None, packages_select_regex=None, packages_skip_regex=None, packages_start=None, packages_end=None, allow_overriding=[], cmake_args=None, cmake_target=None, cmake_target_skip_unavailable=False, cmake_clean_cache=False, cmake_clean_first=False, cmake_force_configure=False, ament_cmake_args=None, catkin_cmake_args=None, catkin_skip_building_tests=False, mixin_files=None, mixin=None, verb_parser=<colcon_mixin.mixin.mixin_argument.MixinArgumentDecorator object at 0x7eb381942950>, verb_extension=<colcon_core.verb.build.BuildVerb object at 0x7eb3819422c0>, main=<bound method BuildVerb.main of <colcon_core.verb.build.BuildVerb object at 0x7eb3819422c0>>, mixin_verb=('build',))
[0.226s] Level 1:colcon.colcon_core.package_discovery:discover_packages(colcon_meta) check parameters
[0.227s] Level 1:colcon.colcon_core.package_discovery:discover_packages(recursive) check parameters
[0.227s] Level 1:colcon.colcon_core.package_discovery:discover_packages(ignore) check parameters
[0.227s] Level 1:colcon.colcon_core.package_discovery:discover_packages(path) check parameters
[0.227s] Level 1:colcon.colcon_core.package_discovery:discover_packages(colcon_meta) discover
[0.227s] Level 1:colcon.colcon_core.package_discovery:discover_packages(recursive) discover
[0.227s] INFO:colcon.colcon_core.package_discovery:Crawling recursively for packages in '/home/ozawa/nedo/4w_ws/src'
[0.227s] Level 1:colcon.colcon_core.package_identification:_identify(.) by extensions ['ignore', 'ignore_ament_install']
[0.227s] Level 1:colcon.colcon_core.package_identification:_identify(.) by extension 'ignore'
[0.227s] Level 1:colcon.colcon_core.package_identification:_identify(.) by extension 'ignore_ament_install'
[0.227s] Level 1:colcon.colcon_core.package_identification:_identify(.) by extensions ['colcon_pkg']
[0.227s] Level 1:colcon.colcon_core.package_identification:_identify(.) by extension 'colcon_pkg'
[0.227s] Level 1:colcon.colcon_core.package_identification:_identify(.) by extensions ['colcon_meta']
[0.227s] Level 1:colcon.colcon_core.package_identification:_identify(.) by extension 'colcon_meta'
[0.227s] Level 1:colcon.colcon_core.package_identification:_identify(.) by extensions ['ros']
[0.227s] Level 1:colcon.colcon_core.package_identification:_identify(.) by extension 'ros'
[0.236s] Level 1:colcon.colcon_core.package_identification:_identify(.) by extensions ['cmake', 'python']
[0.236s] Level 1:colcon.colcon_core.package_identification:_identify(.) by extension 'cmake'
[0.236s] Level 1:colcon.colcon_core.package_identification:_identify(.) by extension 'python'
[0.236s] Level 1:colcon.colcon_core.package_identification:_identify(.) by extensions ['python_setup_py']
[0.236s] Level 1:colcon.colcon_core.package_identification:_identify(.) by extension 'python_setup_py'
[0.236s] Level 1:colcon.colcon_core.package_identification:_identify(build) by extensions ['ignore', 'ignore_ament_install']
[0.236s] Level 1:colcon.colcon_core.package_identification:_identify(build) by extension 'ignore'
[0.236s] Level 1:colcon.colcon_core.package_identification:_identify(build) ignored
[0.236s] Level 1:colcon.colcon_core.package_identification:_identify(install) by extensions ['ignore', 'ignore_ament_install']
[0.236s] Level 1:colcon.colcon_core.package_identification:_identify(install) by extension 'ignore'
[0.236s] Level 1:colcon.colcon_core.package_identification:_identify(install) ignored
[0.236s] Level 1:colcon.colcon_core.package_identification:_identify(log) by extensions ['ignore', 'ignore_ament_install']
[0.236s] Level 1:colcon.colcon_core.package_identification:_identify(log) by extension 'ignore'
[0.236s] Level 1:colcon.colcon_core.package_identification:_identify(log) ignored
[0.236s] Level 1:colcon.colcon_core.package_identification:_identify(odom_to_pose) by extensions ['ignore', 'ignore_ament_install']
[0.236s] Level 1:colcon.colcon_core.package_identification:_identify(odom_to_pose) by extension 'ignore'
[0.237s] Level 1:colcon.colcon_core.package_identification:_identify(odom_to_pose) by extension 'ignore_ament_install'
[0.237s] Level 1:colcon.colcon_core.package_identification:_identify(odom_to_pose) by extensions ['colcon_pkg']
[0.237s] Level 1:colcon.colcon_core.package_identification:_identify(odom_to_pose) by extension 'colcon_pkg'
[0.237s] Level 1:colcon.colcon_core.package_identification:_identify(odom_to_pose) by extensions ['colcon_meta']
[0.237s] Level 1:colcon.colcon_core.package_identification:_identify(odom_to_pose) by extension 'colcon_meta'
[0.237s] Level 1:colcon.colcon_core.package_identification:_identify(odom_to_pose) by extensions ['ros']
[0.237s] Level 1:colcon.colcon_core.package_identification:_identify(odom_to_pose) by extension 'ros'
[0.239s] DEBUG:colcon.colcon_core.package_identification:Package 'odom_to_pose' with type 'ros.ament_cmake' and name 'odom_to_pose'
[0.239s] Level 1:colcon.colcon_core.package_identification:_identify(target_publisher) by extensions ['ignore', 'ignore_ament_install']
[0.239s] Level 1:colcon.colcon_core.package_identification:_identify(target_publisher) by extension 'ignore'
[0.239s] Level 1:colcon.colcon_core.package_identification:_identify(target_publisher) by extension 'ignore_ament_install'
[0.239s] Level 1:colcon.colcon_core.package_identification:_identify(target_publisher) by extensions ['colcon_pkg']
[0.239s] Level 1:colcon.colcon_core.package_identification:_identify(target_publisher) by extension 'colcon_pkg'
[0.239s] Level 1:colcon.colcon_core.package_identification:_identify(target_publisher) by extensions ['colcon_meta']
[0.239s] Level 1:colcon.colcon_core.package_identification:_identify(target_publisher) by extension 'colcon_meta'
[0.239s] Level 1:colcon.colcon_core.package_identification:_identify(target_publisher) by extensions ['ros']
[0.239s] Level 1:colcon.colcon_core.package_identification:_identify(target_publisher) by extension 'ros'
[0.240s] DEBUG:colcon.colcon_core.package_identification:Package 'target_publisher' with type 'ros.ament_cmake' and name 'target_publisher'
[0.240s] Level 1:colcon.colcon_core.package_identification:_identify(vel_control) by extensions ['ignore', 'ignore_ament_install']
[0.240s] Level 1:colcon.colcon_core.package_identification:_identify(vel_control) by extension 'ignore'
[0.240s] Level 1:colcon.colcon_core.package_identification:_identify(vel_control) by extension 'ignore_ament_install'
[0.240s] Level 1:colcon.colcon_core.package_identification:_identify(vel_control) by extensions ['colcon_pkg']
[0.240s] Level 1:colcon.colcon_core.package_identification:_identify(vel_control) by extension 'colcon_pkg'
[0.240s] Level 1:colcon.colcon_core.package_identification:_identify(vel_control) by extensions ['colcon_meta']
[0.240s] Level 1:colcon.colcon_core.package_identification:_identify(vel_control) by extension 'colcon_meta'
[0.240s] Level 1:colcon.colcon_core.package_identification:_identify(vel_control) by extensions ['ros']
[0.240s] Level 1:colcon.colcon_core.package_identification:_identify(vel_control) by extension 'ros'
[0.240s] DEBUG:colcon.colcon_core.package_identification:Package 'vel_control' with type 'ros.ament_cmake' and name 'vel_control'
[0.240s] Level 1:colcon.colcon_core.package_discovery:discover_packages(recursive) using defaults
[0.241s] Level 1:colcon.colcon_core.package_discovery:discover_packages(ignore) discover
[0.241s] Level 1:colcon.colcon_core.package_discovery:discover_packages(ignore) using defaults
[0.241s] Level 1:colcon.colcon_core.package_discovery:discover_packages(path) discover
[0.241s] Level 1:colcon.colcon_core.package_discovery:discover_packages(path) using defaults
[0.273s] Level 1:colcon.colcon_core.package_discovery:discover_packages(prefix_path) check parameters
[0.273s] Level 1:colcon.colcon_core.package_discovery:discover_packages(prefix_path) discover
[0.275s] DEBUG:colcon.colcon_installed_package_information.package_discovery:Found 298 installed packages in /opt/ros/humble
[0.276s] Level 1:colcon.colcon_core.package_discovery:discover_packages(prefix_path) using defaults
[0.308s] Level 5:colcon.colcon_core.verb:set package 'odom_to_pose' build argument 'cmake_args' from command line to 'None'
[0.308s] Level 5:colcon.colcon_core.verb:set package 'odom_to_pose' build argument 'cmake_target' from command line to 'None'
[0.308s] Level 5:colcon.colcon_core.verb:set package 'odom_to_pose' build argument 'cmake_target_skip_unavailable' from command line to 'False'
[0.308s] Level 5:colcon.colcon_core.verb:set package 'odom_to_pose' build argument 'cmake_clean_cache' from command line to 'False'
[0.308s] Level 5:colcon.colcon_core.verb:set package 'odom_to_pose' build argument 'cmake_clean_first' from command line to 'False'
[0.308s] Level 5:colcon.colcon_core.verb:set package 'odom_to_pose' build argument 'cmake_force_configure' from command line to 'False'
[0.308s] Level 5:colcon.colcon_core.verb:set package 'odom_to_pose' build argument 'ament_cmake_args' from command line to 'None'
[0.308s] Level 5:colcon.colcon_core.verb:set package 'odom_to_pose' build argument 'catkin_cmake_args' from command line to 'None'
[0.308s] Level 5:colcon.colcon_core.verb:set package 'odom_to_pose' build argument 'catkin_skip_building_tests' from command line to 'False'
[0.308s] DEBUG:colcon.colcon_core.verb:Building package 'odom_to_pose' with the following arguments: {'ament_cmake_args': None, 'build_base': '/home/ozawa/nedo/4w_ws/src/build/odom_to_pose', 'catkin_cmake_args': None, 'catkin_skip_building_tests': False, 'cmake_args': None, 'cmake_clean_cache': False, 'cmake_clean_first': False, 'cmake_force_configure': False, 'cmake_target': None, 'cmake_target_skip_unavailable': False, 'install_base': '/home/ozawa/nedo/4w_ws/src/install/odom_to_pose', 'merge_install': False, 'path': '/home/ozawa/nedo/4w_ws/src/odom_to_pose', 'symlink_install': False, 'test_result_base': None}
[0.309s] Level 5:colcon.colcon_core.verb:set package 'target_publisher' build argument 'cmake_args' from command line to 'None'
[0.309s] Level 5:colcon.colcon_core.verb:set package 'target_publisher' build argument 'cmake_target' from command line to 'None'
[0.309s] Level 5:colcon.colcon_core.verb:set package 'target_publisher' build argument 'cmake_target_skip_unavailable' from command line to 'False'
[0.309s] Level 5:colcon.colcon_core.verb:set package 'target_publisher' build argument 'cmake_clean_cache' from command line to 'False'
[0.309s] Level 5:colcon.colcon_core.verb:set package 'target_publisher' build argument 'cmake_clean_first' from command line to 'False'
[0.309s] Level 5:colcon.colcon_core.verb:set package 'target_publisher' build argument 'cmake_force_configure' from command line to 'False'
[0.309s] Level 5:colcon.colcon_core.verb:set package 'target_publisher' build argument 'ament_cmake_args' from command line to 'None'
[0.309s] Level 5:colcon.colcon_core.verb:set package 'target_publisher' build argument 'catkin_cmake_args' from command line to 'None'
[0.309s] Level 5:colcon.colcon_core.verb:set package 'target_publisher' build argument 'catkin_skip_building_tests' from command line to 'False'
[0.309s] DEBUG:colcon.colcon_core.verb:Building package 'target_publisher' with the following arguments: {'ament_cmake_args': None, 'build_base': '/home/ozawa/nedo/4w_ws/src/build/target_publisher', 'catkin_cmake_args': None, 'catkin_skip_building_tests': False, 'cmake_args': None, 'cmake_clean_cache': False, 'cmake_clean_first': False, 'cmake_force_configure': False, 'cmake_target': None, 'cmake_target_skip_unavailable': False, 'install_base': '/home/ozawa/nedo/4w_ws/src/install/target_publisher', 'merge_install': False, 'path': '/home/ozawa/nedo/4w_ws/src/target_publisher', 'symlink_install': False, 'test_result_base': None}
[0.309s] Level 5:colcon.colcon_core.verb:set package 'vel_control' build argument 'cmake_args' from command line to 'None'
[0.309s] Level 5:colcon.colcon_core.verb:set package 'vel_control' build argument 'cmake_target' from command line to 'None'
[0.309s] Level 5:colcon.colcon_core.verb:set package 'vel_control' build argument 'cmake_target_skip_unavailable' from command line to 'False'
[0.309s] Level 5:colcon.colcon_core.verb:set package 'vel_control' build argument 'cmake_clean_cache' from command line to 'False'
[0.309s] Level 5:colcon.colcon_core.verb:set package 'vel_control' build argument 'cmake_clean_first' from command line to 'False'
[0.309s] Level 5:colcon.colcon_core.verb:set package 'vel_control' build argument 'cmake_force_configure' from command line to 'False'
[0.309s] Level 5:colcon.colcon_core.verb:set package 'vel_control' build argument 'ament_cmake_args' from command line to 'None'
[0.309s] Level 5:colcon.colcon_core.verb:set package 'vel_control' build argument 'catkin_cmake_args' from command line to 'None'
[0.309s] Level 5:colcon.colcon_core.verb:set package 'vel_control' build argument 'catkin_skip_building_tests' from command line to 'False'
[0.309s] DEBUG:colcon.colcon_core.verb:Building package 'vel_control' with the following arguments: {'ament_cmake_args': None, 'build_base': '/home/ozawa/nedo/4w_ws/src/build/vel_control', 'catkin_cmake_args': None, 'catkin_skip_building_tests': False, 'cmake_args': None, 'cmake_clean_cache': False, 'cmake_clean_first': False, 'cmake_force_configure': False, 'cmake_target': None, 'cmake_target_skip_unavailable': False, 'install_base': '/home/ozawa/nedo/4w_ws/src/install/vel_control', 'merge_install': False, 'path': '/home/ozawa/nedo/4w_ws/src/vel_control', 'symlink_install': False, 'test_result_base': None}
[0.309s] INFO:colcon.colcon_core.executor:Executing jobs using 'parallel' executor
[0.310s] DEBUG:colcon.colcon_parallel_executor.executor.parallel:run_until_complete
[0.311s] INFO:colcon.colcon_ros.task.ament_cmake.build:Building ROS package in '/home/ozawa/nedo/4w_ws/src/odom_to_pose' with build type 'ament_cmake'
[0.311s] INFO:colcon.colcon_cmake.task.cmake.build:Building CMake package in '/home/ozawa/nedo/4w_ws/src/odom_to_pose'
[0.313s] INFO:colcon.colcon_core.plugin_system:Skipping extension 'colcon_core.shell.bat': Not used on non-Windows systems
[0.313s] INFO:colcon.colcon_core.shell:Skip shell extension 'powershell' for command environment: Not usable outside of PowerShell
[0.313s] DEBUG:colcon.colcon_core.shell:Skip shell extension 'dsv' for command environment
[0.316s] INFO:colcon.colcon_ros.task.ament_cmake.build:Building ROS package in '/home/ozawa/nedo/4w_ws/src/target_publisher' with build type 'ament_cmake'
[0.317s] INFO:colcon.colcon_cmake.task.cmake.build:Building CMake package in '/home/ozawa/nedo/4w_ws/src/target_publisher'
[0.317s] INFO:colcon.colcon_core.shell:Skip shell extension 'powershell' for command environment: Not usable outside of PowerShell
[0.317s] DEBUG:colcon.colcon_core.shell:Skip shell extension 'dsv' for command environment
[0.320s] INFO:colcon.colcon_ros.task.ament_cmake.build:Building ROS package in '/home/ozawa/nedo/4w_ws/src/vel_control' with build type 'ament_cmake'
[0.320s] INFO:colcon.colcon_cmake.task.cmake.build:Building CMake package in '/home/ozawa/nedo/4w_ws/src/vel_control'
[0.320s] INFO:colcon.colcon_core.shell:Skip shell extension 'powershell' for command environment: Not usable outside of PowerShell
[0.321s] DEBUG:colcon.colcon_core.shell:Skip shell extension 'dsv' for command environment
[0.329s] DEBUG:colcon.colcon_core.event_handler.log_command:Invoking command in '/home/ozawa/nedo/4w_ws/src/build/odom_to_pose': CMAKE_PREFIX_PATH=/opt/ros/humble /usr/bin/cmake --build /home/ozawa/nedo/4w_ws/src/build/odom_to_pose -- -j16 -l16
[0.334s] DEBUG:colcon.colcon_core.event_handler.log_command:Invoking command in '/home/ozawa/nedo/4w_ws/src/build/target_publisher': CMAKE_PREFIX_PATH=/opt/ros/humble /usr/bin/cmake --build /home/ozawa/nedo/4w_ws/src/build/target_publisher -- -j16 -l16
[0.339s] DEBUG:colcon.colcon_core.event_handler.log_command:Invoking command in '/home/ozawa/nedo/4w_ws/src/build/vel_control': CMAKE_PREFIX_PATH=/opt/ros/humble /usr/bin/cmake --build /home/ozawa/nedo/4w_ws/src/build/vel_control -- -j16 -l16
[0.417s] DEBUG:colcon.colcon_core.event_handler.log_command:Invoked command in '/home/ozawa/nedo/4w_ws/src/build/odom_to_pose' returned '0': CMAKE_PREFIX_PATH=/opt/ros/humble /usr/bin/cmake --build /home/ozawa/nedo/4w_ws/src/build/odom_to_pose -- -j16 -l16
[0.419s] DEBUG:colcon.colcon_core.event_handler.log_command:Invoked command in '/home/ozawa/nedo/4w_ws/src/build/target_publisher' returned '0': CMAKE_PREFIX_PATH=/opt/ros/humble /usr/bin/cmake --build /home/ozawa/nedo/4w_ws/src/build/target_publisher -- -j16 -l16
[0.464s] DEBUG:colcon.colcon_core.event_handler.log_command:Invoking command in '/home/ozawa/nedo/4w_ws/src/build/target_publisher': CMAKE_PREFIX_PATH=/opt/ros/humble /usr/bin/cmake --install /home/ozawa/nedo/4w_ws/src/build/target_publisher
[0.467s] DEBUG:colcon.colcon_core.event_handler.log_command:Invoking command in '/home/ozawa/nedo/4w_ws/src/build/odom_to_pose': CMAKE_PREFIX_PATH=/opt/ros/humble /usr/bin/cmake --install /home/ozawa/nedo/4w_ws/src/build/odom_to_pose
[0.478s] Level 1:colcon.colcon_core.environment:create_environment_scripts_only(target_publisher)
[0.479s] DEBUG:colcon.colcon_core.event_handler.log_command:Invoked command in '/home/ozawa/nedo/4w_ws/src/build/target_publisher' returned '0': CMAKE_PREFIX_PATH=/opt/ros/humble /usr/bin/cmake --install /home/ozawa/nedo/4w_ws/src/build/target_publisher
[0.481s] Level 1:colcon.colcon_core.environment:checking '/home/ozawa/nedo/4w_ws/src/install/target_publisher' for CMake module files
[0.481s] Level 1:colcon.colcon_core.environment:checking '/home/ozawa/nedo/4w_ws/src/install/target_publisher' for CMake config files
[0.482s] Level 1:colcon.colcon_core.shell:create_environment_hook('target_publisher', 'cmake_prefix_path')
[0.482s] INFO:colcon.colcon_core.shell:Creating environment hook '/home/ozawa/nedo/4w_ws/src/install/target_publisher/share/target_publisher/hook/cmake_prefix_path.ps1'
[0.483s] INFO:colcon.colcon_core.shell:Creating environment descriptor '/home/ozawa/nedo/4w_ws/src/install/target_publisher/share/target_publisher/hook/cmake_prefix_path.dsv'
[0.483s] INFO:colcon.colcon_core.shell:Creating environment hook '/home/ozawa/nedo/4w_ws/src/install/target_publisher/share/target_publisher/hook/cmake_prefix_path.sh'
[0.484s] Level 1:colcon.colcon_core.environment:checking '/home/ozawa/nedo/4w_ws/src/install/target_publisher/lib'
[0.484s] Level 1:colcon.colcon_core.environment:checking '/home/ozawa/nedo/4w_ws/src/install/target_publisher/bin'
[0.484s] Level 1:colcon.colcon_core.environment:checking '/home/ozawa/nedo/4w_ws/src/install/target_publisher/lib/pkgconfig/target_publisher.pc'
[0.484s] Level 1:colcon.colcon_core.environment:checking '/home/ozawa/nedo/4w_ws/src/install/target_publisher/lib/python3.10/site-packages'
[0.484s] Level 1:colcon.colcon_core.environment:checking '/home/ozawa/nedo/4w_ws/src/install/target_publisher/bin'
[0.485s] INFO:colcon.colcon_core.shell:Creating package script '/home/ozawa/nedo/4w_ws/src/install/target_publisher/share/target_publisher/package.ps1'
[0.485s] INFO:colcon.colcon_core.shell:Creating package descriptor '/home/ozawa/nedo/4w_ws/src/install/target_publisher/share/target_publisher/package.dsv'
[0.486s] INFO:colcon.colcon_core.shell:Creating package script '/home/ozawa/nedo/4w_ws/src/install/target_publisher/share/target_publisher/package.sh'
[0.486s] INFO:colcon.colcon_core.shell:Creating package script '/home/ozawa/nedo/4w_ws/src/install/target_publisher/share/target_publisher/package.bash'
[0.487s] INFO:colcon.colcon_core.shell:Creating package script '/home/ozawa/nedo/4w_ws/src/install/target_publisher/share/target_publisher/package.zsh'
[0.487s] Level 1:colcon.colcon_core.environment:create_file_with_runtime_dependencies(/home/ozawa/nedo/4w_ws/src/install/target_publisher/share/colcon-core/packages/target_publisher)
[0.489s] Level 1:colcon.colcon_core.environment:create_environment_scripts_only(odom_to_pose)
[0.489s] Level 1:colcon.colcon_core.environment:checking '/home/ozawa/nedo/4w_ws/src/install/odom_to_pose' for CMake module files
[0.490s] DEBUG:colcon.colcon_core.event_handler.log_command:Invoked command in '/home/ozawa/nedo/4w_ws/src/build/odom_to_pose' returned '0': CMAKE_PREFIX_PATH=/opt/ros/humble /usr/bin/cmake --install /home/ozawa/nedo/4w_ws/src/build/odom_to_pose
[0.490s] Level 1:colcon.colcon_core.environment:checking '/home/ozawa/nedo/4w_ws/src/install/odom_to_pose' for CMake config files
[0.491s] Level 1:colcon.colcon_core.shell:create_environment_hook('odom_to_pose', 'cmake_prefix_path')
[0.491s] INFO:colcon.colcon_core.shell:Creating environment hook '/home/ozawa/nedo/4w_ws/src/install/odom_to_pose/share/odom_to_pose/hook/cmake_prefix_path.ps1'
[0.491s] INFO:colcon.colcon_core.shell:Creating environment descriptor '/home/ozawa/nedo/4w_ws/src/install/odom_to_pose/share/odom_to_pose/hook/cmake_prefix_path.dsv'
[0.491s] INFO:colcon.colcon_core.shell:Creating environment hook '/home/ozawa/nedo/4w_ws/src/install/odom_to_pose/share/odom_to_pose/hook/cmake_prefix_path.sh'
[0.492s] Level 1:colcon.colcon_core.environment:checking '/home/ozawa/nedo/4w_ws/src/install/odom_to_pose/lib'
[0.492s] Level 1:colcon.colcon_core.environment:checking '/home/ozawa/nedo/4w_ws/src/install/odom_to_pose/bin'
[0.492s] Level 1:colcon.colcon_core.environment:checking '/home/ozawa/nedo/4w_ws/src/install/odom_to_pose/lib/pkgconfig/odom_to_pose.pc'
[0.492s] Level 1:colcon.colcon_core.environment:checking '/home/ozawa/nedo/4w_ws/src/install/odom_to_pose/lib/python3.10/site-packages'
[0.493s] Level 1:colcon.colcon_core.environment:checking '/home/ozawa/nedo/4w_ws/src/install/odom_to_pose/bin'
[0.493s] INFO:colcon.colcon_core.shell:Creating package script '/home/ozawa/nedo/4w_ws/src/install/odom_to_pose/share/odom_to_pose/package.ps1'
[0.493s] INFO:colcon.colcon_core.shell:Creating package descriptor '/home/ozawa/nedo/4w_ws/src/install/odom_to_pose/share/odom_to_pose/package.dsv'
[0.494s] INFO:colcon.colcon_core.shell:Creating package script '/home/ozawa/nedo/4w_ws/src/install/odom_to_pose/share/odom_to_pose/package.sh'
[0.494s] INFO:colcon.colcon_core.shell:Creating package script '/home/ozawa/nedo/4w_ws/src/install/odom_to_pose/share/odom_to_pose/package.bash'
[0.494s] INFO:colcon.colcon_core.shell:Creating package script '/home/ozawa/nedo/4w_ws/src/install/odom_to_pose/share/odom_to_pose/package.zsh'
[0.495s] Level 1:colcon.colcon_core.environment:create_file_with_runtime_dependencies(/home/ozawa/nedo/4w_ws/src/install/odom_to_pose/share/colcon-core/packages/odom_to_pose)
[0.519s] Level 1:colcon.colcon_core.environment:create_environment_scripts_only(target_publisher)
[0.519s] Level 1:colcon.colcon_core.environment:checking '/home/ozawa/nedo/4w_ws/src/install/target_publisher' for CMake module files
[0.519s] Level 1:colcon.colcon_core.environment:checking '/home/ozawa/nedo/4w_ws/src/install/target_publisher' for CMake config files
[0.520s] Level 1:colcon.colcon_core.shell:create_environment_hook('target_publisher', 'cmake_prefix_path')
[0.520s] INFO:colcon.colcon_core.shell:Creating environment hook '/home/ozawa/nedo/4w_ws/src/install/target_publisher/share/target_publisher/hook/cmake_prefix_path.ps1'
[0.520s] INFO:colcon.colcon_core.shell:Creating environment descriptor '/home/ozawa/nedo/4w_ws/src/install/target_publisher/share/target_publisher/hook/cmake_prefix_path.dsv'
[0.521s] INFO:colcon.colcon_core.shell:Creating environment hook '/home/ozawa/nedo/4w_ws/src/install/target_publisher/share/target_publisher/hook/cmake_prefix_path.sh'
[0.521s] Level 1:colcon.colcon_core.environment:checking '/home/ozawa/nedo/4w_ws/src/install/target_publisher/lib'
[0.521s] Level 1:colcon.colcon_core.environment:checking '/home/ozawa/nedo/4w_ws/src/install/target_publisher/bin'
[0.521s] Level 1:colcon.colcon_core.environment:checking '/home/ozawa/nedo/4w_ws/src/install/target_publisher/lib/pkgconfig/target_publisher.pc'
[0.522s] Level 1:colcon.colcon_core.environment:checking '/home/ozawa/nedo/4w_ws/src/install/target_publisher/lib/python3.10/site-packages'
[0.522s] Level 1:colcon.colcon_core.environment:checking '/home/ozawa/nedo/4w_ws/src/install/target_publisher/bin'
[0.522s] INFO:colcon.colcon_core.shell:Creating package script '/home/ozawa/nedo/4w_ws/src/install/target_publisher/share/target_publisher/package.ps1'
[0.523s] INFO:colcon.colcon_core.shell:Creating package descriptor '/home/ozawa/nedo/4w_ws/src/install/target_publisher/share/target_publisher/package.dsv'
[0.523s] INFO:colcon.colcon_core.shell:Creating package script '/home/ozawa/nedo/4w_ws/src/install/target_publisher/share/target_publisher/package.sh'
[0.524s] INFO:colcon.colcon_core.shell:Creating package script '/home/ozawa/nedo/4w_ws/src/install/target_publisher/share/target_publisher/package.bash'
[0.524s] INFO:colcon.colcon_core.shell:Creating package script '/home/ozawa/nedo/4w_ws/src/install/target_publisher/share/target_publisher/package.zsh'
[0.524s] Level 1:colcon.colcon_core.environment:create_file_with_runtime_dependencies(/home/ozawa/nedo/4w_ws/src/install/target_publisher/share/colcon-core/packages/target_publisher)
[0.526s] Level 1:colcon.colcon_core.environment:create_environment_scripts_only(odom_to_pose)
[0.526s] Level 1:colcon.colcon_core.environment:checking '/home/ozawa/nedo/4w_ws/src/install/odom_to_pose' for CMake module files
[0.527s] Level 1:colcon.colcon_core.environment:checking '/home/ozawa/nedo/4w_ws/src/install/odom_to_pose' for CMake config files
[0.527s] Level 1:colcon.colcon_core.shell:create_environment_hook('odom_to_pose', 'cmake_prefix_path')
[0.527s] INFO:colcon.colcon_core.shell:Creating environment hook '/home/ozawa/nedo/4w_ws/src/install/odom_to_pose/share/odom_to_pose/hook/cmake_prefix_path.ps1'
[0.528s] INFO:colcon.colcon_core.shell:Creating environment descriptor '/home/ozawa/nedo/4w_ws/src/install/odom_to_pose/share/odom_to_pose/hook/cmake_prefix_path.dsv'
[0.528s] INFO:colcon.colcon_core.shell:Creating environment hook '/home/ozawa/nedo/4w_ws/src/install/odom_to_pose/share/odom_to_pose/hook/cmake_prefix_path.sh'
[0.529s] Level 1:colcon.colcon_core.environment:checking '/home/ozawa/nedo/4w_ws/src/install/odom_to_pose/lib'
[0.529s] Level 1:colcon.colcon_core.environment:checking '/home/ozawa/nedo/4w_ws/src/install/odom_to_pose/bin'
[0.529s] Level 1:colcon.colcon_core.environment:checking '/home/ozawa/nedo/4w_ws/src/install/odom_to_pose/lib/pkgconfig/odom_to_pose.pc'
[0.529s] Level 1:colcon.colcon_core.environment:checking '/home/ozawa/nedo/4w_ws/src/install/odom_to_pose/lib/python3.10/site-packages'
[0.529s] Level 1:colcon.colcon_core.environment:checking '/home/ozawa/nedo/4w_ws/src/install/odom_to_pose/bin'
[0.530s] INFO:colcon.colcon_core.shell:Creating package script '/home/ozawa/nedo/4w_ws/src/install/odom_to_pose/share/odom_to_pose/package.ps1'
[0.530s] INFO:colcon.colcon_core.shell:Creating package descriptor '/home/ozawa/nedo/4w_ws/src/install/odom_to_pose/share/odom_to_pose/package.dsv'
[0.531s] INFO:colcon.colcon_core.shell:Creating package script '/home/ozawa/nedo/4w_ws/src/install/odom_to_pose/share/odom_to_pose/package.sh'
[0.531s] INFO:colcon.colcon_core.shell:Creating package script '/home/ozawa/nedo/4w_ws/src/install/odom_to_pose/share/odom_to_pose/package.bash'
[0.532s] INFO:colcon.colcon_core.shell:Creating package script '/home/ozawa/nedo/4w_ws/src/install/odom_to_pose/share/odom_to_pose/package.zsh'
[0.532s] Level 1:colcon.colcon_core.environment:create_file_with_runtime_dependencies(/home/ozawa/nedo/4w_ws/src/install/odom_to_pose/share/colcon-core/packages/odom_to_pose)
[9.596s] DEBUG:colcon.colcon_core.event_handler.log_command:Invoked command in '/home/ozawa/nedo/4w_ws/src/build/vel_control' returned '0': CMAKE_PREFIX_PATH=/opt/ros/humble /usr/bin/cmake --build /home/ozawa/nedo/4w_ws/src/build/vel_control -- -j16 -l16
[9.623s] DEBUG:colcon.colcon_core.event_handler.log_command:Invoking command in '/home/ozawa/nedo/4w_ws/src/build/vel_control': CMAKE_PREFIX_PATH=/opt/ros/humble /usr/bin/cmake --install /home/ozawa/nedo/4w_ws/src/build/vel_control
[9.638s] Level 1:colcon.colcon_core.environment:create_environment_scripts_only(vel_control)
[9.639s] Level 1:colcon.colcon_core.environment:checking '/home/ozawa/nedo/4w_ws/src/install/vel_control' for CMake module files
[9.639s] DEBUG:colcon.colcon_core.event_handler.log_command:Invoked command in '/home/ozawa/nedo/4w_ws/src/build/vel_control' returned '0': CMAKE_PREFIX_PATH=/opt/ros/humble /usr/bin/cmake --install /home/ozawa/nedo/4w_ws/src/build/vel_control
[9.639s] Level 1:colcon.colcon_core.environment:checking '/home/ozawa/nedo/4w_ws/src/install/vel_control' for CMake config files
[9.640s] Level 1:colcon.colcon_core.shell:create_environment_hook('vel_control', 'cmake_prefix_path')
[9.640s] INFO:colcon.colcon_core.shell:Creating environment hook '/home/ozawa/nedo/4w_ws/src/install/vel_control/share/vel_control/hook/cmake_prefix_path.ps1'
[9.640s] INFO:colcon.colcon_core.shell:Creating environment descriptor '/home/ozawa/nedo/4w_ws/src/install/vel_control/share/vel_control/hook/cmake_prefix_path.dsv'
[9.641s] INFO:colcon.colcon_core.shell:Creating environment hook '/home/ozawa/nedo/4w_ws/src/install/vel_control/share/vel_control/hook/cmake_prefix_path.sh'
[9.641s] Level 1:colcon.colcon_core.environment:checking '/home/ozawa/nedo/4w_ws/src/install/vel_control/lib'
[9.641s] Level 1:colcon.colcon_core.environment:checking '/home/ozawa/nedo/4w_ws/src/install/vel_control/bin'
[9.641s] Level 1:colcon.colcon_core.environment:checking '/home/ozawa/nedo/4w_ws/src/install/vel_control/lib/pkgconfig/vel_control.pc'
[9.641s] Level 1:colcon.colcon_core.environment:checking '/home/ozawa/nedo/4w_ws/src/install/vel_control/lib/python3.10/site-packages'
[9.641s] Level 1:colcon.colcon_core.environment:checking '/home/ozawa/nedo/4w_ws/src/install/vel_control/bin'
[9.642s] INFO:colcon.colcon_core.shell:Creating package script '/home/ozawa/nedo/4w_ws/src/install/vel_control/share/vel_control/package.ps1'
[9.642s] INFO:colcon.colcon_core.shell:Creating package descriptor '/home/ozawa/nedo/4w_ws/src/install/vel_control/share/vel_control/package.dsv'
[9.642s] INFO:colcon.colcon_core.shell:Creating package script '/home/ozawa/nedo/4w_ws/src/install/vel_control/share/vel_control/package.sh'
[9.643s] INFO:colcon.colcon_core.shell:Creating package script '/home/ozawa/nedo/4w_ws/src/install/vel_control/share/vel_control/package.bash'
[9.643s] INFO:colcon.colcon_core.shell:Creating package script '/home/ozawa/nedo/4w_ws/src/install/vel_control/share/vel_control/package.zsh'
[9.643s] Level 1:colcon.colcon_core.environment:create_file_with_runtime_dependencies(/home/ozawa/nedo/4w_ws/src/install/vel_control/share/colcon-core/packages/vel_control)
[9.672s] Level 1:colcon.colcon_core.environment:create_environment_scripts_only(vel_control)
[9.673s] Level 1:colcon.colcon_core.environment:checking '/home/ozawa/nedo/4w_ws/src/install/vel_control' for CMake module files
[9.673s] Level 1:colcon.colcon_core.environment:checking '/home/ozawa/nedo/4w_ws/src/install/vel_control' for CMake config files
[9.673s] Level 1:colcon.colcon_core.shell:create_environment_hook('vel_control', 'cmake_prefix_path')
[9.674s] INFO:colcon.colcon_core.shell:Creating environment hook '/home/ozawa/nedo/4w_ws/src/install/vel_control/share/vel_control/hook/cmake_prefix_path.ps1'
[9.674s] INFO:colcon.colcon_core.shell:Creating environment descriptor '/home/ozawa/nedo/4w_ws/src/install/vel_control/share/vel_control/hook/cmake_prefix_path.dsv'
[9.674s] INFO:colcon.colcon_core.shell:Creating environment hook '/home/ozawa/nedo/4w_ws/src/install/vel_control/share/vel_control/hook/cmake_prefix_path.sh'
[9.675s] Level 1:colcon.colcon_core.environment:checking '/home/ozawa/nedo/4w_ws/src/install/vel_control/lib'
[9.675s] Level 1:colcon.colcon_core.environment:checking '/home/ozawa/nedo/4w_ws/src/install/vel_control/bin'
[9.675s] Level 1:colcon.colcon_core.environment:checking '/home/ozawa/nedo/4w_ws/src/install/vel_control/lib/pkgconfig/vel_control.pc'
[9.675s] Level 1:colcon.colcon_core.environment:checking '/home/ozawa/nedo/4w_ws/src/install/vel_control/lib/python3.10/site-packages'
[9.675s] Level 1:colcon.colcon_core.environment:checking '/home/ozawa/nedo/4w_ws/src/install/vel_control/bin'
[9.676s] INFO:colcon.colcon_core.shell:Creating package script '/home/ozawa/nedo/4w_ws/src/install/vel_control/share/vel_control/package.ps1'
[9.676s] INFO:colcon.colcon_core.shell:Creating package descriptor '/home/ozawa/nedo/4w_ws/src/install/vel_control/share/vel_control/package.dsv'
[9.676s] INFO:colcon.colcon_core.shell:Creating package script '/home/ozawa/nedo/4w_ws/src/install/vel_control/share/vel_control/package.sh'
[9.677s] INFO:colcon.colcon_core.shell:Creating package script '/home/ozawa/nedo/4w_ws/src/install/vel_control/share/vel_control/package.bash'
[9.677s] INFO:colcon.colcon_core.shell:Creating package script '/home/ozawa/nedo/4w_ws/src/install/vel_control/share/vel_control/package.zsh'
[9.677s] Level 1:colcon.colcon_core.environment:create_file_with_runtime_dependencies(/home/ozawa/nedo/4w_ws/src/install/vel_control/share/colcon-core/packages/vel_control)
[9.677s] DEBUG:colcon.colcon_parallel_executor.executor.parallel:closing loop
[9.678s] DEBUG:colcon.colcon_parallel_executor.executor.parallel:loop closed
[9.678s] DEBUG:colcon.colcon_parallel_executor.executor.parallel:run_until_complete finished with '0'
[9.678s] DEBUG:colcon.colcon_core.event_reactor:joining thread
[9.682s] INFO:colcon.colcon_core.plugin_system:Skipping extension 'colcon_notification.desktop_notification.terminal_notifier': Not used on non-Darwin systems
[9.682s] INFO:colcon.colcon_core.plugin_system:Skipping extension 'colcon_notification.desktop_notification.win32': Not used on non-Windows systems
[9.682s] INFO:colcon.colcon_notification.desktop_notification:Sending desktop notification using 'notify2'
[9.693s] DEBUG:colcon.colcon_core.event_reactor:joined thread
[9.693s] INFO:colcon.colcon_core.shell:Creating prefix script '/home/ozawa/nedo/4w_ws/src/install/local_setup.ps1'
[9.694s] INFO:colcon.colcon_core.shell:Creating prefix util module '/home/ozawa/nedo/4w_ws/src/install/_local_setup_util_ps1.py'
[9.695s] INFO:colcon.colcon_core.shell:Creating prefix chain script '/home/ozawa/nedo/4w_ws/src/install/setup.ps1'
[9.696s] INFO:colcon.colcon_core.shell:Creating prefix script '/home/ozawa/nedo/4w_ws/src/install/local_setup.sh'
[9.696s] INFO:colcon.colcon_core.shell:Creating prefix util module '/home/ozawa/nedo/4w_ws/src/install/_local_setup_util_sh.py'
[9.697s] INFO:colcon.colcon_core.shell:Creating prefix chain script '/home/ozawa/nedo/4w_ws/src/install/setup.sh'
[9.698s] INFO:colcon.colcon_core.shell:Creating prefix script '/home/ozawa/nedo/4w_ws/src/install/local_setup.bash'
[9.698s] INFO:colcon.colcon_core.shell:Creating prefix chain script '/home/ozawa/nedo/4w_ws/src/install/setup.bash'
[9.698s] INFO:colcon.colcon_core.shell:Creating prefix script '/home/ozawa/nedo/4w_ws/src/install/local_setup.zsh'
[9.699s] INFO:colcon.colcon_core.shell:Creating prefix chain script '/home/ozawa/nedo/4w_ws/src/install/setup.zsh'
