[0.014s] Invoking command in '/home/ozawa/nedo/4w_ws/build/odom_to_pose': CMAKE_PREFIX_PATH=${CMAKE_PREFIX_PATH}:/opt/ros/humble /usr/bin/cmake --build /home/ozawa/nedo/4w_ws/build/odom_to_pose -- -j16 -l16
[0.053s] [35m[1mConsolidate compiler generated dependencies of target odompose_node[0m
[0.069s] [ 50%] [32mBuilding CXX object CMakeFiles/odompose_node.dir/src/odompose_node.cpp.o[0m
[3.805s] [100%] [32m[1mLinking CXX executable odompose_node[0m
[4.026s] [100%] Built target odompose_node
[4.036s] Invoked command in '/home/ozawa/nedo/4w_ws/build/odom_to_pose' returned '0': CMAKE_PREFIX_PATH=${CMAKE_PREFIX_PATH}:/opt/ros/humble /usr/bin/cmake --build /home/ozawa/nedo/4w_ws/build/odom_to_pose -- -j16 -l16
[4.065s] Invoking command in '/home/ozawa/nedo/4w_ws/build/odom_to_pose': CMAKE_PREFIX_PATH=${CMAKE_PREFIX_PATH}:/opt/ros/humble /usr/bin/cmake --install /home/ozawa/nedo/4w_ws/build/odom_to_pose
[4.072s] -- Install configuration: ""
[4.072s] -- Installing: /home/ozawa/nedo/4w_ws/install/odom_to_pose/lib/odom_to_pose/odompose_node
[4.074s] -- Set runtime path of "/home/ozawa/nedo/4w_ws/install/odom_to_pose/lib/odom_to_pose/odompose_node" to ""
[4.074s] -- Up-to-date: /home/ozawa/nedo/4w_ws/install/odom_to_pose/share/ament_index/resource_index/package_run_dependencies/odom_to_pose
[4.074s] -- Up-to-date: /home/ozawa/nedo/4w_ws/install/odom_to_pose/share/ament_index/resource_index/parent_prefix_path/odom_to_pose
[4.074s] -- Up-to-date: /home/ozawa/nedo/4w_ws/install/odom_to_pose/share/odom_to_pose/environment/ament_prefix_path.sh
[4.075s] -- Up-to-date: /home/ozawa/nedo/4w_ws/install/odom_to_pose/share/odom_to_pose/environment/ament_prefix_path.dsv
[4.075s] -- Up-to-date: /home/ozawa/nedo/4w_ws/install/odom_to_pose/share/odom_to_pose/environment/path.sh
[4.075s] -- Up-to-date: /home/ozawa/nedo/4w_ws/install/odom_to_pose/share/odom_to_pose/environment/path.dsv
[4.075s] -- Up-to-date: /home/ozawa/nedo/4w_ws/install/odom_to_pose/share/odom_to_pose/local_setup.bash
[4.075s] -- Up-to-date: /home/ozawa/nedo/4w_ws/install/odom_to_pose/share/odom_to_pose/local_setup.sh
[4.075s] -- Up-to-date: /home/ozawa/nedo/4w_ws/install/odom_to_pose/share/odom_to_pose/local_setup.zsh
[4.075s] -- Up-to-date: /home/ozawa/nedo/4w_ws/install/odom_to_pose/share/odom_to_pose/local_setup.dsv
[4.075s] -- Installing: /home/ozawa/nedo/4w_ws/install/odom_to_pose/share/odom_to_pose/package.dsv
[4.075s] -- Up-to-date: /home/ozawa/nedo/4w_ws/install/odom_to_pose/share/ament_index/resource_index/packages/odom_to_pose
[4.075s] -- Up-to-date: /home/ozawa/nedo/4w_ws/install/odom_to_pose/share/odom_to_pose/cmake/odom_to_poseConfig.cmake
[4.075s] -- Up-to-date: /home/ozawa/nedo/4w_ws/install/odom_to_pose/share/odom_to_pose/cmake/odom_to_poseConfig-version.cmake
[4.076s] -- Up-to-date: /home/ozawa/nedo/4w_ws/install/odom_to_pose/share/odom_to_pose/package.xml
[4.077s] Invoked command in '/home/ozawa/nedo/4w_ws/build/odom_to_pose' returned '0': CMAKE_PREFIX_PATH=${CMAKE_PREFIX_PATH}:/opt/ros/humble /usr/bin/cmake --install /home/ozawa/nedo/4w_ws/build/odom_to_pose
