[ 50%] [32mBuilding CXX object CMakeFiles/velcontrol_node.dir/src/velcontrol_node.cpp.o[0m
[01m[K/home/ozawa/nedo/4w_ws/src/vel_control/src/velcontrol_node.cpp:[m[K In member function ‘[01m[Kvoid VelControlNode::pose_callback(geometry_msgs::msg::PoseStamped_<std::allocator<void> >::SharedPtr)[m[K’:
[01m[K/home/ozawa/nedo/4w_ws/src/vel_control/src/velcontrol_node.cpp:61:73:[m[K [01;35m[Kwarning: [m[Kunused parameter ‘[01m[Kmsg[m[K’ [[01;35m[K]8;;https://gcc.gnu.org/onlinedocs/gcc/Warning-Options.html#index-Wunused-parameter-Wunused-parameter]8;;[m[K]
   61 | d pose_callback([01;35m[Kconst geometry_msgs::msg::PoseStamped::SharedPtr msg[m[K) {
      |                 [01;35m[K~~~~~~~~~~~~~~~~~~~~~~~~~~~~~~~~~~~~~~~~~~~~~~~~~^~~[m[K

[100%] [32m[1mLinking CXX executable velcontrol_node[0m
[100%] Built target velcontrol_node
-- Install configuration: ""
-- Installing: /home/ozawa/nedo/4w_ws/install/vel_control/lib/vel_control/velcontrol_node
-- Set runtime path of "/home/ozawa/nedo/4w_ws/install/vel_control/lib/vel_control/velcontrol_node" to ""
-- Up-to-date: /home/ozawa/nedo/4w_ws/install/vel_control/share/ament_index/resource_index/package_run_dependencies/vel_control
-- Up-to-date: /home/ozawa/nedo/4w_ws/install/vel_control/share/ament_index/resource_index/parent_prefix_path/vel_control
-- Up-to-date: /home/ozawa/nedo/4w_ws/install/vel_control/share/vel_control/environment/ament_prefix_path.sh
-- Up-to-date: /home/ozawa/nedo/4w_ws/install/vel_control/share/vel_control/environment/ament_prefix_path.dsv
-- Up-to-date: /home/ozawa/nedo/4w_ws/install/vel_control/share/vel_control/environment/path.sh
-- Up-to-date: /home/ozawa/nedo/4w_ws/install/vel_control/share/vel_control/environment/path.dsv
-- Up-to-date: /home/ozawa/nedo/4w_ws/install/vel_control/share/vel_control/local_setup.bash
-- Up-to-date: /home/ozawa/nedo/4w_ws/install/vel_control/share/vel_control/local_setup.sh
-- Up-to-date: /home/ozawa/nedo/4w_ws/install/vel_control/share/vel_control/local_setup.zsh
-- Up-to-date: /home/ozawa/nedo/4w_ws/install/vel_control/share/vel_control/local_setup.dsv
-- Installing: /home/ozawa/nedo/4w_ws/install/vel_control/share/vel_control/package.dsv
-- Up-to-date: /home/ozawa/nedo/4w_ws/install/vel_control/share/ament_index/resource_index/packages/vel_control
-- Up-to-date: /home/ozawa/nedo/4w_ws/install/vel_control/share/vel_control/cmake/vel_controlConfig.cmake
-- Up-to-date: /home/ozawa/nedo/4w_ws/install/vel_control/share/vel_control/cmake/vel_controlConfig-version.cmake
-- Up-to-date: /home/ozawa/nedo/4w_ws/install/vel_control/share/vel_control/package.xml
