-- The C compiler identification is GNU 11.4.0
-- The CXX compiler identification is GNU 11.4.0
-- Detecting C compiler ABI info
-- Detecting C compiler ABI info - done
-- Check for working C compiler: /usr/bin/cc - skipped
-- Detecting C compile features
-- Detecting C compile features - done
-- Detecting CXX compiler ABI info
-- Detecting CXX compiler ABI info - done
-- Check for working CXX compiler: /usr/bin/c++ - skipped
-- Detecting CXX compile features
-- Detecting CXX compile features - done
-- Found ament_cmake: 1.3.10 (/opt/ros/humble/share/ament_cmake/cmake)
-- Found Python3: /usr/bin/python3 (found version "3.10.12") found components: Interpreter 
-- Found rclcpp: 16.0.10 (/opt/ros/humble/share/rclcpp/cmake)
-- Found rosidl_generator_c: 3.1.5 (/opt/ros/humble/share/rosidl_generator_c/cmake)
-- Found rosidl_adapter: 3.1.5 (/opt/ros/humble/share/rosidl_adapter/cmake)
-- Found rosidl_generator_cpp: 3.1.5 (/opt/ros/humble/share/rosidl_generator_cpp/cmake)
-- Using all available rosidl_typesupport_c: rosidl_typesupport_fastrtps_c;rosidl_typesupport_introspection_c
-- Using all available rosidl_typesupport_cpp: rosidl_typesupport_fastrtps_cpp;rosidl_typesupport_introspection_cpp
-- Found rmw_implementation_cmake: 6.1.2 (/opt/ros/humble/share/rmw_implementation_cmake/cmake)
-- Found rmw_fastrtps_cpp: 6.2.7 (/opt/ros/humble/share/rmw_fastrtps_cpp/cmake)
-- Found OpenSSL: /usr/lib/x86_64-linux-gnu/libcrypto.so (found version "3.0.2")  
-- Found FastRTPS: /opt/ros/humble/include  
-- Using RMW implementation 'rmw_fastrtps_cpp' as default
-- Looking for pthread.h
-- Looking for pthread.h - found
-- Performing Test CMAKE_HAVE_LIBC_PTHREAD
-- Performing Test CMAKE_HAVE_LIBC_PTHREAD - Success
-- Found Threads: TRUE  
-- Found nav_msgs: 4.2.4 (/opt/ros/humble/share/nav_msgs/cmake)
-- Found tf2: 0.25.8 (/opt/ros/humble/share/tf2/cmake)
-- Found tf2_geometry_msgs: 0.25.8 (/opt/ros/humble/share/tf2_geometry_msgs/cmake)
-- Found eigen3_cmake_module: 0.1.1 (/opt/ros/humble/share/eigen3_cmake_module/cmake)
-- Found Eigen3: TRUE (found version "3.4.0") 
-- Ensuring Eigen3 include directory is part of orocos-kdl CMake target
-- Configuring done
-- Generating done
-- Build files have been written to: /home/ozawa/nedo/4w_ws/build/odom_to_pose
[ 50%] [32mBuilding CXX object CMakeFiles/odompose_node.dir/src/odompose_node.cpp.o[0m
[100%] [32m[1mLinking CXX executable odompose_node[0m
[100%] Built target odompose_node
-- Install configuration: ""
-- Installing: /home/ozawa/nedo/4w_ws/install/odom_to_pose/lib/odom_to_pose/odompose_node
-- Set runtime path of "/home/ozawa/nedo/4w_ws/install/odom_to_pose/lib/odom_to_pose/odompose_node" to ""
-- Installing: /home/ozawa/nedo/4w_ws/install/odom_to_pose/share/ament_index/resource_index/package_run_dependencies/odom_to_pose
-- Installing: /home/ozawa/nedo/4w_ws/install/odom_to_pose/share/ament_index/resource_index/parent_prefix_path/odom_to_pose
-- Installing: /home/ozawa/nedo/4w_ws/install/odom_to_pose/share/odom_to_pose/environment/ament_prefix_path.sh
-- Installing: /home/ozawa/nedo/4w_ws/install/odom_to_pose/share/odom_to_pose/environment/ament_prefix_path.dsv
-- Installing: /home/ozawa/nedo/4w_ws/install/odom_to_pose/share/odom_to_pose/environment/path.sh
-- Installing: /home/ozawa/nedo/4w_ws/install/odom_to_pose/share/odom_to_pose/environment/path.dsv
-- Installing: /home/ozawa/nedo/4w_ws/install/odom_to_pose/share/odom_to_pose/local_setup.bash
-- Installing: /home/ozawa/nedo/4w_ws/install/odom_to_pose/share/odom_to_pose/local_setup.sh
-- Installing: /home/ozawa/nedo/4w_ws/install/odom_to_pose/share/odom_to_pose/local_setup.zsh
-- Installing: /home/ozawa/nedo/4w_ws/install/odom_to_pose/share/odom_to_pose/local_setup.dsv
-- Installing: /home/ozawa/nedo/4w_ws/install/odom_to_pose/share/odom_to_pose/package.dsv
-- Installing: /home/ozawa/nedo/4w_ws/install/odom_to_pose/share/ament_index/resource_index/packages/odom_to_pose
-- Installing: /home/ozawa/nedo/4w_ws/install/odom_to_pose/share/odom_to_pose/cmake/odom_to_poseConfig.cmake
-- Installing: /home/ozawa/nedo/4w_ws/install/odom_to_pose/share/odom_to_pose/cmake/odom_to_poseConfig-version.cmake
-- Installing: /home/ozawa/nedo/4w_ws/install/odom_to_pose/share/odom_to_pose/package.xml
