[0.009s] Invoking command in '/home/ozawa/nedo/4w_ws/src/vel_control/build/vel_control': CMAKE_PREFIX_PATH=/opt/ros/humble /usr/bin/cmake --build /home/ozawa/nedo/4w_ws/src/vel_control/build/vel_control -- -j16 -l16
[0.045s] [35m[1mConsolidate compiler generated dependencies of target velcontrol_node[0m
[0.061s] [100%] Built target velcontrol_node
[0.071s] Invoked command in '/home/ozawa/nedo/4w_ws/src/vel_control/build/vel_control' returned '0': CMAKE_PREFIX_PATH=/opt/ros/humble /usr/bin/cmake --build /home/ozawa/nedo/4w_ws/src/vel_control/build/vel_control -- -j16 -l16
[0.102s] Invoking command in '/home/ozawa/nedo/4w_ws/src/vel_control/build/vel_control': CMAKE_PREFIX_PATH=/opt/ros/humble /usr/bin/cmake --install /home/ozawa/nedo/4w_ws/src/vel_control/build/vel_control
[0.109s] -- Install configuration: ""
[0.109s] -- Up-to-date: /home/ozawa/nedo/4w_ws/src/vel_control/install/vel_control/lib/vel_control/velcontrol_node
[0.109s] -- Up-to-date: /home/ozawa/nedo/4w_ws/src/vel_control/install/vel_control/share/ament_index/resource_index/package_run_dependencies/vel_control
[0.109s] -- Up-to-date: /home/ozawa/nedo/4w_ws/src/vel_control/install/vel_control/share/ament_index/resource_index/parent_prefix_path/vel_control
[0.109s] -- Up-to-date: /home/ozawa/nedo/4w_ws/src/vel_control/install/vel_control/share/vel_control/environment/ament_prefix_path.sh
[0.109s] -- Up-to-date: /home/ozawa/nedo/4w_ws/src/vel_control/install/vel_control/share/vel_control/environment/ament_prefix_path.dsv
[0.109s] -- Up-to-date: /home/ozawa/nedo/4w_ws/src/vel_control/install/vel_control/share/vel_control/environment/path.sh
[0.110s] -- Up-to-date: /home/ozawa/nedo/4w_ws/src/vel_control/install/vel_control/share/vel_control/environment/path.dsv
[0.110s] -- Up-to-date: /home/ozawa/nedo/4w_ws/src/vel_control/install/vel_control/share/vel_control/local_setup.bash
[0.110s] -- Up-to-date: /home/ozawa/nedo/4w_ws/src/vel_control/install/vel_control/share/vel_control/local_setup.sh
[0.110s] -- Up-to-date: /home/ozawa/nedo/4w_ws/src/vel_control/install/vel_control/share/vel_control/local_setup.zsh
[0.110s] -- Up-to-date: /home/ozawa/nedo/4w_ws/src/vel_control/install/vel_control/share/vel_control/local_setup.dsv
[0.110s] -- Installing: /home/ozawa/nedo/4w_ws/src/vel_control/install/vel_control/share/vel_control/package.dsv
[0.110s] -- Up-to-date: /home/ozawa/nedo/4w_ws/src/vel_control/install/vel_control/share/ament_index/resource_index/packages/vel_control
[0.110s] -- Up-to-date: /home/ozawa/nedo/4w_ws/src/vel_control/install/vel_control/share/vel_control/cmake/vel_controlConfig.cmake
[0.110s] -- Up-to-date: /home/ozawa/nedo/4w_ws/src/vel_control/install/vel_control/share/vel_control/cmake/vel_controlConfig-version.cmake
[0.110s] -- Up-to-date: /home/ozawa/nedo/4w_ws/src/vel_control/install/vel_control/share/vel_control/package.xml
[0.111s] Invoked command in '/home/ozawa/nedo/4w_ws/src/vel_control/build/vel_control' returned '0': CMAKE_PREFIX_PATH=/opt/ros/humble /usr/bin/cmake --install /home/ozawa/nedo/4w_ws/src/vel_control/build/vel_control
