[0.094s] DEBUG:colcon:Command line arguments: ['/usr/bin/colcon', 'build']
[0.094s] DEBUG:colcon:Parsed command line arguments: Namespace(log_base=None, log_level=None, verb_name='build', build_base='build', install_base='install', merge_install=False, symlink_install=False, test_result_base=None, continue_on_error=False, executor='parallel', parallel_workers=16, event_handlers=None, ignore_user_meta=False, metas=['./colcon.meta'], base_paths=['.'], packages_ignore=None, packages_ignore_regex=None, paths=None, packages_up_to=None, packages_up_to_regex=None, packages_above=None, packages_above_and_dependencies=None, packages_above_depth=None, packages_select_by_dep=None, packages_skip_by_dep=None, packages_skip_up_to=None, packages_select_build_failed=False, packages_skip_build_finished=False, packages_select_test_failures=False, packages_skip_test_passed=False, packages_select=None, packages_skip=None, packages_select_regex=None, packages_skip_regex=None, packages_start=None, packages_end=None, allow_overriding=[], cmake_args=None, cmake_target=None, cmake_target_skip_unavailable=False, cmake_clean_cache=False, cmake_clean_first=False, cmake_force_configure=False, ament_cmake_args=None, catkin_cmake_args=None, catkin_skip_building_tests=False, mixin_files=None, mixin=None, verb_parser=<colcon_mixin.mixin.mixin_argument.MixinArgumentDecorator object at 0x72dc1dc325f0>, verb_extension=<colcon_core.verb.build.BuildVerb object at 0x72dc1dc31f60>, main=<bound method BuildVerb.main of <colcon_core.verb.build.BuildVerb object at 0x72dc1dc31f60>>, mixin_verb=('build',))
[0.226s] Level 1:colcon.colcon_core.package_discovery:discover_packages(colcon_meta) check parameters
[0.226s] Level 1:colcon.colcon_core.package_discovery:discover_packages(recursive) check parameters
[0.226s] Level 1:colcon.colcon_core.package_discovery:discover_packages(ignore) check parameters
[0.226s] Level 1:colcon.colcon_core.package_discovery:discover_packages(path) check parameters
[0.226s] Level 1:colcon.colcon_core.package_discovery:discover_packages(colcon_meta) discover
[0.226s] Level 1:colcon.colcon_core.package_discovery:discover_packages(recursive) discover
[0.227s] INFO:colcon.colcon_core.package_discovery:Crawling recursively for packages in '/home/ozawa/nedo/4w_ws/src/vel_control'
[0.227s] Level 1:colcon.colcon_core.package_identification:_identify(.) by extensions ['ignore', 'ignore_ament_install']
[0.227s] Level 1:colcon.colcon_core.package_identification:_identify(.) by extension 'ignore'
[0.227s] Level 1:colcon.colcon_core.package_identification:_identify(.) by extension 'ignore_ament_install'
[0.227s] Level 1:colcon.colcon_core.package_identification:_identify(.) by extensions ['colcon_pkg']
[0.227s] Level 1:colcon.colcon_core.package_identification:_identify(.) by extension 'colcon_pkg'
[0.227s] Level 1:colcon.colcon_core.package_identification:_identify(.) by extensions ['colcon_meta']
[0.227s] Level 1:colcon.colcon_core.package_identification:_identify(.) by extension 'colcon_meta'
[0.227s] Level 1:colcon.colcon_core.package_identification:_identify(.) by extensions ['ros']
[0.227s] Level 1:colcon.colcon_core.package_identification:_identify(.) by extension 'ros'
[0.236s] DEBUG:colcon.colcon_core.package_identification:Package '.' with type 'ros.ament_cmake' and name 'vel_control'
[0.236s] Level 1:colcon.colcon_core.package_discovery:discover_packages(recursive) using defaults
[0.236s] Level 1:colcon.colcon_core.package_discovery:discover_packages(ignore) discover
[0.236s] Level 1:colcon.colcon_core.package_discovery:discover_packages(ignore) using defaults
[0.236s] Level 1:colcon.colcon_core.package_discovery:discover_packages(path) discover
[0.236s] Level 1:colcon.colcon_core.package_discovery:discover_packages(path) using defaults
[0.269s] Level 1:colcon.colcon_core.package_discovery:discover_packages(prefix_path) check parameters
[0.269s] Level 1:colcon.colcon_core.package_discovery:discover_packages(prefix_path) discover
[0.272s] DEBUG:colcon.colcon_installed_package_information.package_discovery:Found 298 installed packages in /opt/ros/humble
[0.273s] Level 1:colcon.colcon_core.package_discovery:discover_packages(prefix_path) using defaults
[0.303s] Level 5:colcon.colcon_core.verb:set package 'vel_control' build argument 'cmake_args' from command line to 'None'
[0.303s] Level 5:colcon.colcon_core.verb:set package 'vel_control' build argument 'cmake_target' from command line to 'None'
[0.303s] Level 5:colcon.colcon_core.verb:set package 'vel_control' build argument 'cmake_target_skip_unavailable' from command line to 'False'
[0.303s] Level 5:colcon.colcon_core.verb:set package 'vel_control' build argument 'cmake_clean_cache' from command line to 'False'
[0.303s] Level 5:colcon.colcon_core.verb:set package 'vel_control' build argument 'cmake_clean_first' from command line to 'False'
[0.303s] Level 5:colcon.colcon_core.verb:set package 'vel_control' build argument 'cmake_force_configure' from command line to 'False'
[0.303s] Level 5:colcon.colcon_core.verb:set package 'vel_control' build argument 'ament_cmake_args' from command line to 'None'
[0.303s] Level 5:colcon.colcon_core.verb:set package 'vel_control' build argument 'catkin_cmake_args' from command line to 'None'
[0.303s] Level 5:colcon.colcon_core.verb:set package 'vel_control' build argument 'catkin_skip_building_tests' from command line to 'False'
[0.303s] DEBUG:colcon.colcon_core.verb:Building package 'vel_control' with the following arguments: {'ament_cmake_args': None, 'build_base': '/home/ozawa/nedo/4w_ws/src/vel_control/build/vel_control', 'catkin_cmake_args': None, 'catkin_skip_building_tests': False, 'cmake_args': None, 'cmake_clean_cache': False, 'cmake_clean_first': False, 'cmake_force_configure': False, 'cmake_target': None, 'cmake_target_skip_unavailable': False, 'install_base': '/home/ozawa/nedo/4w_ws/src/vel_control/install/vel_control', 'merge_install': False, 'path': '/home/ozawa/nedo/4w_ws/src/vel_control', 'symlink_install': False, 'test_result_base': None}
[0.303s] INFO:colcon.colcon_core.executor:Executing jobs using 'parallel' executor
[0.304s] DEBUG:colcon.colcon_parallel_executor.executor.parallel:run_until_complete
[0.304s] INFO:colcon.colcon_ros.task.ament_cmake.build:Building ROS package in '/home/ozawa/nedo/4w_ws/src/vel_control' with build type 'ament_cmake'
[0.304s] INFO:colcon.colcon_cmake.task.cmake.build:Building CMake package in '/home/ozawa/nedo/4w_ws/src/vel_control'
[0.307s] INFO:colcon.colcon_core.plugin_system:Skipping extension 'colcon_core.shell.bat': Not used on non-Windows systems
[0.308s] INFO:colcon.colcon_core.shell:Skip shell extension 'powershell' for command environment: Not usable outside of PowerShell
[0.308s] DEBUG:colcon.colcon_core.shell:Skip shell extension 'dsv' for command environment
[0.313s] DEBUG:colcon.colcon_core.event_handler.log_command:Invoking command in '/home/ozawa/nedo/4w_ws/src/vel_control/build/vel_control': CMAKE_PREFIX_PATH=/opt/ros/humble /usr/bin/cmake /home/ozawa/nedo/4w_ws/src/vel_control -DCMAKE_INSTALL_PREFIX=/home/ozawa/nedo/4w_ws/src/vel_control/install/vel_control
[1.595s] DEBUG:colcon.colcon_core.event_handler.log_command:Invoked command in '/home/ozawa/nedo/4w_ws/src/vel_control/build/vel_control' returned '0': CMAKE_PREFIX_PATH=/opt/ros/humble /usr/bin/cmake /home/ozawa/nedo/4w_ws/src/vel_control -DCMAKE_INSTALL_PREFIX=/home/ozawa/nedo/4w_ws/src/vel_control/install/vel_control
[1.597s] DEBUG:colcon.colcon_core.event_handler.log_command:Invoking command in '/home/ozawa/nedo/4w_ws/src/vel_control/build/vel_control': CMAKE_PREFIX_PATH=/opt/ros/humble /usr/bin/cmake --build /home/ozawa/nedo/4w_ws/src/vel_control/build/vel_control -- -j16 -l16
[10.117s] DEBUG:colcon.colcon_core.event_handler.log_command:Invoked command in '/home/ozawa/nedo/4w_ws/src/vel_control/build/vel_control' returned '0': CMAKE_PREFIX_PATH=/opt/ros/humble /usr/bin/cmake --build /home/ozawa/nedo/4w_ws/src/vel_control/build/vel_control -- -j16 -l16
[10.148s] DEBUG:colcon.colcon_core.event_handler.log_command:Invoking command in '/home/ozawa/nedo/4w_ws/src/vel_control/build/vel_control': CMAKE_PREFIX_PATH=/opt/ros/humble /usr/bin/cmake --install /home/ozawa/nedo/4w_ws/src/vel_control/build/vel_control
[10.162s] Level 1:colcon.colcon_core.environment:create_environment_scripts_only(vel_control)
[10.162s] DEBUG:colcon.colcon_core.event_handler.log_command:Invoked command in '/home/ozawa/nedo/4w_ws/src/vel_control/build/vel_control' returned '0': CMAKE_PREFIX_PATH=/opt/ros/humble /usr/bin/cmake --install /home/ozawa/nedo/4w_ws/src/vel_control/build/vel_control
[10.166s] Level 1:colcon.colcon_core.environment:checking '/home/ozawa/nedo/4w_ws/src/vel_control/install/vel_control' for CMake module files
[10.167s] Level 1:colcon.colcon_core.environment:checking '/home/ozawa/nedo/4w_ws/src/vel_control/install/vel_control' for CMake config files
[10.167s] Level 1:colcon.colcon_core.shell:create_environment_hook('vel_control', 'cmake_prefix_path')
[10.167s] INFO:colcon.colcon_core.shell:Creating environment hook '/home/ozawa/nedo/4w_ws/src/vel_control/install/vel_control/share/vel_control/hook/cmake_prefix_path.ps1'
[10.168s] INFO:colcon.colcon_core.shell:Creating environment descriptor '/home/ozawa/nedo/4w_ws/src/vel_control/install/vel_control/share/vel_control/hook/cmake_prefix_path.dsv'
[10.168s] INFO:colcon.colcon_core.shell:Creating environment hook '/home/ozawa/nedo/4w_ws/src/vel_control/install/vel_control/share/vel_control/hook/cmake_prefix_path.sh'
[10.169s] Level 1:colcon.colcon_core.environment:checking '/home/ozawa/nedo/4w_ws/src/vel_control/install/vel_control/lib'
[10.169s] Level 1:colcon.colcon_core.environment:checking '/home/ozawa/nedo/4w_ws/src/vel_control/install/vel_control/bin'
[10.169s] Level 1:colcon.colcon_core.environment:checking '/home/ozawa/nedo/4w_ws/src/vel_control/install/vel_control/lib/pkgconfig/vel_control.pc'
[10.169s] Level 1:colcon.colcon_core.environment:checking '/home/ozawa/nedo/4w_ws/src/vel_control/install/vel_control/lib/python3.10/site-packages'
[10.169s] Level 1:colcon.colcon_core.environment:checking '/home/ozawa/nedo/4w_ws/src/vel_control/install/vel_control/bin'
[10.170s] INFO:colcon.colcon_core.shell:Creating package script '/home/ozawa/nedo/4w_ws/src/vel_control/install/vel_control/share/vel_control/package.ps1'
[10.170s] INFO:colcon.colcon_core.shell:Creating package descriptor '/home/ozawa/nedo/4w_ws/src/vel_control/install/vel_control/share/vel_control/package.dsv'
[10.171s] INFO:colcon.colcon_core.shell:Creating package script '/home/ozawa/nedo/4w_ws/src/vel_control/install/vel_control/share/vel_control/package.sh'
[10.172s] INFO:colcon.colcon_core.shell:Creating package script '/home/ozawa/nedo/4w_ws/src/vel_control/install/vel_control/share/vel_control/package.bash'
[10.172s] INFO:colcon.colcon_core.shell:Creating package script '/home/ozawa/nedo/4w_ws/src/vel_control/install/vel_control/share/vel_control/package.zsh'
[10.173s] Level 1:colcon.colcon_core.environment:create_file_with_runtime_dependencies(/home/ozawa/nedo/4w_ws/src/vel_control/install/vel_control/share/colcon-core/packages/vel_control)
[10.197s] Level 1:colcon.colcon_core.environment:create_environment_scripts_only(vel_control)
[10.197s] Level 1:colcon.colcon_core.environment:checking '/home/ozawa/nedo/4w_ws/src/vel_control/install/vel_control' for CMake module files
[10.198s] Level 1:colcon.colcon_core.environment:checking '/home/ozawa/nedo/4w_ws/src/vel_control/install/vel_control' for CMake config files
[10.198s] Level 1:colcon.colcon_core.shell:create_environment_hook('vel_control', 'cmake_prefix_path')
[10.198s] INFO:colcon.colcon_core.shell:Creating environment hook '/home/ozawa/nedo/4w_ws/src/vel_control/install/vel_control/share/vel_control/hook/cmake_prefix_path.ps1'
[10.199s] INFO:colcon.colcon_core.shell:Creating environment descriptor '/home/ozawa/nedo/4w_ws/src/vel_control/install/vel_control/share/vel_control/hook/cmake_prefix_path.dsv'
[10.199s] INFO:colcon.colcon_core.shell:Creating environment hook '/home/ozawa/nedo/4w_ws/src/vel_control/install/vel_control/share/vel_control/hook/cmake_prefix_path.sh'
[10.199s] Level 1:colcon.colcon_core.environment:checking '/home/ozawa/nedo/4w_ws/src/vel_control/install/vel_control/lib'
[10.199s] Level 1:colcon.colcon_core.environment:checking '/home/ozawa/nedo/4w_ws/src/vel_control/install/vel_control/bin'
[10.199s] Level 1:colcon.colcon_core.environment:checking '/home/ozawa/nedo/4w_ws/src/vel_control/install/vel_control/lib/pkgconfig/vel_control.pc'
[10.199s] Level 1:colcon.colcon_core.environment:checking '/home/ozawa/nedo/4w_ws/src/vel_control/install/vel_control/lib/python3.10/site-packages'
[10.200s] Level 1:colcon.colcon_core.environment:checking '/home/ozawa/nedo/4w_ws/src/vel_control/install/vel_control/bin'
[10.200s] INFO:colcon.colcon_core.shell:Creating package script '/home/ozawa/nedo/4w_ws/src/vel_control/install/vel_control/share/vel_control/package.ps1'
[10.200s] INFO:colcon.colcon_core.shell:Creating package descriptor '/home/ozawa/nedo/4w_ws/src/vel_control/install/vel_control/share/vel_control/package.dsv'
[10.200s] INFO:colcon.colcon_core.shell:Creating package script '/home/ozawa/nedo/4w_ws/src/vel_control/install/vel_control/share/vel_control/package.sh'
[10.201s] INFO:colcon.colcon_core.shell:Creating package script '/home/ozawa/nedo/4w_ws/src/vel_control/install/vel_control/share/vel_control/package.bash'
[10.201s] INFO:colcon.colcon_core.shell:Creating package script '/home/ozawa/nedo/4w_ws/src/vel_control/install/vel_control/share/vel_control/package.zsh'
[10.201s] Level 1:colcon.colcon_core.environment:create_file_with_runtime_dependencies(/home/ozawa/nedo/4w_ws/src/vel_control/install/vel_control/share/colcon-core/packages/vel_control)
[10.202s] DEBUG:colcon.colcon_parallel_executor.executor.parallel:closing loop
[10.202s] DEBUG:colcon.colcon_parallel_executor.executor.parallel:loop closed
[10.202s] DEBUG:colcon.colcon_parallel_executor.executor.parallel:run_until_complete finished with '0'
[10.202s] DEBUG:colcon.colcon_core.event_reactor:joining thread
[10.207s] INFO:colcon.colcon_core.plugin_system:Skipping extension 'colcon_notification.desktop_notification.terminal_notifier': Not used on non-Darwin systems
[10.207s] INFO:colcon.colcon_core.plugin_system:Skipping extension 'colcon_notification.desktop_notification.win32': Not used on non-Windows systems
[10.207s] INFO:colcon.colcon_notification.desktop_notification:Sending desktop notification using 'notify2'
[10.224s] DEBUG:colcon.colcon_core.event_reactor:joined thread
[10.225s] INFO:colcon.colcon_core.shell:Creating prefix script '/home/ozawa/nedo/4w_ws/src/vel_control/install/local_setup.ps1'
[10.226s] INFO:colcon.colcon_core.shell:Creating prefix util module '/home/ozawa/nedo/4w_ws/src/vel_control/install/_local_setup_util_ps1.py'
[10.227s] INFO:colcon.colcon_core.shell:Creating prefix chain script '/home/ozawa/nedo/4w_ws/src/vel_control/install/setup.ps1'
[10.228s] INFO:colcon.colcon_core.shell:Creating prefix script '/home/ozawa/nedo/4w_ws/src/vel_control/install/local_setup.sh'
[10.229s] INFO:colcon.colcon_core.shell:Creating prefix util module '/home/ozawa/nedo/4w_ws/src/vel_control/install/_local_setup_util_sh.py'
[10.229s] INFO:colcon.colcon_core.shell:Creating prefix chain script '/home/ozawa/nedo/4w_ws/src/vel_control/install/setup.sh'
[10.230s] INFO:colcon.colcon_core.shell:Creating prefix script '/home/ozawa/nedo/4w_ws/src/vel_control/install/local_setup.bash'
[10.230s] INFO:colcon.colcon_core.shell:Creating prefix chain script '/home/ozawa/nedo/4w_ws/src/vel_control/install/setup.bash'
[10.231s] INFO:colcon.colcon_core.shell:Creating prefix script '/home/ozawa/nedo/4w_ws/src/vel_control/install/local_setup.zsh'
[10.232s] INFO:colcon.colcon_core.shell:Creating prefix chain script '/home/ozawa/nedo/4w_ws/src/vel_control/install/setup.zsh'
