[0.102s] DEBUG:colcon:Command line arguments: ['/usr/bin/colcon', 'list', '-p', '--base-paths', '/home/ozawa/nedo/4w_ws']
[0.102s] DEBUG:colcon:Parsed command line arguments: Namespace(log_base=None, log_level=None, verb_name='list', build_base='build', ignore_user_meta=False, metas=['./colcon.meta'], base_paths=['/home/ozawa/nedo/4w_ws'], packages_ignore=None, packages_ignore_regex=None, paths=None, packages_up_to=None, packages_up_to_regex=None, packages_above=None, packages_above_and_dependencies=None, packages_above_depth=None, packages_select_by_dep=None, packages_skip_by_dep=None, packages_skip_up_to=None, packages_select_build_failed=False, packages_skip_build_finished=False, packages_select_test_failures=False, packages_skip_test_passed=False, packages_select=None, packages_skip=None, packages_select_regex=None, packages_skip_regex=None, packages_start=None, packages_end=None, allow_overriding=[], topological_order=False, names_only=False, paths_only=True, topological_graph=False, topological_graph_dot=False, topological_graph_density=False, topological_graph_legend=False, topological_graph_dot_cluster=False, topological_graph_dot_include_skipped=False, mixin_files=None, mixin=None, verb_parser=<colcon_mixin.mixin.mixin_argument.MixinArgumentDecorator object at 0x7fd31b14b730>, verb_extension=<colcon_package_information.verb.list.ListVerb object at 0x7fd31b14a7a0>, main=<bound method ListVerb.main of <colcon_package_information.verb.list.ListVerb object at 0x7fd31b14a7a0>>, mixin_verb=('list',))
[0.293s] Level 1:colcon.colcon_core.package_discovery:discover_packages(colcon_meta) check parameters
[0.293s] Level 1:colcon.colcon_core.package_discovery:discover_packages(recursive) check parameters
[0.293s] Level 1:colcon.colcon_core.package_discovery:discover_packages(ignore) check parameters
[0.293s] Level 1:colcon.colcon_core.package_discovery:discover_packages(path) check parameters
[0.293s] Level 1:colcon.colcon_core.package_discovery:discover_packages(recursive) discover
[0.294s] INFO:colcon.colcon_core.package_discovery:Crawling recursively for packages in '/home/ozawa/nedo/4w_ws'
[0.294s] Level 1:colcon.colcon_core.package_identification:_identify(/home/ozawa/nedo/4w_ws) by extensions ['ignore', 'ignore_ament_install']
[0.294s] Level 1:colcon.colcon_core.package_identification:_identify(/home/ozawa/nedo/4w_ws) by extension 'ignore'
[0.294s] Level 1:colcon.colcon_core.package_identification:_identify(/home/ozawa/nedo/4w_ws) by extension 'ignore_ament_install'
[0.294s] Level 1:colcon.colcon_core.package_identification:_identify(/home/ozawa/nedo/4w_ws) by extensions ['colcon_pkg']
[0.294s] Level 1:colcon.colcon_core.package_identification:_identify(/home/ozawa/nedo/4w_ws) by extension 'colcon_pkg'
[0.294s] Level 1:colcon.colcon_core.package_identification:_identify(/home/ozawa/nedo/4w_ws) by extensions ['colcon_meta']
[0.294s] Level 1:colcon.colcon_core.package_identification:_identify(/home/ozawa/nedo/4w_ws) by extension 'colcon_meta'
[0.294s] Level 1:colcon.colcon_core.package_identification:_identify(/home/ozawa/nedo/4w_ws) by extensions ['ros']
[0.294s] Level 1:colcon.colcon_core.package_identification:_identify(/home/ozawa/nedo/4w_ws) by extension 'ros'
[0.306s] Level 1:colcon.colcon_core.package_identification:_identify(/home/ozawa/nedo/4w_ws) by extensions ['cmake', 'python']
[0.306s] Level 1:colcon.colcon_core.package_identification:_identify(/home/ozawa/nedo/4w_ws) by extension 'cmake'
[0.306s] Level 1:colcon.colcon_core.package_identification:_identify(/home/ozawa/nedo/4w_ws) by extension 'python'
[0.306s] Level 1:colcon.colcon_core.package_identification:_identify(/home/ozawa/nedo/4w_ws) by extensions ['python_setup_py']
[0.306s] Level 1:colcon.colcon_core.package_identification:_identify(/home/ozawa/nedo/4w_ws) by extension 'python_setup_py'
[0.306s] Level 1:colcon.colcon_core.package_identification:_identify(/home/ozawa/nedo/4w_ws/build) by extensions ['ignore', 'ignore_ament_install']
[0.307s] Level 1:colcon.colcon_core.package_identification:_identify(/home/ozawa/nedo/4w_ws/build) by extension 'ignore'
[0.307s] Level 1:colcon.colcon_core.package_identification:_identify(/home/ozawa/nedo/4w_ws/build) ignored
[0.307s] Level 1:colcon.colcon_core.package_identification:_identify(/home/ozawa/nedo/4w_ws/install) by extensions ['ignore', 'ignore_ament_install']
[0.307s] Level 1:colcon.colcon_core.package_identification:_identify(/home/ozawa/nedo/4w_ws/install) by extension 'ignore'
[0.307s] Level 1:colcon.colcon_core.package_identification:_identify(/home/ozawa/nedo/4w_ws/install) ignored
[0.307s] Level 1:colcon.colcon_core.package_identification:_identify(/home/ozawa/nedo/4w_ws/log) by extensions ['ignore', 'ignore_ament_install']
[0.307s] Level 1:colcon.colcon_core.package_identification:_identify(/home/ozawa/nedo/4w_ws/log) by extension 'ignore'
[0.307s] Level 1:colcon.colcon_core.package_identification:_identify(/home/ozawa/nedo/4w_ws/log) ignored
[0.307s] Level 1:colcon.colcon_core.package_identification:_identify(/home/ozawa/nedo/4w_ws/src) by extensions ['ignore', 'ignore_ament_install']
[0.307s] Level 1:colcon.colcon_core.package_identification:_identify(/home/ozawa/nedo/4w_ws/src) by extension 'ignore'
[0.307s] Level 1:colcon.colcon_core.package_identification:_identify(/home/ozawa/nedo/4w_ws/src) by extension 'ignore_ament_install'
[0.307s] Level 1:colcon.colcon_core.package_identification:_identify(/home/ozawa/nedo/4w_ws/src) by extensions ['colcon_pkg']
[0.307s] Level 1:colcon.colcon_core.package_identification:_identify(/home/ozawa/nedo/4w_ws/src) by extension 'colcon_pkg'
[0.307s] Level 1:colcon.colcon_core.package_identification:_identify(/home/ozawa/nedo/4w_ws/src) by extensions ['colcon_meta']
[0.308s] Level 1:colcon.colcon_core.package_identification:_identify(/home/ozawa/nedo/4w_ws/src) by extension 'colcon_meta'
[0.308s] Level 1:colcon.colcon_core.package_identification:_identify(/home/ozawa/nedo/4w_ws/src) by extensions ['ros']
[0.308s] Level 1:colcon.colcon_core.package_identification:_identify(/home/ozawa/nedo/4w_ws/src) by extension 'ros'
[0.308s] Level 1:colcon.colcon_core.package_identification:_identify(/home/ozawa/nedo/4w_ws/src) by extensions ['cmake', 'python']
[0.308s] Level 1:colcon.colcon_core.package_identification:_identify(/home/ozawa/nedo/4w_ws/src) by extension 'cmake'
[0.308s] Level 1:colcon.colcon_core.package_identification:_identify(/home/ozawa/nedo/4w_ws/src) by extension 'python'
[0.308s] Level 1:colcon.colcon_core.package_identification:_identify(/home/ozawa/nedo/4w_ws/src) by extensions ['python_setup_py']
[0.308s] Level 1:colcon.colcon_core.package_identification:_identify(/home/ozawa/nedo/4w_ws/src) by extension 'python_setup_py'
[0.308s] Level 1:colcon.colcon_core.package_identification:_identify(/home/ozawa/nedo/4w_ws/src/odom_to_pose) by extensions ['ignore', 'ignore_ament_install']
[0.308s] Level 1:colcon.colcon_core.package_identification:_identify(/home/ozawa/nedo/4w_ws/src/odom_to_pose) by extension 'ignore'
[0.308s] Level 1:colcon.colcon_core.package_identification:_identify(/home/ozawa/nedo/4w_ws/src/odom_to_pose) by extension 'ignore_ament_install'
[0.308s] Level 1:colcon.colcon_core.package_identification:_identify(/home/ozawa/nedo/4w_ws/src/odom_to_pose) by extensions ['colcon_pkg']
[0.308s] Level 1:colcon.colcon_core.package_identification:_identify(/home/ozawa/nedo/4w_ws/src/odom_to_pose) by extension 'colcon_pkg'
[0.308s] Level 1:colcon.colcon_core.package_identification:_identify(/home/ozawa/nedo/4w_ws/src/odom_to_pose) by extensions ['colcon_meta']
[0.309s] Level 1:colcon.colcon_core.package_identification:_identify(/home/ozawa/nedo/4w_ws/src/odom_to_pose) by extension 'colcon_meta'
[0.309s] Level 1:colcon.colcon_core.package_identification:_identify(/home/ozawa/nedo/4w_ws/src/odom_to_pose) by extensions ['ros']
[0.309s] Level 1:colcon.colcon_core.package_identification:_identify(/home/ozawa/nedo/4w_ws/src/odom_to_pose) by extension 'ros'
[0.312s] DEBUG:colcon.colcon_core.package_identification:Package '/home/ozawa/nedo/4w_ws/src/odom_to_pose' with type 'ros.ament_cmake' and name 'odom_to_pose'
[0.312s] Level 1:colcon.colcon_core.package_identification:_identify(/home/ozawa/nedo/4w_ws/src/target_publisher) by extensions ['ignore', 'ignore_ament_install']
[0.312s] Level 1:colcon.colcon_core.package_identification:_identify(/home/ozawa/nedo/4w_ws/src/target_publisher) by extension 'ignore'
[0.312s] Level 1:colcon.colcon_core.package_identification:_identify(/home/ozawa/nedo/4w_ws/src/target_publisher) by extension 'ignore_ament_install'
[0.313s] Level 1:colcon.colcon_core.package_identification:_identify(/home/ozawa/nedo/4w_ws/src/target_publisher) by extensions ['colcon_pkg']
[0.313s] Level 1:colcon.colcon_core.package_identification:_identify(/home/ozawa/nedo/4w_ws/src/target_publisher) by extension 'colcon_pkg'
[0.313s] Level 1:colcon.colcon_core.package_identification:_identify(/home/ozawa/nedo/4w_ws/src/target_publisher) by extensions ['colcon_meta']
[0.313s] Level 1:colcon.colcon_core.package_identification:_identify(/home/ozawa/nedo/4w_ws/src/target_publisher) by extension 'colcon_meta'
[0.313s] Level 1:colcon.colcon_core.package_identification:_identify(/home/ozawa/nedo/4w_ws/src/target_publisher) by extensions ['ros']
[0.313s] Level 1:colcon.colcon_core.package_identification:_identify(/home/ozawa/nedo/4w_ws/src/target_publisher) by extension 'ros'
[0.313s] DEBUG:colcon.colcon_core.package_identification:Package '/home/ozawa/nedo/4w_ws/src/target_publisher' with type 'ros.ament_cmake' and name 'target_publisher'
[0.313s] Level 1:colcon.colcon_core.package_identification:_identify(/home/ozawa/nedo/4w_ws/src/vel_control) by extensions ['ignore', 'ignore_ament_install']
[0.314s] Level 1:colcon.colcon_core.package_identification:_identify(/home/ozawa/nedo/4w_ws/src/vel_control) by extension 'ignore'
[0.314s] Level 1:colcon.colcon_core.package_identification:_identify(/home/ozawa/nedo/4w_ws/src/vel_control) by extension 'ignore_ament_install'
[0.314s] Level 1:colcon.colcon_core.package_identification:_identify(/home/ozawa/nedo/4w_ws/src/vel_control) by extensions ['colcon_pkg']
[0.314s] Level 1:colcon.colcon_core.package_identification:_identify(/home/ozawa/nedo/4w_ws/src/vel_control) by extension 'colcon_pkg'
[0.314s] Level 1:colcon.colcon_core.package_identification:_identify(/home/ozawa/nedo/4w_ws/src/vel_control) by extensions ['colcon_meta']
[0.314s] Level 1:colcon.colcon_core.package_identification:_identify(/home/ozawa/nedo/4w_ws/src/vel_control) by extension 'colcon_meta'
[0.314s] Level 1:colcon.colcon_core.package_identification:_identify(/home/ozawa/nedo/4w_ws/src/vel_control) by extensions ['ros']
[0.314s] Level 1:colcon.colcon_core.package_identification:_identify(/home/ozawa/nedo/4w_ws/src/vel_control) by extension 'ros'
[0.315s] DEBUG:colcon.colcon_core.package_identification:Package '/home/ozawa/nedo/4w_ws/src/vel_control' with type 'ros.ament_cmake' and name 'vel_control'
[0.315s] Level 1:colcon.colcon_core.package_discovery:discover_packages(recursive) using defaults
