[0.014s] Invoking command in '/home/ozawa/nedo/4w_ws/src/build/target_publisher': CMAKE_PREFIX_PATH=/opt/ros/humble /usr/bin/cmake /home/ozawa/nedo/4w_ws/src/target_publisher -DCMAKE_INSTALL_PREFIX=/home/ozawa/nedo/4w_ws/src/install/target_publisher
[0.104s] -- The C compiler identification is GNU 11.4.0
[0.184s] -- The CXX compiler identification is GNU 11.4.0
[0.196s] -- Detecting C compiler ABI info
[0.275s] -- Detecting C compiler ABI info - done
[0.285s] -- Check for working C compiler: /usr/bin/cc - skipped
[0.286s] -- Detecting C compile features
[0.286s] -- Detecting C compile features - done
[0.290s] -- Detecting CXX compiler ABI info
[0.377s] -- Detecting CXX compiler ABI info - done
[0.383s] -- Check for working CXX compiler: /usr/bin/c++ - skipped
[0.383s] -- Detecting CXX compile features
[0.383s] -- Detecting CXX compile features - done
[0.392s] -- Found ament_cmake: 1.3.10 (/opt/ros/humble/share/ament_cmake/cmake)
[0.555s] -- Found Python3: /usr/bin/python3 (found version "3.10.12") found components: Interpreter 
[0.660s] -- Found rclcpp: 16.0.10 (/opt/ros/humble/share/rclcpp/cmake)
[0.714s] -- Found rosidl_generator_c: 3.1.5 (/opt/ros/humble/share/rosidl_generator_c/cmake)
[0.720s] -- Found rosidl_adapter: 3.1.5 (/opt/ros/humble/share/rosidl_adapter/cmake)
[0.732s] -- Found rosidl_generator_cpp: 3.1.5 (/opt/ros/humble/share/rosidl_generator_cpp/cmake)
[0.749s] -- Using all available rosidl_typesupport_c: rosidl_typesupport_fastrtps_c;rosidl_typesupport_introspection_c
[0.769s] -- Using all available rosidl_typesupport_cpp: rosidl_typesupport_fastrtps_cpp;rosidl_typesupport_introspection_cpp
[0.826s] -- Found rmw_implementation_cmake: 6.1.2 (/opt/ros/humble/share/rmw_implementation_cmake/cmake)
[0.829s] -- Found rmw_fastrtps_cpp: 6.2.7 (/opt/ros/humble/share/rmw_fastrtps_cpp/cmake)
[0.933s] -- Found OpenSSL: /usr/lib/x86_64-linux-gnu/libcrypto.so (found version "3.0.2")  
[0.962s] -- Found FastRTPS: /opt/ros/humble/include  
[1.005s] -- Using RMW implementation 'rmw_fastrtps_cpp' as default
[1.016s] -- Looking for pthread.h
[1.107s] -- Looking for pthread.h - found
[1.107s] -- Performing Test CMAKE_HAVE_LIBC_PTHREAD
[1.194s] -- Performing Test CMAKE_HAVE_LIBC_PTHREAD - Success
[1.195s] -- Found Threads: TRUE  
[1.261s] -- Found ament_lint_auto: 0.12.11 (/opt/ros/humble/share/ament_lint_auto/cmake)
[1.329s] -- Configuring done
[1.343s] -- Generating done
[1.345s] -- Build files have been written to: /home/ozawa/nedo/4w_ws/src/build/target_publisher
[1.366s] Invoked command in '/home/ozawa/nedo/4w_ws/src/build/target_publisher' returned '0': CMAKE_PREFIX_PATH=/opt/ros/humble /usr/bin/cmake /home/ozawa/nedo/4w_ws/src/target_publisher -DCMAKE_INSTALL_PREFIX=/home/ozawa/nedo/4w_ws/src/install/target_publisher
[1.368s] Invoking command in '/home/ozawa/nedo/4w_ws/src/build/target_publisher': CMAKE_PREFIX_PATH=/opt/ros/humble /usr/bin/cmake --build /home/ozawa/nedo/4w_ws/src/build/target_publisher -- -j16 -l16
[1.430s] [ 50%] [32mBuilding CXX object CMakeFiles/target_node.dir/src/target_node.cpp.o[0m
[5.287s] [100%] [32m[1mLinking CXX executable target_node[0m
[5.491s] [100%] Built target target_node
[5.505s] Invoked command in '/home/ozawa/nedo/4w_ws/src/build/target_publisher' returned '0': CMAKE_PREFIX_PATH=/opt/ros/humble /usr/bin/cmake --build /home/ozawa/nedo/4w_ws/src/build/target_publisher -- -j16 -l16
[5.545s] Invoking command in '/home/ozawa/nedo/4w_ws/src/build/target_publisher': CMAKE_PREFIX_PATH=/opt/ros/humble /usr/bin/cmake --install /home/ozawa/nedo/4w_ws/src/build/target_publisher
[5.552s] -- Install configuration: ""
[5.552s] -- Installing: /home/ozawa/nedo/4w_ws/src/install/target_publisher/lib/target_publisher/target_node
[5.553s] -- Set runtime path of "/home/ozawa/nedo/4w_ws/src/install/target_publisher/lib/target_publisher/target_node" to ""
[5.553s] -- Installing: /home/ozawa/nedo/4w_ws/src/install/target_publisher/share/ament_index/resource_index/package_run_dependencies/target_publisher
[5.554s] -- Installing: /home/ozawa/nedo/4w_ws/src/install/target_publisher/share/ament_index/resource_index/parent_prefix_path/target_publisher
[5.554s] -- Installing: /home/ozawa/nedo/4w_ws/src/install/target_publisher/share/target_publisher/environment/ament_prefix_path.sh
[5.554s] -- Installing: /home/ozawa/nedo/4w_ws/src/install/target_publisher/share/target_publisher/environment/ament_prefix_path.dsv
[5.554s] -- Installing: /home/ozawa/nedo/4w_ws/src/install/target_publisher/share/target_publisher/environment/path.sh
[5.555s] -- Installing: /home/ozawa/nedo/4w_ws/src/install/target_publisher/share/target_publisher/environment/path.dsv
[5.555s] -- Installing: /home/ozawa/nedo/4w_ws/src/install/target_publisher/share/target_publisher/local_setup.bash
[5.555s] -- Installing: /home/ozawa/nedo/4w_ws/src/install/target_publisher/share/target_publisher/local_setup.sh
[5.555s] -- Installing: /home/ozawa/nedo/4w_ws/src/install/target_publisher/share/target_publisher/local_setup.zsh
[5.555s] -- Installing: /home/ozawa/nedo/4w_ws/src/install/target_publisher/share/target_publisher/local_setup.dsv
[5.555s] -- Installing: /home/ozawa/nedo/4w_ws/src/install/target_publisher/share/target_publisher/package.dsv
[5.556s] -- Installing: /home/ozawa/nedo/4w_ws/src/install/target_publisher/share/ament_index/resource_index/packages/target_publisher
[5.556s] -- Installing: /home/ozawa/nedo/4w_ws/src/install/target_publisher/share/target_publisher/cmake/target_publisherConfig.cmake
[5.556s] -- Installing: /home/ozawa/nedo/4w_ws/src/install/target_publisher/share/target_publisher/cmake/target_publisherConfig-version.cmake
[5.556s] -- Installing: /home/ozawa/nedo/4w_ws/src/install/target_publisher/share/target_publisher/package.xml
[5.559s] Invoked command in '/home/ozawa/nedo/4w_ws/src/build/target_publisher' returned '0': CMAKE_PREFIX_PATH=/opt/ros/humble /usr/bin/cmake --install /home/ozawa/nedo/4w_ws/src/build/target_publisher
