[0.090s] DEBUG:colcon:Command line arguments: ['/usr/bin/colcon', 'build']
[0.090s] DEBUG:colcon:Parsed command line arguments: Namespace(log_base=None, log_level=None, verb_name='build', build_base='build', install_base='install', merge_install=False, symlink_install=False, test_result_base=None, continue_on_error=False, executor='parallel', parallel_workers=16, event_handlers=None, ignore_user_meta=False, metas=['./colcon.meta'], base_paths=['.'], packages_ignore=None, packages_ignore_regex=None, paths=None, packages_up_to=None, packages_up_to_regex=None, packages_above=None, packages_above_and_dependencies=None, packages_above_depth=None, packages_select_by_dep=None, packages_skip_by_dep=None, packages_skip_up_to=None, packages_select_build_failed=False, packages_skip_build_finished=False, packages_select_test_failures=False, packages_skip_test_passed=False, packages_select=None, packages_skip=None, packages_select_regex=None, packages_skip_regex=None, packages_start=None, packages_end=None, allow_overriding=[], cmake_args=None, cmake_target=None, cmake_target_skip_unavailable=False, cmake_clean_cache=False, cmake_clean_first=False, cmake_force_configure=False, ament_cmake_args=None, catkin_cmake_args=None, catkin_skip_building_tests=False, mixin_files=None, mixin=None, verb_parser=<colcon_mixin.mixin.mixin_argument.MixinArgumentDecorator object at 0x79b842535ae0>, verb_extension=<colcon_core.verb.build.BuildVerb object at 0x79b842535450>, main=<bound method BuildVerb.main of <colcon_core.verb.build.BuildVerb object at 0x79b842535450>>, mixin_verb=('build',))
[0.206s] Level 1:colcon.colcon_core.package_discovery:discover_packages(colcon_meta) check parameters
[0.206s] Level 1:colcon.colcon_core.package_discovery:discover_packages(recursive) check parameters
[0.206s] Level 1:colcon.colcon_core.package_discovery:discover_packages(ignore) check parameters
[0.206s] Level 1:colcon.colcon_core.package_discovery:discover_packages(path) check parameters
[0.206s] Level 1:colcon.colcon_core.package_discovery:discover_packages(colcon_meta) discover
[0.206s] Level 1:colcon.colcon_core.package_discovery:discover_packages(recursive) discover
[0.206s] INFO:colcon.colcon_core.package_discovery:Crawling recursively for packages in '/home/ozawa/nedo/roomba_ws/src/odom_to_pose'
[0.206s] Level 1:colcon.colcon_core.package_identification:_identify(.) by extensions ['ignore', 'ignore_ament_install']
[0.206s] Level 1:colcon.colcon_core.package_identification:_identify(.) by extension 'ignore'
[0.206s] Level 1:colcon.colcon_core.package_identification:_identify(.) by extension 'ignore_ament_install'
[0.206s] Level 1:colcon.colcon_core.package_identification:_identify(.) by extensions ['colcon_pkg']
[0.206s] Level 1:colcon.colcon_core.package_identification:_identify(.) by extension 'colcon_pkg'
[0.206s] Level 1:colcon.colcon_core.package_identification:_identify(.) by extensions ['colcon_meta']
[0.206s] Level 1:colcon.colcon_core.package_identification:_identify(.) by extension 'colcon_meta'
[0.206s] Level 1:colcon.colcon_core.package_identification:_identify(.) by extensions ['ros']
[0.206s] Level 1:colcon.colcon_core.package_identification:_identify(.) by extension 'ros'
[0.216s] DEBUG:colcon.colcon_core.package_identification:Package '.' with type 'ros.ament_cmake' and name 'odom_to_pose'
[0.216s] Level 1:colcon.colcon_core.package_discovery:discover_packages(recursive) using defaults
[0.216s] Level 1:colcon.colcon_core.package_discovery:discover_packages(ignore) discover
[0.216s] Level 1:colcon.colcon_core.package_discovery:discover_packages(ignore) using defaults
[0.216s] Level 1:colcon.colcon_core.package_discovery:discover_packages(path) discover
[0.216s] Level 1:colcon.colcon_core.package_discovery:discover_packages(path) using defaults
[0.237s] Level 1:colcon.colcon_core.package_discovery:discover_packages(prefix_path) check parameters
[0.237s] Level 1:colcon.colcon_core.package_discovery:discover_packages(prefix_path) discover
[0.240s] DEBUG:colcon.colcon_installed_package_information.package_discovery:Found 3 installed packages in /home/ozawa/nedo/roomba_ws/install
[0.241s] DEBUG:colcon.colcon_installed_package_information.package_discovery:Found 270 installed packages in /opt/ros/humble
[0.251s] Level 1:colcon.colcon_core.package_discovery:discover_packages(prefix_path) using defaults
[0.277s] Level 5:colcon.colcon_core.verb:set package 'odom_to_pose' build argument 'cmake_args' from command line to 'None'
[0.277s] Level 5:colcon.colcon_core.verb:set package 'odom_to_pose' build argument 'cmake_target' from command line to 'None'
[0.277s] Level 5:colcon.colcon_core.verb:set package 'odom_to_pose' build argument 'cmake_target_skip_unavailable' from command line to 'False'
[0.277s] Level 5:colcon.colcon_core.verb:set package 'odom_to_pose' build argument 'cmake_clean_cache' from command line to 'False'
[0.277s] Level 5:colcon.colcon_core.verb:set package 'odom_to_pose' build argument 'cmake_clean_first' from command line to 'False'
[0.277s] Level 5:colcon.colcon_core.verb:set package 'odom_to_pose' build argument 'cmake_force_configure' from command line to 'False'
[0.277s] Level 5:colcon.colcon_core.verb:set package 'odom_to_pose' build argument 'ament_cmake_args' from command line to 'None'
[0.277s] Level 5:colcon.colcon_core.verb:set package 'odom_to_pose' build argument 'catkin_cmake_args' from command line to 'None'
[0.277s] Level 5:colcon.colcon_core.verb:set package 'odom_to_pose' build argument 'catkin_skip_building_tests' from command line to 'False'
[0.277s] DEBUG:colcon.colcon_core.verb:Building package 'odom_to_pose' with the following arguments: {'ament_cmake_args': None, 'build_base': '/home/ozawa/nedo/roomba_ws/src/odom_to_pose/build/odom_to_pose', 'catkin_cmake_args': None, 'catkin_skip_building_tests': False, 'cmake_args': None, 'cmake_clean_cache': False, 'cmake_clean_first': False, 'cmake_force_configure': False, 'cmake_target': None, 'cmake_target_skip_unavailable': False, 'install_base': '/home/ozawa/nedo/roomba_ws/src/odom_to_pose/install/odom_to_pose', 'merge_install': False, 'path': '/home/ozawa/nedo/roomba_ws/src/odom_to_pose', 'symlink_install': False, 'test_result_base': None}
[0.277s] INFO:colcon.colcon_core.executor:Executing jobs using 'parallel' executor
[0.278s] DEBUG:colcon.colcon_parallel_executor.executor.parallel:run_until_complete
[0.278s] INFO:colcon.colcon_ros.task.ament_cmake.build:Building ROS package in '/home/ozawa/nedo/roomba_ws/src/odom_to_pose' with build type 'ament_cmake'
[0.278s] INFO:colcon.colcon_cmake.task.cmake.build:Building CMake package in '/home/ozawa/nedo/roomba_ws/src/odom_to_pose'
[0.281s] INFO:colcon.colcon_core.plugin_system:Skipping extension 'colcon_core.shell.bat': Not used on non-Windows systems
[0.281s] INFO:colcon.colcon_core.shell:Skip shell extension 'powershell' for command environment: Not usable outside of PowerShell
[0.281s] DEBUG:colcon.colcon_core.shell:Skip shell extension 'dsv' for command environment
[0.288s] DEBUG:colcon.colcon_core.event_handler.log_command:Invoking command in '/home/ozawa/nedo/roomba_ws/src/odom_to_pose/build/odom_to_pose': CMAKE_PREFIX_PATH=${CMAKE_PREFIX_PATH}:/opt/ros/humble /usr/bin/cmake /home/ozawa/nedo/roomba_ws/src/odom_to_pose -DCMAKE_INSTALL_PREFIX=/home/ozawa/nedo/roomba_ws/src/odom_to_pose/install/odom_to_pose
[1.472s] DEBUG:colcon.colcon_core.event_handler.log_command:Invoked command in '/home/ozawa/nedo/roomba_ws/src/odom_to_pose/build/odom_to_pose' returned '0': CMAKE_PREFIX_PATH=${CMAKE_PREFIX_PATH}:/opt/ros/humble /usr/bin/cmake /home/ozawa/nedo/roomba_ws/src/odom_to_pose -DCMAKE_INSTALL_PREFIX=/home/ozawa/nedo/roomba_ws/src/odom_to_pose/install/odom_to_pose
[1.473s] DEBUG:colcon.colcon_core.event_handler.log_command:Invoking command in '/home/ozawa/nedo/roomba_ws/src/odom_to_pose/build/odom_to_pose': CMAKE_PREFIX_PATH=${CMAKE_PREFIX_PATH}:/opt/ros/humble /usr/bin/cmake --build /home/ozawa/nedo/roomba_ws/src/odom_to_pose/build/odom_to_pose -- -j16 -l16
[8.531s] DEBUG:colcon.colcon_core.event_handler.log_command:Invoked command in '/home/ozawa/nedo/roomba_ws/src/odom_to_pose/build/odom_to_pose' returned '0': CMAKE_PREFIX_PATH=${CMAKE_PREFIX_PATH}:/opt/ros/humble /usr/bin/cmake --build /home/ozawa/nedo/roomba_ws/src/odom_to_pose/build/odom_to_pose -- -j16 -l16
[8.565s] DEBUG:colcon.colcon_core.event_handler.log_command:Invoking command in '/home/ozawa/nedo/roomba_ws/src/odom_to_pose/build/odom_to_pose': CMAKE_PREFIX_PATH=${CMAKE_PREFIX_PATH}:/opt/ros/humble /usr/bin/cmake --install /home/ozawa/nedo/roomba_ws/src/odom_to_pose/build/odom_to_pose
[8.581s] Level 1:colcon.colcon_core.environment:create_environment_scripts_only(odom_to_pose)
[8.581s] DEBUG:colcon.colcon_core.event_handler.log_command:Invoked command in '/home/ozawa/nedo/roomba_ws/src/odom_to_pose/build/odom_to_pose' returned '0': CMAKE_PREFIX_PATH=${CMAKE_PREFIX_PATH}:/opt/ros/humble /usr/bin/cmake --install /home/ozawa/nedo/roomba_ws/src/odom_to_pose/build/odom_to_pose
[8.585s] Level 1:colcon.colcon_core.environment:checking '/home/ozawa/nedo/roomba_ws/src/odom_to_pose/install/odom_to_pose' for CMake module files
[8.585s] Level 1:colcon.colcon_core.environment:checking '/home/ozawa/nedo/roomba_ws/src/odom_to_pose/install/odom_to_pose' for CMake config files
[8.586s] Level 1:colcon.colcon_core.shell:create_environment_hook('odom_to_pose', 'cmake_prefix_path')
[8.586s] INFO:colcon.colcon_core.shell:Creating environment hook '/home/ozawa/nedo/roomba_ws/src/odom_to_pose/install/odom_to_pose/share/odom_to_pose/hook/cmake_prefix_path.ps1'
[8.586s] INFO:colcon.colcon_core.shell:Creating environment descriptor '/home/ozawa/nedo/roomba_ws/src/odom_to_pose/install/odom_to_pose/share/odom_to_pose/hook/cmake_prefix_path.dsv'
[8.587s] INFO:colcon.colcon_core.shell:Creating environment hook '/home/ozawa/nedo/roomba_ws/src/odom_to_pose/install/odom_to_pose/share/odom_to_pose/hook/cmake_prefix_path.sh'
[8.588s] Level 1:colcon.colcon_core.environment:checking '/home/ozawa/nedo/roomba_ws/src/odom_to_pose/install/odom_to_pose/lib'
[8.588s] Level 1:colcon.colcon_core.environment:checking '/home/ozawa/nedo/roomba_ws/src/odom_to_pose/install/odom_to_pose/bin'
[8.588s] Level 1:colcon.colcon_core.environment:checking '/home/ozawa/nedo/roomba_ws/src/odom_to_pose/install/odom_to_pose/lib/pkgconfig/odom_to_pose.pc'
[8.588s] Level 1:colcon.colcon_core.environment:checking '/home/ozawa/nedo/roomba_ws/src/odom_to_pose/install/odom_to_pose/lib/python3.10/site-packages'
[8.588s] Level 1:colcon.colcon_core.environment:checking '/home/ozawa/nedo/roomba_ws/src/odom_to_pose/install/odom_to_pose/bin'
[8.588s] INFO:colcon.colcon_core.shell:Creating package script '/home/ozawa/nedo/roomba_ws/src/odom_to_pose/install/odom_to_pose/share/odom_to_pose/package.ps1'
[8.589s] INFO:colcon.colcon_core.shell:Creating package descriptor '/home/ozawa/nedo/roomba_ws/src/odom_to_pose/install/odom_to_pose/share/odom_to_pose/package.dsv'
[8.589s] INFO:colcon.colcon_core.shell:Creating package script '/home/ozawa/nedo/roomba_ws/src/odom_to_pose/install/odom_to_pose/share/odom_to_pose/package.sh'
[8.590s] INFO:colcon.colcon_core.shell:Creating package script '/home/ozawa/nedo/roomba_ws/src/odom_to_pose/install/odom_to_pose/share/odom_to_pose/package.bash'
[8.591s] INFO:colcon.colcon_core.shell:Creating package script '/home/ozawa/nedo/roomba_ws/src/odom_to_pose/install/odom_to_pose/share/odom_to_pose/package.zsh'
[8.591s] Level 1:colcon.colcon_core.environment:create_file_with_runtime_dependencies(/home/ozawa/nedo/roomba_ws/src/odom_to_pose/install/odom_to_pose/share/colcon-core/packages/odom_to_pose)
[8.615s] Level 1:colcon.colcon_core.environment:create_environment_scripts_only(odom_to_pose)
[8.615s] Level 1:colcon.colcon_core.environment:checking '/home/ozawa/nedo/roomba_ws/src/odom_to_pose/install/odom_to_pose' for CMake module files
[8.615s] Level 1:colcon.colcon_core.environment:checking '/home/ozawa/nedo/roomba_ws/src/odom_to_pose/install/odom_to_pose' for CMake config files
[8.616s] Level 1:colcon.colcon_core.shell:create_environment_hook('odom_to_pose', 'cmake_prefix_path')
[8.616s] INFO:colcon.colcon_core.shell:Creating environment hook '/home/ozawa/nedo/roomba_ws/src/odom_to_pose/install/odom_to_pose/share/odom_to_pose/hook/cmake_prefix_path.ps1'
[8.616s] INFO:colcon.colcon_core.shell:Creating environment descriptor '/home/ozawa/nedo/roomba_ws/src/odom_to_pose/install/odom_to_pose/share/odom_to_pose/hook/cmake_prefix_path.dsv'
[8.616s] INFO:colcon.colcon_core.shell:Creating environment hook '/home/ozawa/nedo/roomba_ws/src/odom_to_pose/install/odom_to_pose/share/odom_to_pose/hook/cmake_prefix_path.sh'
[8.617s] Level 1:colcon.colcon_core.environment:checking '/home/ozawa/nedo/roomba_ws/src/odom_to_pose/install/odom_to_pose/lib'
[8.617s] Level 1:colcon.colcon_core.environment:checking '/home/ozawa/nedo/roomba_ws/src/odom_to_pose/install/odom_to_pose/bin'
[8.617s] Level 1:colcon.colcon_core.environment:checking '/home/ozawa/nedo/roomba_ws/src/odom_to_pose/install/odom_to_pose/lib/pkgconfig/odom_to_pose.pc'
[8.617s] Level 1:colcon.colcon_core.environment:checking '/home/ozawa/nedo/roomba_ws/src/odom_to_pose/install/odom_to_pose/lib/python3.10/site-packages'
[8.617s] Level 1:colcon.colcon_core.environment:checking '/home/ozawa/nedo/roomba_ws/src/odom_to_pose/install/odom_to_pose/bin'
[8.617s] INFO:colcon.colcon_core.shell:Creating package script '/home/ozawa/nedo/roomba_ws/src/odom_to_pose/install/odom_to_pose/share/odom_to_pose/package.ps1'
[8.618s] INFO:colcon.colcon_core.shell:Creating package descriptor '/home/ozawa/nedo/roomba_ws/src/odom_to_pose/install/odom_to_pose/share/odom_to_pose/package.dsv'
[8.618s] INFO:colcon.colcon_core.shell:Creating package script '/home/ozawa/nedo/roomba_ws/src/odom_to_pose/install/odom_to_pose/share/odom_to_pose/package.sh'
[8.618s] INFO:colcon.colcon_core.shell:Creating package script '/home/ozawa/nedo/roomba_ws/src/odom_to_pose/install/odom_to_pose/share/odom_to_pose/package.bash'
[8.619s] INFO:colcon.colcon_core.shell:Creating package script '/home/ozawa/nedo/roomba_ws/src/odom_to_pose/install/odom_to_pose/share/odom_to_pose/package.zsh'
[8.619s] Level 1:colcon.colcon_core.environment:create_file_with_runtime_dependencies(/home/ozawa/nedo/roomba_ws/src/odom_to_pose/install/odom_to_pose/share/colcon-core/packages/odom_to_pose)
[8.619s] DEBUG:colcon.colcon_parallel_executor.executor.parallel:closing loop
[8.619s] DEBUG:colcon.colcon_parallel_executor.executor.parallel:loop closed
[8.619s] DEBUG:colcon.colcon_parallel_executor.executor.parallel:run_until_complete finished with '0'
[8.619s] DEBUG:colcon.colcon_core.event_reactor:joining thread
[8.624s] INFO:colcon.colcon_core.plugin_system:Skipping extension 'colcon_notification.desktop_notification.terminal_notifier': Not used on non-Darwin systems
[8.624s] INFO:colcon.colcon_core.plugin_system:Skipping extension 'colcon_notification.desktop_notification.win32': Not used on non-Windows systems
[8.624s] INFO:colcon.colcon_notification.desktop_notification:Sending desktop notification using 'notify2'
[8.638s] DEBUG:colcon.colcon_core.event_reactor:joined thread
[8.638s] INFO:colcon.colcon_core.shell:Creating prefix script '/home/ozawa/nedo/roomba_ws/src/odom_to_pose/install/local_setup.ps1'
[8.639s] INFO:colcon.colcon_core.shell:Creating prefix util module '/home/ozawa/nedo/roomba_ws/src/odom_to_pose/install/_local_setup_util_ps1.py'
[8.640s] INFO:colcon.colcon_core.shell:Creating prefix chain script '/home/ozawa/nedo/roomba_ws/src/odom_to_pose/install/setup.ps1'
[8.641s] INFO:colcon.colcon_core.shell:Creating prefix script '/home/ozawa/nedo/roomba_ws/src/odom_to_pose/install/local_setup.sh'
[8.642s] INFO:colcon.colcon_core.shell:Creating prefix util module '/home/ozawa/nedo/roomba_ws/src/odom_to_pose/install/_local_setup_util_sh.py'
[8.642s] INFO:colcon.colcon_core.shell:Creating prefix chain script '/home/ozawa/nedo/roomba_ws/src/odom_to_pose/install/setup.sh'
[8.643s] INFO:colcon.colcon_core.shell:Creating prefix script '/home/ozawa/nedo/roomba_ws/src/odom_to_pose/install/local_setup.bash'
[8.644s] INFO:colcon.colcon_core.shell:Creating prefix chain script '/home/ozawa/nedo/roomba_ws/src/odom_to_pose/install/setup.bash'
[8.645s] INFO:colcon.colcon_core.shell:Creating prefix script '/home/ozawa/nedo/roomba_ws/src/odom_to_pose/install/local_setup.zsh'
[8.645s] INFO:colcon.colcon_core.shell:Creating prefix chain script '/home/ozawa/nedo/roomba_ws/src/odom_to_pose/install/setup.zsh'
