[0.105s] DEBUG:colcon:Command line arguments: ['/usr/bin/colcon', 'build']
[0.105s] DEBUG:colcon:Parsed command line arguments: Namespace(log_base=None, log_level=None, verb_name='build', build_base='build', install_base='install', merge_install=False, symlink_install=False, test_result_base=None, continue_on_error=False, executor='parallel', parallel_workers=16, event_handlers=None, ignore_user_meta=False, metas=['./colcon.meta'], base_paths=['.'], packages_ignore=None, packages_ignore_regex=None, paths=None, packages_up_to=None, packages_up_to_regex=None, packages_above=None, packages_above_and_dependencies=None, packages_above_depth=None, packages_select_by_dep=None, packages_skip_by_dep=None, packages_skip_up_to=None, packages_select_build_failed=False, packages_skip_build_finished=False, packages_select_test_failures=False, packages_skip_test_passed=False, packages_select=None, packages_skip=None, packages_select_regex=None, packages_skip_regex=None, packages_start=None, packages_end=None, allow_overriding=[], cmake_args=None, cmake_target=None, cmake_target_skip_unavailable=False, cmake_clean_cache=False, cmake_clean_first=False, cmake_force_configure=False, ament_cmake_args=None, catkin_cmake_args=None, catkin_skip_building_tests=False, mixin_files=None, mixin=None, verb_parser=<colcon_mixin.mixin.mixin_argument.MixinArgumentDecorator object at 0x7fc844d4e950>, verb_extension=<colcon_core.verb.build.BuildVerb object at 0x7fc844d4e2c0>, main=<bound method BuildVerb.main of <colcon_core.verb.build.BuildVerb object at 0x7fc844d4e2c0>>, mixin_verb=('build',))
[0.250s] Level 1:colcon.colcon_core.package_discovery:discover_packages(colcon_meta) check parameters
[0.250s] Level 1:colcon.colcon_core.package_discovery:discover_packages(recursive) check parameters
[0.251s] Level 1:colcon.colcon_core.package_discovery:discover_packages(ignore) check parameters
[0.251s] Level 1:colcon.colcon_core.package_discovery:discover_packages(path) check parameters
[0.251s] Level 1:colcon.colcon_core.package_discovery:discover_packages(colcon_meta) discover
[0.251s] Level 1:colcon.colcon_core.package_discovery:discover_packages(recursive) discover
[0.251s] INFO:colcon.colcon_core.package_discovery:Crawling recursively for packages in '/home/ozawa/nedo/4w_ws/src'
[0.251s] Level 1:colcon.colcon_core.package_identification:_identify(.) by extensions ['ignore', 'ignore_ament_install']
[0.251s] Level 1:colcon.colcon_core.package_identification:_identify(.) by extension 'ignore'
[0.251s] Level 1:colcon.colcon_core.package_identification:_identify(.) by extension 'ignore_ament_install'
[0.251s] Level 1:colcon.colcon_core.package_identification:_identify(.) by extensions ['colcon_pkg']
[0.251s] Level 1:colcon.colcon_core.package_identification:_identify(.) by extension 'colcon_pkg'
[0.251s] Level 1:colcon.colcon_core.package_identification:_identify(.) by extensions ['colcon_meta']
[0.251s] Level 1:colcon.colcon_core.package_identification:_identify(.) by extension 'colcon_meta'
[0.251s] Level 1:colcon.colcon_core.package_identification:_identify(.) by extensions ['ros']
[0.251s] Level 1:colcon.colcon_core.package_identification:_identify(.) by extension 'ros'
[0.260s] Level 1:colcon.colcon_core.package_identification:_identify(.) by extensions ['cmake', 'python']
[0.260s] Level 1:colcon.colcon_core.package_identification:_identify(.) by extension 'cmake'
[0.260s] Level 1:colcon.colcon_core.package_identification:_identify(.) by extension 'python'
[0.260s] Level 1:colcon.colcon_core.package_identification:_identify(.) by extensions ['python_setup_py']
[0.260s] Level 1:colcon.colcon_core.package_identification:_identify(.) by extension 'python_setup_py'
[0.260s] Level 1:colcon.colcon_core.package_identification:_identify(build) by extensions ['ignore', 'ignore_ament_install']
[0.260s] Level 1:colcon.colcon_core.package_identification:_identify(build) by extension 'ignore'
[0.260s] Level 1:colcon.colcon_core.package_identification:_identify(build) ignored
[0.260s] Level 1:colcon.colcon_core.package_identification:_identify(install) by extensions ['ignore', 'ignore_ament_install']
[0.260s] Level 1:colcon.colcon_core.package_identification:_identify(install) by extension 'ignore'
[0.260s] Level 1:colcon.colcon_core.package_identification:_identify(install) ignored
[0.260s] Level 1:colcon.colcon_core.package_identification:_identify(log) by extensions ['ignore', 'ignore_ament_install']
[0.260s] Level 1:colcon.colcon_core.package_identification:_identify(log) by extension 'ignore'
[0.260s] Level 1:colcon.colcon_core.package_identification:_identify(log) ignored
[0.260s] Level 1:colcon.colcon_core.package_identification:_identify(odom_to_pose) by extensions ['ignore', 'ignore_ament_install']
[0.261s] Level 1:colcon.colcon_core.package_identification:_identify(odom_to_pose) by extension 'ignore'
[0.261s] Level 1:colcon.colcon_core.package_identification:_identify(odom_to_pose) by extension 'ignore_ament_install'
[0.261s] Level 1:colcon.colcon_core.package_identification:_identify(odom_to_pose) by extensions ['colcon_pkg']
[0.261s] Level 1:colcon.colcon_core.package_identification:_identify(odom_to_pose) by extension 'colcon_pkg'
[0.261s] Level 1:colcon.colcon_core.package_identification:_identify(odom_to_pose) by extensions ['colcon_meta']
[0.261s] Level 1:colcon.colcon_core.package_identification:_identify(odom_to_pose) by extension 'colcon_meta'
[0.261s] Level 1:colcon.colcon_core.package_identification:_identify(odom_to_pose) by extensions ['ros']
[0.261s] Level 1:colcon.colcon_core.package_identification:_identify(odom_to_pose) by extension 'ros'
[0.263s] DEBUG:colcon.colcon_core.package_identification:Package 'odom_to_pose' with type 'ros.ament_cmake' and name 'odom_to_pose'
[0.263s] Level 1:colcon.colcon_core.package_identification:_identify(target_publisher) by extensions ['ignore', 'ignore_ament_install']
[0.263s] Level 1:colcon.colcon_core.package_identification:_identify(target_publisher) by extension 'ignore'
[0.263s] Level 1:colcon.colcon_core.package_identification:_identify(target_publisher) by extension 'ignore_ament_install'
[0.263s] Level 1:colcon.colcon_core.package_identification:_identify(target_publisher) by extensions ['colcon_pkg']
[0.263s] Level 1:colcon.colcon_core.package_identification:_identify(target_publisher) by extension 'colcon_pkg'
[0.263s] Level 1:colcon.colcon_core.package_identification:_identify(target_publisher) by extensions ['colcon_meta']
[0.263s] Level 1:colcon.colcon_core.package_identification:_identify(target_publisher) by extension 'colcon_meta'
[0.263s] Level 1:colcon.colcon_core.package_identification:_identify(target_publisher) by extensions ['ros']
[0.263s] Level 1:colcon.colcon_core.package_identification:_identify(target_publisher) by extension 'ros'
[0.264s] DEBUG:colcon.colcon_core.package_identification:Package 'target_publisher' with type 'ros.ament_cmake' and name 'target_publisher'
[0.264s] Level 1:colcon.colcon_core.package_identification:_identify(vel_control) by extensions ['ignore', 'ignore_ament_install']
[0.264s] Level 1:colcon.colcon_core.package_identification:_identify(vel_control) by extension 'ignore'
[0.264s] Level 1:colcon.colcon_core.package_identification:_identify(vel_control) by extension 'ignore_ament_install'
[0.264s] Level 1:colcon.colcon_core.package_identification:_identify(vel_control) by extensions ['colcon_pkg']
[0.264s] Level 1:colcon.colcon_core.package_identification:_identify(vel_control) by extension 'colcon_pkg'
[0.264s] Level 1:colcon.colcon_core.package_identification:_identify(vel_control) by extensions ['colcon_meta']
[0.264s] Level 1:colcon.colcon_core.package_identification:_identify(vel_control) by extension 'colcon_meta'
[0.264s] Level 1:colcon.colcon_core.package_identification:_identify(vel_control) by extensions ['ros']
[0.264s] Level 1:colcon.colcon_core.package_identification:_identify(vel_control) by extension 'ros'
[0.264s] DEBUG:colcon.colcon_core.package_identification:Package 'vel_control' with type 'ros.ament_cmake' and name 'vel_control'
[0.264s] Level 1:colcon.colcon_core.package_discovery:discover_packages(recursive) using defaults
[0.265s] Level 1:colcon.colcon_core.package_discovery:discover_packages(ignore) discover
[0.265s] Level 1:colcon.colcon_core.package_discovery:discover_packages(ignore) using defaults
[0.265s] Level 1:colcon.colcon_core.package_discovery:discover_packages(path) discover
[0.265s] Level 1:colcon.colcon_core.package_discovery:discover_packages(path) using defaults
[0.304s] Level 1:colcon.colcon_core.package_discovery:discover_packages(prefix_path) check parameters
[0.304s] Level 1:colcon.colcon_core.package_discovery:discover_packages(prefix_path) discover
[0.308s] DEBUG:colcon.colcon_installed_package_information.package_discovery:Found 298 installed packages in /opt/ros/humble
[0.309s] Level 1:colcon.colcon_core.package_discovery:discover_packages(prefix_path) using defaults
[0.344s] Level 5:colcon.colcon_core.verb:set package 'odom_to_pose' build argument 'cmake_args' from command line to 'None'
[0.344s] Level 5:colcon.colcon_core.verb:set package 'odom_to_pose' build argument 'cmake_target' from command line to 'None'
[0.344s] Level 5:colcon.colcon_core.verb:set package 'odom_to_pose' build argument 'cmake_target_skip_unavailable' from command line to 'False'
[0.344s] Level 5:colcon.colcon_core.verb:set package 'odom_to_pose' build argument 'cmake_clean_cache' from command line to 'False'
[0.344s] Level 5:colcon.colcon_core.verb:set package 'odom_to_pose' build argument 'cmake_clean_first' from command line to 'False'
[0.344s] Level 5:colcon.colcon_core.verb:set package 'odom_to_pose' build argument 'cmake_force_configure' from command line to 'False'
[0.344s] Level 5:colcon.colcon_core.verb:set package 'odom_to_pose' build argument 'ament_cmake_args' from command line to 'None'
[0.344s] Level 5:colcon.colcon_core.verb:set package 'odom_to_pose' build argument 'catkin_cmake_args' from command line to 'None'
[0.344s] Level 5:colcon.colcon_core.verb:set package 'odom_to_pose' build argument 'catkin_skip_building_tests' from command line to 'False'
[0.344s] DEBUG:colcon.colcon_core.verb:Building package 'odom_to_pose' with the following arguments: {'ament_cmake_args': None, 'build_base': '/home/ozawa/nedo/4w_ws/src/build/odom_to_pose', 'catkin_cmake_args': None, 'catkin_skip_building_tests': False, 'cmake_args': None, 'cmake_clean_cache': False, 'cmake_clean_first': False, 'cmake_force_configure': False, 'cmake_target': None, 'cmake_target_skip_unavailable': False, 'install_base': '/home/ozawa/nedo/4w_ws/src/install/odom_to_pose', 'merge_install': False, 'path': '/home/ozawa/nedo/4w_ws/src/odom_to_pose', 'symlink_install': False, 'test_result_base': None}
[0.345s] Level 5:colcon.colcon_core.verb:set package 'target_publisher' build argument 'cmake_args' from command line to 'None'
[0.345s] Level 5:colcon.colcon_core.verb:set package 'target_publisher' build argument 'cmake_target' from command line to 'None'
[0.345s] Level 5:colcon.colcon_core.verb:set package 'target_publisher' build argument 'cmake_target_skip_unavailable' from command line to 'False'
[0.345s] Level 5:colcon.colcon_core.verb:set package 'target_publisher' build argument 'cmake_clean_cache' from command line to 'False'
[0.345s] Level 5:colcon.colcon_core.verb:set package 'target_publisher' build argument 'cmake_clean_first' from command line to 'False'
[0.345s] Level 5:colcon.colcon_core.verb:set package 'target_publisher' build argument 'cmake_force_configure' from command line to 'False'
[0.345s] Level 5:colcon.colcon_core.verb:set package 'target_publisher' build argument 'ament_cmake_args' from command line to 'None'
[0.345s] Level 5:colcon.colcon_core.verb:set package 'target_publisher' build argument 'catkin_cmake_args' from command line to 'None'
[0.345s] Level 5:colcon.colcon_core.verb:set package 'target_publisher' build argument 'catkin_skip_building_tests' from command line to 'False'
[0.345s] DEBUG:colcon.colcon_core.verb:Building package 'target_publisher' with the following arguments: {'ament_cmake_args': None, 'build_base': '/home/ozawa/nedo/4w_ws/src/build/target_publisher', 'catkin_cmake_args': None, 'catkin_skip_building_tests': False, 'cmake_args': None, 'cmake_clean_cache': False, 'cmake_clean_first': False, 'cmake_force_configure': False, 'cmake_target': None, 'cmake_target_skip_unavailable': False, 'install_base': '/home/ozawa/nedo/4w_ws/src/install/target_publisher', 'merge_install': False, 'path': '/home/ozawa/nedo/4w_ws/src/target_publisher', 'symlink_install': False, 'test_result_base': None}
[0.345s] Level 5:colcon.colcon_core.verb:set package 'vel_control' build argument 'cmake_args' from command line to 'None'
[0.345s] Level 5:colcon.colcon_core.verb:set package 'vel_control' build argument 'cmake_target' from command line to 'None'
[0.345s] Level 5:colcon.colcon_core.verb:set package 'vel_control' build argument 'cmake_target_skip_unavailable' from command line to 'False'
[0.345s] Level 5:colcon.colcon_core.verb:set package 'vel_control' build argument 'cmake_clean_cache' from command line to 'False'
[0.345s] Level 5:colcon.colcon_core.verb:set package 'vel_control' build argument 'cmake_clean_first' from command line to 'False'
[0.345s] Level 5:colcon.colcon_core.verb:set package 'vel_control' build argument 'cmake_force_configure' from command line to 'False'
[0.345s] Level 5:colcon.colcon_core.verb:set package 'vel_control' build argument 'ament_cmake_args' from command line to 'None'
[0.345s] Level 5:colcon.colcon_core.verb:set package 'vel_control' build argument 'catkin_cmake_args' from command line to 'None'
[0.345s] Level 5:colcon.colcon_core.verb:set package 'vel_control' build argument 'catkin_skip_building_tests' from command line to 'False'
[0.345s] DEBUG:colcon.colcon_core.verb:Building package 'vel_control' with the following arguments: {'ament_cmake_args': None, 'build_base': '/home/ozawa/nedo/4w_ws/src/build/vel_control', 'catkin_cmake_args': None, 'catkin_skip_building_tests': False, 'cmake_args': None, 'cmake_clean_cache': False, 'cmake_clean_first': False, 'cmake_force_configure': False, 'cmake_target': None, 'cmake_target_skip_unavailable': False, 'install_base': '/home/ozawa/nedo/4w_ws/src/install/vel_control', 'merge_install': False, 'path': '/home/ozawa/nedo/4w_ws/src/vel_control', 'symlink_install': False, 'test_result_base': None}
[0.345s] INFO:colcon.colcon_core.executor:Executing jobs using 'parallel' executor
[0.346s] DEBUG:colcon.colcon_parallel_executor.executor.parallel:run_until_complete
[0.347s] INFO:colcon.colcon_ros.task.ament_cmake.build:Building ROS package in '/home/ozawa/nedo/4w_ws/src/odom_to_pose' with build type 'ament_cmake'
[0.347s] INFO:colcon.colcon_cmake.task.cmake.build:Building CMake package in '/home/ozawa/nedo/4w_ws/src/odom_to_pose'
[0.350s] INFO:colcon.colcon_core.plugin_system:Skipping extension 'colcon_core.shell.bat': Not used on non-Windows systems
[0.351s] INFO:colcon.colcon_core.shell:Skip shell extension 'powershell' for command environment: Not usable outside of PowerShell
[0.351s] DEBUG:colcon.colcon_core.shell:Skip shell extension 'dsv' for command environment
[0.354s] INFO:colcon.colcon_ros.task.ament_cmake.build:Building ROS package in '/home/ozawa/nedo/4w_ws/src/target_publisher' with build type 'ament_cmake'
[0.354s] INFO:colcon.colcon_cmake.task.cmake.build:Building CMake package in '/home/ozawa/nedo/4w_ws/src/target_publisher'
[0.354s] INFO:colcon.colcon_core.shell:Skip shell extension 'powershell' for command environment: Not usable outside of PowerShell
[0.354s] DEBUG:colcon.colcon_core.shell:Skip shell extension 'dsv' for command environment
[0.357s] INFO:colcon.colcon_ros.task.ament_cmake.build:Building ROS package in '/home/ozawa/nedo/4w_ws/src/vel_control' with build type 'ament_cmake'
[0.357s] INFO:colcon.colcon_cmake.task.cmake.build:Building CMake package in '/home/ozawa/nedo/4w_ws/src/vel_control'
[0.357s] INFO:colcon.colcon_core.shell:Skip shell extension 'powershell' for command environment: Not usable outside of PowerShell
[0.357s] DEBUG:colcon.colcon_core.shell:Skip shell extension 'dsv' for command environment
[0.366s] DEBUG:colcon.colcon_core.event_handler.log_command:Invoking command in '/home/ozawa/nedo/4w_ws/src/build/odom_to_pose': CMAKE_PREFIX_PATH=/opt/ros/humble /usr/bin/cmake /home/ozawa/nedo/4w_ws/src/odom_to_pose -DCMAKE_INSTALL_PREFIX=/home/ozawa/nedo/4w_ws/src/install/odom_to_pose
[0.369s] DEBUG:colcon.colcon_core.event_handler.log_command:Invoking command in '/home/ozawa/nedo/4w_ws/src/build/target_publisher': CMAKE_PREFIX_PATH=/opt/ros/humble /usr/bin/cmake /home/ozawa/nedo/4w_ws/src/target_publisher -DCMAKE_INSTALL_PREFIX=/home/ozawa/nedo/4w_ws/src/install/target_publisher
[0.372s] DEBUG:colcon.colcon_core.event_handler.log_command:Invoking command in '/home/ozawa/nedo/4w_ws/src/build/vel_control': CMAKE_PREFIX_PATH=/opt/ros/humble /usr/bin/cmake /home/ozawa/nedo/4w_ws/src/vel_control -DCMAKE_INSTALL_PREFIX=/home/ozawa/nedo/4w_ws/src/install/vel_control
[1.720s] DEBUG:colcon.colcon_core.event_handler.log_command:Invoked command in '/home/ozawa/nedo/4w_ws/src/build/target_publisher' returned '0': CMAKE_PREFIX_PATH=/opt/ros/humble /usr/bin/cmake /home/ozawa/nedo/4w_ws/src/target_publisher -DCMAKE_INSTALL_PREFIX=/home/ozawa/nedo/4w_ws/src/install/target_publisher
[1.723s] DEBUG:colcon.colcon_core.event_handler.log_command:Invoking command in '/home/ozawa/nedo/4w_ws/src/build/target_publisher': CMAKE_PREFIX_PATH=/opt/ros/humble /usr/bin/cmake --build /home/ozawa/nedo/4w_ws/src/build/target_publisher -- -j16 -l16
[1.899s] DEBUG:colcon.colcon_core.event_handler.log_command:Invoked command in '/home/ozawa/nedo/4w_ws/src/build/odom_to_pose' returned '0': CMAKE_PREFIX_PATH=/opt/ros/humble /usr/bin/cmake /home/ozawa/nedo/4w_ws/src/odom_to_pose -DCMAKE_INSTALL_PREFIX=/home/ozawa/nedo/4w_ws/src/install/odom_to_pose
[1.901s] DEBUG:colcon.colcon_core.event_handler.log_command:Invoking command in '/home/ozawa/nedo/4w_ws/src/build/odom_to_pose': CMAKE_PREFIX_PATH=/opt/ros/humble /usr/bin/cmake --build /home/ozawa/nedo/4w_ws/src/build/odom_to_pose -- -j16 -l16
[2.010s] DEBUG:colcon.colcon_core.event_handler.log_command:Invoked command in '/home/ozawa/nedo/4w_ws/src/build/vel_control' returned '0': CMAKE_PREFIX_PATH=/opt/ros/humble /usr/bin/cmake /home/ozawa/nedo/4w_ws/src/vel_control -DCMAKE_INSTALL_PREFIX=/home/ozawa/nedo/4w_ws/src/install/vel_control
[2.013s] DEBUG:colcon.colcon_core.event_handler.log_command:Invoking command in '/home/ozawa/nedo/4w_ws/src/build/vel_control': CMAKE_PREFIX_PATH=/opt/ros/humble /usr/bin/cmake --build /home/ozawa/nedo/4w_ws/src/build/vel_control -- -j16 -l16
[5.860s] DEBUG:colcon.colcon_core.event_handler.log_command:Invoked command in '/home/ozawa/nedo/4w_ws/src/build/target_publisher' returned '0': CMAKE_PREFIX_PATH=/opt/ros/humble /usr/bin/cmake --build /home/ozawa/nedo/4w_ws/src/build/target_publisher -- -j16 -l16
[5.900s] DEBUG:colcon.colcon_core.event_handler.log_command:Invoking command in '/home/ozawa/nedo/4w_ws/src/build/target_publisher': CMAKE_PREFIX_PATH=/opt/ros/humble /usr/bin/cmake --install /home/ozawa/nedo/4w_ws/src/build/target_publisher
[5.913s] Level 1:colcon.colcon_core.environment:create_environment_scripts_only(target_publisher)
[5.914s] DEBUG:colcon.colcon_core.event_handler.log_command:Invoked command in '/home/ozawa/nedo/4w_ws/src/build/target_publisher' returned '0': CMAKE_PREFIX_PATH=/opt/ros/humble /usr/bin/cmake --install /home/ozawa/nedo/4w_ws/src/build/target_publisher
[5.918s] Level 1:colcon.colcon_core.environment:checking '/home/ozawa/nedo/4w_ws/src/install/target_publisher' for CMake module files
[5.919s] Level 1:colcon.colcon_core.environment:checking '/home/ozawa/nedo/4w_ws/src/install/target_publisher' for CMake config files
[5.919s] Level 1:colcon.colcon_core.shell:create_environment_hook('target_publisher', 'cmake_prefix_path')
[5.919s] INFO:colcon.colcon_core.shell:Creating environment hook '/home/ozawa/nedo/4w_ws/src/install/target_publisher/share/target_publisher/hook/cmake_prefix_path.ps1'
[5.920s] INFO:colcon.colcon_core.shell:Creating environment descriptor '/home/ozawa/nedo/4w_ws/src/install/target_publisher/share/target_publisher/hook/cmake_prefix_path.dsv'
[5.920s] INFO:colcon.colcon_core.shell:Creating environment hook '/home/ozawa/nedo/4w_ws/src/install/target_publisher/share/target_publisher/hook/cmake_prefix_path.sh'
[5.921s] Level 1:colcon.colcon_core.environment:checking '/home/ozawa/nedo/4w_ws/src/install/target_publisher/lib'
[5.921s] Level 1:colcon.colcon_core.environment:checking '/home/ozawa/nedo/4w_ws/src/install/target_publisher/bin'
[5.921s] Level 1:colcon.colcon_core.environment:checking '/home/ozawa/nedo/4w_ws/src/install/target_publisher/lib/pkgconfig/target_publisher.pc'
[5.922s] Level 1:colcon.colcon_core.environment:checking '/home/ozawa/nedo/4w_ws/src/install/target_publisher/lib/python3.10/site-packages'
[5.922s] Level 1:colcon.colcon_core.environment:checking '/home/ozawa/nedo/4w_ws/src/install/target_publisher/bin'
[5.922s] INFO:colcon.colcon_core.shell:Creating package script '/home/ozawa/nedo/4w_ws/src/install/target_publisher/share/target_publisher/package.ps1'
[5.923s] INFO:colcon.colcon_core.shell:Creating package descriptor '/home/ozawa/nedo/4w_ws/src/install/target_publisher/share/target_publisher/package.dsv'
[5.923s] INFO:colcon.colcon_core.shell:Creating package script '/home/ozawa/nedo/4w_ws/src/install/target_publisher/share/target_publisher/package.sh'
[5.924s] INFO:colcon.colcon_core.shell:Creating package script '/home/ozawa/nedo/4w_ws/src/install/target_publisher/share/target_publisher/package.bash'
[5.925s] INFO:colcon.colcon_core.shell:Creating package script '/home/ozawa/nedo/4w_ws/src/install/target_publisher/share/target_publisher/package.zsh'
[5.926s] Level 1:colcon.colcon_core.environment:create_file_with_runtime_dependencies(/home/ozawa/nedo/4w_ws/src/install/target_publisher/share/colcon-core/packages/target_publisher)
[5.956s] Level 1:colcon.colcon_core.environment:create_environment_scripts_only(target_publisher)
[5.956s] Level 1:colcon.colcon_core.environment:checking '/home/ozawa/nedo/4w_ws/src/install/target_publisher' for CMake module files
[5.957s] Level 1:colcon.colcon_core.environment:checking '/home/ozawa/nedo/4w_ws/src/install/target_publisher' for CMake config files
[5.957s] Level 1:colcon.colcon_core.shell:create_environment_hook('target_publisher', 'cmake_prefix_path')
[5.957s] INFO:colcon.colcon_core.shell:Creating environment hook '/home/ozawa/nedo/4w_ws/src/install/target_publisher/share/target_publisher/hook/cmake_prefix_path.ps1'
[5.958s] INFO:colcon.colcon_core.shell:Creating environment descriptor '/home/ozawa/nedo/4w_ws/src/install/target_publisher/share/target_publisher/hook/cmake_prefix_path.dsv'
[5.958s] INFO:colcon.colcon_core.shell:Creating environment hook '/home/ozawa/nedo/4w_ws/src/install/target_publisher/share/target_publisher/hook/cmake_prefix_path.sh'
[5.959s] Level 1:colcon.colcon_core.environment:checking '/home/ozawa/nedo/4w_ws/src/install/target_publisher/lib'
[5.959s] Level 1:colcon.colcon_core.environment:checking '/home/ozawa/nedo/4w_ws/src/install/target_publisher/bin'
[5.959s] Level 1:colcon.colcon_core.environment:checking '/home/ozawa/nedo/4w_ws/src/install/target_publisher/lib/pkgconfig/target_publisher.pc'
[5.959s] Level 1:colcon.colcon_core.environment:checking '/home/ozawa/nedo/4w_ws/src/install/target_publisher/lib/python3.10/site-packages'
[5.959s] Level 1:colcon.colcon_core.environment:checking '/home/ozawa/nedo/4w_ws/src/install/target_publisher/bin'
[5.960s] INFO:colcon.colcon_core.shell:Creating package script '/home/ozawa/nedo/4w_ws/src/install/target_publisher/share/target_publisher/package.ps1'
[5.960s] INFO:colcon.colcon_core.shell:Creating package descriptor '/home/ozawa/nedo/4w_ws/src/install/target_publisher/share/target_publisher/package.dsv'
[5.961s] INFO:colcon.colcon_core.shell:Creating package script '/home/ozawa/nedo/4w_ws/src/install/target_publisher/share/target_publisher/package.sh'
[5.961s] INFO:colcon.colcon_core.shell:Creating package script '/home/ozawa/nedo/4w_ws/src/install/target_publisher/share/target_publisher/package.bash'
[5.962s] INFO:colcon.colcon_core.shell:Creating package script '/home/ozawa/nedo/4w_ws/src/install/target_publisher/share/target_publisher/package.zsh'
[5.962s] Level 1:colcon.colcon_core.environment:create_file_with_runtime_dependencies(/home/ozawa/nedo/4w_ws/src/install/target_publisher/share/colcon-core/packages/target_publisher)
[6.060s] DEBUG:colcon.colcon_core.event_handler.log_command:Invoked command in '/home/ozawa/nedo/4w_ws/src/build/odom_to_pose' returned '0': CMAKE_PREFIX_PATH=/opt/ros/humble /usr/bin/cmake --build /home/ozawa/nedo/4w_ws/src/build/odom_to_pose -- -j16 -l16
[6.089s] DEBUG:colcon.colcon_core.event_handler.log_command:Invoking command in '/home/ozawa/nedo/4w_ws/src/build/odom_to_pose': CMAKE_PREFIX_PATH=/opt/ros/humble /usr/bin/cmake --install /home/ozawa/nedo/4w_ws/src/build/odom_to_pose
[6.103s] Level 1:colcon.colcon_core.environment:create_environment_scripts_only(odom_to_pose)
[6.104s] Level 1:colcon.colcon_core.environment:checking '/home/ozawa/nedo/4w_ws/src/install/odom_to_pose' for CMake module files
[6.104s] DEBUG:colcon.colcon_core.event_handler.log_command:Invoked command in '/home/ozawa/nedo/4w_ws/src/build/odom_to_pose' returned '0': CMAKE_PREFIX_PATH=/opt/ros/humble /usr/bin/cmake --install /home/ozawa/nedo/4w_ws/src/build/odom_to_pose
[6.105s] Level 1:colcon.colcon_core.environment:checking '/home/ozawa/nedo/4w_ws/src/install/odom_to_pose' for CMake config files
[6.105s] Level 1:colcon.colcon_core.shell:create_environment_hook('odom_to_pose', 'cmake_prefix_path')
[6.105s] INFO:colcon.colcon_core.shell:Creating environment hook '/home/ozawa/nedo/4w_ws/src/install/odom_to_pose/share/odom_to_pose/hook/cmake_prefix_path.ps1'
[6.105s] INFO:colcon.colcon_core.shell:Creating environment descriptor '/home/ozawa/nedo/4w_ws/src/install/odom_to_pose/share/odom_to_pose/hook/cmake_prefix_path.dsv'
[6.106s] INFO:colcon.colcon_core.shell:Creating environment hook '/home/ozawa/nedo/4w_ws/src/install/odom_to_pose/share/odom_to_pose/hook/cmake_prefix_path.sh'
[6.106s] Level 1:colcon.colcon_core.environment:checking '/home/ozawa/nedo/4w_ws/src/install/odom_to_pose/lib'
[6.106s] Level 1:colcon.colcon_core.environment:checking '/home/ozawa/nedo/4w_ws/src/install/odom_to_pose/bin'
[6.106s] Level 1:colcon.colcon_core.environment:checking '/home/ozawa/nedo/4w_ws/src/install/odom_to_pose/lib/pkgconfig/odom_to_pose.pc'
[6.106s] Level 1:colcon.colcon_core.environment:checking '/home/ozawa/nedo/4w_ws/src/install/odom_to_pose/lib/python3.10/site-packages'
[6.107s] Level 1:colcon.colcon_core.environment:checking '/home/ozawa/nedo/4w_ws/src/install/odom_to_pose/bin'
[6.107s] INFO:colcon.colcon_core.shell:Creating package script '/home/ozawa/nedo/4w_ws/src/install/odom_to_pose/share/odom_to_pose/package.ps1'
[6.107s] INFO:colcon.colcon_core.shell:Creating package descriptor '/home/ozawa/nedo/4w_ws/src/install/odom_to_pose/share/odom_to_pose/package.dsv'
[6.107s] INFO:colcon.colcon_core.shell:Creating package script '/home/ozawa/nedo/4w_ws/src/install/odom_to_pose/share/odom_to_pose/package.sh'
[6.108s] INFO:colcon.colcon_core.shell:Creating package script '/home/ozawa/nedo/4w_ws/src/install/odom_to_pose/share/odom_to_pose/package.bash'
[6.108s] INFO:colcon.colcon_core.shell:Creating package script '/home/ozawa/nedo/4w_ws/src/install/odom_to_pose/share/odom_to_pose/package.zsh'
[6.108s] Level 1:colcon.colcon_core.environment:create_file_with_runtime_dependencies(/home/ozawa/nedo/4w_ws/src/install/odom_to_pose/share/colcon-core/packages/odom_to_pose)
[6.136s] Level 1:colcon.colcon_core.environment:create_environment_scripts_only(odom_to_pose)
[6.137s] Level 1:colcon.colcon_core.environment:checking '/home/ozawa/nedo/4w_ws/src/install/odom_to_pose' for CMake module files
[6.137s] Level 1:colcon.colcon_core.environment:checking '/home/ozawa/nedo/4w_ws/src/install/odom_to_pose' for CMake config files
[6.137s] Level 1:colcon.colcon_core.shell:create_environment_hook('odom_to_pose', 'cmake_prefix_path')
[6.137s] INFO:colcon.colcon_core.shell:Creating environment hook '/home/ozawa/nedo/4w_ws/src/install/odom_to_pose/share/odom_to_pose/hook/cmake_prefix_path.ps1'
[6.138s] INFO:colcon.colcon_core.shell:Creating environment descriptor '/home/ozawa/nedo/4w_ws/src/install/odom_to_pose/share/odom_to_pose/hook/cmake_prefix_path.dsv'
[6.138s] INFO:colcon.colcon_core.shell:Creating environment hook '/home/ozawa/nedo/4w_ws/src/install/odom_to_pose/share/odom_to_pose/hook/cmake_prefix_path.sh'
[6.139s] Level 1:colcon.colcon_core.environment:checking '/home/ozawa/nedo/4w_ws/src/install/odom_to_pose/lib'
[6.139s] Level 1:colcon.colcon_core.environment:checking '/home/ozawa/nedo/4w_ws/src/install/odom_to_pose/bin'
[6.139s] Level 1:colcon.colcon_core.environment:checking '/home/ozawa/nedo/4w_ws/src/install/odom_to_pose/lib/pkgconfig/odom_to_pose.pc'
[6.139s] Level 1:colcon.colcon_core.environment:checking '/home/ozawa/nedo/4w_ws/src/install/odom_to_pose/lib/python3.10/site-packages'
[6.139s] Level 1:colcon.colcon_core.environment:checking '/home/ozawa/nedo/4w_ws/src/install/odom_to_pose/bin'
[6.139s] INFO:colcon.colcon_core.shell:Creating package script '/home/ozawa/nedo/4w_ws/src/install/odom_to_pose/share/odom_to_pose/package.ps1'
[6.140s] INFO:colcon.colcon_core.shell:Creating package descriptor '/home/ozawa/nedo/4w_ws/src/install/odom_to_pose/share/odom_to_pose/package.dsv'
[6.140s] INFO:colcon.colcon_core.shell:Creating package script '/home/ozawa/nedo/4w_ws/src/install/odom_to_pose/share/odom_to_pose/package.sh'
[6.141s] INFO:colcon.colcon_core.shell:Creating package script '/home/ozawa/nedo/4w_ws/src/install/odom_to_pose/share/odom_to_pose/package.bash'
[6.141s] INFO:colcon.colcon_core.shell:Creating package script '/home/ozawa/nedo/4w_ws/src/install/odom_to_pose/share/odom_to_pose/package.zsh'
[6.141s] Level 1:colcon.colcon_core.environment:create_file_with_runtime_dependencies(/home/ozawa/nedo/4w_ws/src/install/odom_to_pose/share/colcon-core/packages/odom_to_pose)
[11.725s] DEBUG:colcon.colcon_core.event_handler.log_command:Invoked command in '/home/ozawa/nedo/4w_ws/src/build/vel_control' returned '0': CMAKE_PREFIX_PATH=/opt/ros/humble /usr/bin/cmake --build /home/ozawa/nedo/4w_ws/src/build/vel_control -- -j16 -l16
[11.753s] DEBUG:colcon.colcon_core.event_handler.log_command:Invoking command in '/home/ozawa/nedo/4w_ws/src/build/vel_control': CMAKE_PREFIX_PATH=/opt/ros/humble /usr/bin/cmake --install /home/ozawa/nedo/4w_ws/src/build/vel_control
[11.769s] Level 1:colcon.colcon_core.environment:create_environment_scripts_only(vel_control)
[11.769s] Level 1:colcon.colcon_core.environment:checking '/home/ozawa/nedo/4w_ws/src/install/vel_control' for CMake module files
[11.770s] DEBUG:colcon.colcon_core.event_handler.log_command:Invoked command in '/home/ozawa/nedo/4w_ws/src/build/vel_control' returned '0': CMAKE_PREFIX_PATH=/opt/ros/humble /usr/bin/cmake --install /home/ozawa/nedo/4w_ws/src/build/vel_control
[11.770s] Level 1:colcon.colcon_core.environment:checking '/home/ozawa/nedo/4w_ws/src/install/vel_control' for CMake config files
[11.771s] Level 1:colcon.colcon_core.shell:create_environment_hook('vel_control', 'cmake_prefix_path')
[11.771s] INFO:colcon.colcon_core.shell:Creating environment hook '/home/ozawa/nedo/4w_ws/src/install/vel_control/share/vel_control/hook/cmake_prefix_path.ps1'
[11.771s] INFO:colcon.colcon_core.shell:Creating environment descriptor '/home/ozawa/nedo/4w_ws/src/install/vel_control/share/vel_control/hook/cmake_prefix_path.dsv'
[11.771s] INFO:colcon.colcon_core.shell:Creating environment hook '/home/ozawa/nedo/4w_ws/src/install/vel_control/share/vel_control/hook/cmake_prefix_path.sh'
[11.772s] Level 1:colcon.colcon_core.environment:checking '/home/ozawa/nedo/4w_ws/src/install/vel_control/lib'
[11.772s] Level 1:colcon.colcon_core.environment:checking '/home/ozawa/nedo/4w_ws/src/install/vel_control/bin'
[11.772s] Level 1:colcon.colcon_core.environment:checking '/home/ozawa/nedo/4w_ws/src/install/vel_control/lib/pkgconfig/vel_control.pc'
[11.772s] Level 1:colcon.colcon_core.environment:checking '/home/ozawa/nedo/4w_ws/src/install/vel_control/lib/python3.10/site-packages'
[11.772s] Level 1:colcon.colcon_core.environment:checking '/home/ozawa/nedo/4w_ws/src/install/vel_control/bin'
[11.772s] INFO:colcon.colcon_core.shell:Creating package script '/home/ozawa/nedo/4w_ws/src/install/vel_control/share/vel_control/package.ps1'
[11.773s] INFO:colcon.colcon_core.shell:Creating package descriptor '/home/ozawa/nedo/4w_ws/src/install/vel_control/share/vel_control/package.dsv'
[11.773s] INFO:colcon.colcon_core.shell:Creating package script '/home/ozawa/nedo/4w_ws/src/install/vel_control/share/vel_control/package.sh'
[11.773s] INFO:colcon.colcon_core.shell:Creating package script '/home/ozawa/nedo/4w_ws/src/install/vel_control/share/vel_control/package.bash'
[11.774s] INFO:colcon.colcon_core.shell:Creating package script '/home/ozawa/nedo/4w_ws/src/install/vel_control/share/vel_control/package.zsh'
[11.774s] Level 1:colcon.colcon_core.environment:create_file_with_runtime_dependencies(/home/ozawa/nedo/4w_ws/src/install/vel_control/share/colcon-core/packages/vel_control)
[11.800s] Level 1:colcon.colcon_core.environment:create_environment_scripts_only(vel_control)
[11.800s] Level 1:colcon.colcon_core.environment:checking '/home/ozawa/nedo/4w_ws/src/install/vel_control' for CMake module files
[11.801s] Level 1:colcon.colcon_core.environment:checking '/home/ozawa/nedo/4w_ws/src/install/vel_control' for CMake config files
[11.801s] Level 1:colcon.colcon_core.shell:create_environment_hook('vel_control', 'cmake_prefix_path')
[11.801s] INFO:colcon.colcon_core.shell:Creating environment hook '/home/ozawa/nedo/4w_ws/src/install/vel_control/share/vel_control/hook/cmake_prefix_path.ps1'
[11.802s] INFO:colcon.colcon_core.shell:Creating environment descriptor '/home/ozawa/nedo/4w_ws/src/install/vel_control/share/vel_control/hook/cmake_prefix_path.dsv'
[11.802s] INFO:colcon.colcon_core.shell:Creating environment hook '/home/ozawa/nedo/4w_ws/src/install/vel_control/share/vel_control/hook/cmake_prefix_path.sh'
[11.802s] Level 1:colcon.colcon_core.environment:checking '/home/ozawa/nedo/4w_ws/src/install/vel_control/lib'
[11.802s] Level 1:colcon.colcon_core.environment:checking '/home/ozawa/nedo/4w_ws/src/install/vel_control/bin'
[11.803s] Level 1:colcon.colcon_core.environment:checking '/home/ozawa/nedo/4w_ws/src/install/vel_control/lib/pkgconfig/vel_control.pc'
[11.803s] Level 1:colcon.colcon_core.environment:checking '/home/ozawa/nedo/4w_ws/src/install/vel_control/lib/python3.10/site-packages'
[11.803s] Level 1:colcon.colcon_core.environment:checking '/home/ozawa/nedo/4w_ws/src/install/vel_control/bin'
[11.803s] INFO:colcon.colcon_core.shell:Creating package script '/home/ozawa/nedo/4w_ws/src/install/vel_control/share/vel_control/package.ps1'
[11.803s] INFO:colcon.colcon_core.shell:Creating package descriptor '/home/ozawa/nedo/4w_ws/src/install/vel_control/share/vel_control/package.dsv'
[11.804s] INFO:colcon.colcon_core.shell:Creating package script '/home/ozawa/nedo/4w_ws/src/install/vel_control/share/vel_control/package.sh'
[11.804s] INFO:colcon.colcon_core.shell:Creating package script '/home/ozawa/nedo/4w_ws/src/install/vel_control/share/vel_control/package.bash'
[11.804s] INFO:colcon.colcon_core.shell:Creating package script '/home/ozawa/nedo/4w_ws/src/install/vel_control/share/vel_control/package.zsh'
[11.805s] Level 1:colcon.colcon_core.environment:create_file_with_runtime_dependencies(/home/ozawa/nedo/4w_ws/src/install/vel_control/share/colcon-core/packages/vel_control)
[11.805s] DEBUG:colcon.colcon_parallel_executor.executor.parallel:closing loop
[11.805s] DEBUG:colcon.colcon_parallel_executor.executor.parallel:loop closed
[11.805s] DEBUG:colcon.colcon_parallel_executor.executor.parallel:run_until_complete finished with '0'
[11.805s] DEBUG:colcon.colcon_core.event_reactor:joining thread
[11.811s] INFO:colcon.colcon_core.plugin_system:Skipping extension 'colcon_notification.desktop_notification.terminal_notifier': Not used on non-Darwin systems
[11.811s] INFO:colcon.colcon_core.plugin_system:Skipping extension 'colcon_notification.desktop_notification.win32': Not used on non-Windows systems
[11.811s] INFO:colcon.colcon_notification.desktop_notification:Sending desktop notification using 'notify2'
[11.840s] DEBUG:colcon.colcon_core.event_reactor:joined thread
[11.840s] INFO:colcon.colcon_core.shell:Creating prefix script '/home/ozawa/nedo/4w_ws/src/install/local_setup.ps1'
[11.842s] INFO:colcon.colcon_core.shell:Creating prefix util module '/home/ozawa/nedo/4w_ws/src/install/_local_setup_util_ps1.py'
[11.844s] INFO:colcon.colcon_core.shell:Creating prefix chain script '/home/ozawa/nedo/4w_ws/src/install/setup.ps1'
[11.846s] INFO:colcon.colcon_core.shell:Creating prefix script '/home/ozawa/nedo/4w_ws/src/install/local_setup.sh'
[11.847s] INFO:colcon.colcon_core.shell:Creating prefix util module '/home/ozawa/nedo/4w_ws/src/install/_local_setup_util_sh.py'
[11.847s] INFO:colcon.colcon_core.shell:Creating prefix chain script '/home/ozawa/nedo/4w_ws/src/install/setup.sh'
[11.849s] INFO:colcon.colcon_core.shell:Creating prefix script '/home/ozawa/nedo/4w_ws/src/install/local_setup.bash'
[11.849s] INFO:colcon.colcon_core.shell:Creating prefix chain script '/home/ozawa/nedo/4w_ws/src/install/setup.bash'
[11.850s] INFO:colcon.colcon_core.shell:Creating prefix script '/home/ozawa/nedo/4w_ws/src/install/local_setup.zsh'
[11.851s] INFO:colcon.colcon_core.shell:Creating prefix chain script '/home/ozawa/nedo/4w_ws/src/install/setup.zsh'
