-- Found ament_cmake: 1.3.10 (/opt/ros/humble/share/ament_cmake/cmake)
-- Found rclcpp: 16.0.10 (/opt/ros/humble/share/rclcpp/cmake)
-- Found rosidl_generator_c: 3.1.5 (/opt/ros/humble/share/rosidl_generator_c/cmake)
-- Found rosidl_adapter: 3.1.5 (/opt/ros/humble/share/rosidl_adapter/cmake)
-- Found rosidl_generator_cpp: 3.1.5 (/opt/ros/humble/share/rosidl_generator_cpp/cmake)
-- Using all available rosidl_typesupport_c: rosidl_typesupport_fastrtps_c;rosidl_typesupport_introspection_c
-- Using all available rosidl_typesupport_cpp: rosidl_typesupport_fastrtps_cpp;rosidl_typesupport_introspection_cpp
-- Found rmw_implementation_cmake: 6.1.2 (/opt/ros/humble/share/rmw_implementation_cmake/cmake)
-- Found rmw_fastrtps_cpp: 6.2.7 (/opt/ros/humble/share/rmw_fastrtps_cpp/cmake)
-- Using RMW implementation 'rmw_fastrtps_cpp' as default
-- Found geometry_msgs: 4.2.4 (/opt/ros/humble/share/geometry_msgs/cmake)
-- Found nav_msgs: 4.2.4 (/opt/ros/humble/share/nav_msgs/cmake)
-- Found visualization_msgs: 4.2.4 (/opt/ros/humble/share/visualization_msgs/cmake)
-- Found tf2: 0.25.8 (/opt/ros/humble/share/tf2/cmake)
-- Found tf2_geometry_msgs: 0.25.8 (/opt/ros/humble/share/tf2_geometry_msgs/cmake)
-- Found eigen3_cmake_module: 0.1.1 (/opt/ros/humble/share/eigen3_cmake_module/cmake)
-- Ensuring Eigen3 include directory is part of orocos-kdl CMake target
-- Found ament_lint_auto: 0.12.11 (/opt/ros/humble/share/ament_lint_auto/cmake)
-- Added test 'copyright' to check source files copyright and LICENSE
-- Added test 'cppcheck' to perform static code analysis on C / C++ code
-- Configured cppcheck include dirs: $<BUILD_INTERFACE:/home/ozawa/nedo/4w_ws/src/vel_control/include>
-- Configured cppcheck exclude dirs and/or files: 
-- Added test 'cpplint' to check C / C++ code against the Google style
-- Configured cpplint exclude dirs and/or files: 
-- Added test 'flake8' to check Python code syntax and style conventions
-- Added test 'lint_cmake' to check CMake code style
-- Added test 'pep257' to check Python code against some of the docstring style conventions in PEP 257
-- Added test 'uncrustify' to check C / C++ code style
-- Configured uncrustify additional arguments: 
-- Added test 'xmllint' to check XML markup files
-- Configuring done
-- Generating done
-- Build files have been written to: /home/ozawa/nedo/4w_ws/src/build/vel_control
[35m[1mConsolidate compiler generated dependencies of target velcontrol_node[0m
[ 50%] [32mBuilding CXX object CMakeFiles/velcontrol_node.dir/src/velcontrol_node.cpp.o[0m
[100%] [32m[1mLinking CXX executable velcontrol_node[0m
[100%] Built target velcontrol_node
-- Install configuration: ""
-- Installing: /home/ozawa/nedo/4w_ws/src/install/vel_control/lib/vel_control/velcontrol_node
-- Set runtime path of "/home/ozawa/nedo/4w_ws/src/install/vel_control/lib/vel_control/velcontrol_node" to ""
-- Up-to-date: /home/ozawa/nedo/4w_ws/src/install/vel_control/share/ament_index/resource_index/package_run_dependencies/vel_control
-- Up-to-date: /home/ozawa/nedo/4w_ws/src/install/vel_control/share/ament_index/resource_index/parent_prefix_path/vel_control
-- Up-to-date: /home/ozawa/nedo/4w_ws/src/install/vel_control/share/vel_control/environment/ament_prefix_path.sh
-- Installing: /home/ozawa/nedo/4w_ws/src/install/vel_control/share/vel_control/environment/ament_prefix_path.dsv
-- Up-to-date: /home/ozawa/nedo/4w_ws/src/install/vel_control/share/vel_control/environment/path.sh
-- Installing: /home/ozawa/nedo/4w_ws/src/install/vel_control/share/vel_control/environment/path.dsv
-- Up-to-date: /home/ozawa/nedo/4w_ws/src/install/vel_control/share/vel_control/local_setup.bash
-- Up-to-date: /home/ozawa/nedo/4w_ws/src/install/vel_control/share/vel_control/local_setup.sh
-- Up-to-date: /home/ozawa/nedo/4w_ws/src/install/vel_control/share/vel_control/local_setup.zsh
-- Installing: /home/ozawa/nedo/4w_ws/src/install/vel_control/share/vel_control/local_setup.dsv
-- Installing: /home/ozawa/nedo/4w_ws/src/install/vel_control/share/vel_control/package.dsv
-- Up-to-date: /home/ozawa/nedo/4w_ws/src/install/vel_control/share/ament_index/resource_index/packages/vel_control
-- Up-to-date: /home/ozawa/nedo/4w_ws/src/install/vel_control/share/vel_control/cmake/vel_controlConfig.cmake
-- Up-to-date: /home/ozawa/nedo/4w_ws/src/install/vel_control/share/vel_control/cmake/vel_controlConfig-version.cmake
-- Up-to-date: /home/ozawa/nedo/4w_ws/src/install/vel_control/share/vel_control/package.xml
