[0.018s] Invoking command in '/home/ozawa/nedo/4w_ws/src/build/vel_control': CMAKE_PREFIX_PATH=/opt/ros/humble /usr/bin/cmake --build /home/ozawa/nedo/4w_ws/src/build/vel_control -- -j16 -l16
[0.046s] -- Found ament_cmake: 1.3.10 (/opt/ros/humble/share/ament_cmake/cmake)
[0.194s] -- Found rclcpp: 16.0.10 (/opt/ros/humble/share/rclcpp/cmake)
[0.223s] -- Found rosidl_generator_c: 3.1.5 (/opt/ros/humble/share/rosidl_generator_c/cmake)
[0.225s] -- Found rosidl_adapter: 3.1.5 (/opt/ros/humble/share/rosidl_adapter/cmake)
[0.231s] -- Found rosidl_generator_cpp: 3.1.5 (/opt/ros/humble/share/rosidl_generator_cpp/cmake)
[0.241s] -- Using all available rosidl_typesupport_c: rosidl_typesupport_fastrtps_c;rosidl_typesupport_introspection_c
[0.251s] -- Using all available rosidl_typesupport_cpp: rosidl_typesupport_fastrtps_cpp;rosidl_typesupport_introspection_cpp
[0.276s] -- Found rmw_implementation_cmake: 6.1.2 (/opt/ros/humble/share/rmw_implementation_cmake/cmake)
[0.277s] -- Found rmw_fastrtps_cpp: 6.2.7 (/opt/ros/humble/share/rmw_fastrtps_cpp/cmake)
[0.377s] -- Using RMW implementation 'rmw_fastrtps_cpp' as default
[0.417s] -- Found geometry_msgs: 4.2.4 (/opt/ros/humble/share/geometry_msgs/cmake)
[0.427s] -- Found nav_msgs: 4.2.4 (/opt/ros/humble/share/nav_msgs/cmake)
[0.442s] -- Found visualization_msgs: 4.2.4 (/opt/ros/humble/share/visualization_msgs/cmake)
[0.471s] -- Found tf2: 0.25.8 (/opt/ros/humble/share/tf2/cmake)
[0.474s] -- Found tf2_geometry_msgs: 0.25.8 (/opt/ros/humble/share/tf2_geometry_msgs/cmake)
[0.476s] -- Found eigen3_cmake_module: 0.1.1 (/opt/ros/humble/share/eigen3_cmake_module/cmake)
[0.477s] -- Ensuring Eigen3 include directory is part of orocos-kdl CMake target
[0.540s] -- Found ament_lint_auto: 0.12.11 (/opt/ros/humble/share/ament_lint_auto/cmake)
[0.597s] -- Added test 'copyright' to check source files copyright and LICENSE
[0.613s] -- Added test 'cppcheck' to perform static code analysis on C / C++ code
[0.613s] -- Configured cppcheck include dirs: $<BUILD_INTERFACE:/home/ozawa/nedo/4w_ws/src/vel_control/include>
[0.613s] -- Configured cppcheck exclude dirs and/or files: 
[0.628s] -- Added test 'cpplint' to check C / C++ code against the Google style
[0.628s] -- Configured cpplint exclude dirs and/or files: 
[0.630s] -- Added test 'flake8' to check Python code syntax and style conventions
[0.634s] -- Added test 'lint_cmake' to check CMake code style
[0.636s] -- Added test 'pep257' to check Python code against some of the docstring style conventions in PEP 257
[0.651s] -- Added test 'uncrustify' to check C / C++ code style
[0.651s] -- Configured uncrustify additional arguments: 
[0.653s] -- Added test 'xmllint' to check XML markup files
[0.654s] -- Configuring done
[0.667s] -- Generating done
[0.669s] -- Build files have been written to: /home/ozawa/nedo/4w_ws/src/build/vel_control
[0.705s] [35m[1mConsolidate compiler generated dependencies of target velcontrol_node[0m
[0.727s] [ 50%] [32mBuilding CXX object CMakeFiles/velcontrol_node.dir/src/velcontrol_node.cpp.o[0m
[8.822s] [100%] [32m[1mLinking CXX executable velcontrol_node[0m
[9.263s] [100%] Built target velcontrol_node
[9.275s] Invoked command in '/home/ozawa/nedo/4w_ws/src/build/vel_control' returned '0': CMAKE_PREFIX_PATH=/opt/ros/humble /usr/bin/cmake --build /home/ozawa/nedo/4w_ws/src/build/vel_control -- -j16 -l16
[9.302s] Invoking command in '/home/ozawa/nedo/4w_ws/src/build/vel_control': CMAKE_PREFIX_PATH=/opt/ros/humble /usr/bin/cmake --install /home/ozawa/nedo/4w_ws/src/build/vel_control
[9.308s] -- Install configuration: ""
[9.308s] -- Installing: /home/ozawa/nedo/4w_ws/src/install/vel_control/lib/vel_control/velcontrol_node
[9.314s] -- Set runtime path of "/home/ozawa/nedo/4w_ws/src/install/vel_control/lib/vel_control/velcontrol_node" to ""
[9.314s] -- Up-to-date: /home/ozawa/nedo/4w_ws/src/install/vel_control/share/ament_index/resource_index/package_run_dependencies/vel_control
[9.314s] -- Up-to-date: /home/ozawa/nedo/4w_ws/src/install/vel_control/share/ament_index/resource_index/parent_prefix_path/vel_control
[9.314s] -- Up-to-date: /home/ozawa/nedo/4w_ws/src/install/vel_control/share/vel_control/environment/ament_prefix_path.sh
[9.314s] -- Installing: /home/ozawa/nedo/4w_ws/src/install/vel_control/share/vel_control/environment/ament_prefix_path.dsv
[9.315s] -- Up-to-date: /home/ozawa/nedo/4w_ws/src/install/vel_control/share/vel_control/environment/path.sh
[9.315s] -- Installing: /home/ozawa/nedo/4w_ws/src/install/vel_control/share/vel_control/environment/path.dsv
[9.315s] -- Up-to-date: /home/ozawa/nedo/4w_ws/src/install/vel_control/share/vel_control/local_setup.bash
[9.315s] -- Up-to-date: /home/ozawa/nedo/4w_ws/src/install/vel_control/share/vel_control/local_setup.sh
[9.315s] -- Up-to-date: /home/ozawa/nedo/4w_ws/src/install/vel_control/share/vel_control/local_setup.zsh
[9.315s] -- Installing: /home/ozawa/nedo/4w_ws/src/install/vel_control/share/vel_control/local_setup.dsv
[9.315s] -- Installing: /home/ozawa/nedo/4w_ws/src/install/vel_control/share/vel_control/package.dsv
[9.315s] -- Up-to-date: /home/ozawa/nedo/4w_ws/src/install/vel_control/share/ament_index/resource_index/packages/vel_control
[9.315s] -- Up-to-date: /home/ozawa/nedo/4w_ws/src/install/vel_control/share/vel_control/cmake/vel_controlConfig.cmake
[9.315s] -- Up-to-date: /home/ozawa/nedo/4w_ws/src/install/vel_control/share/vel_control/cmake/vel_controlConfig-version.cmake
[9.315s] -- Up-to-date: /home/ozawa/nedo/4w_ws/src/install/vel_control/share/vel_control/package.xml
[9.317s] Invoked command in '/home/ozawa/nedo/4w_ws/src/build/vel_control' returned '0': CMAKE_PREFIX_PATH=/opt/ros/humble /usr/bin/cmake --install /home/ozawa/nedo/4w_ws/src/build/vel_control
