[0.015s] Invoking command in '/home/ozawa/nedo/4w_ws/build/odom_to_pose': CMAKE_PREFIX_PATH=/opt/ros/humble /usr/bin/cmake --build /home/ozawa/nedo/4w_ws/build/odom_to_pose -- -j16 -l16
[0.074s] [ 50%] [32mBuilding CXX object CMakeFiles/odompose_node.dir/src/odompose_node.cpp.o[0m
[3.622s] [100%] [32m[1mLinking CXX executable odompose_node[0m
[3.817s] [100%] Built target odompose_node
[3.827s] Invoked command in '/home/ozawa/nedo/4w_ws/build/odom_to_pose' returned '0': CMAKE_PREFIX_PATH=/opt/ros/humble /usr/bin/cmake --build /home/ozawa/nedo/4w_ws/build/odom_to_pose -- -j16 -l16
[3.850s] Invoking command in '/home/ozawa/nedo/4w_ws/build/odom_to_pose': CMAKE_PREFIX_PATH=/opt/ros/humble /usr/bin/cmake --install /home/ozawa/nedo/4w_ws/build/odom_to_pose
[3.856s] -- Install configuration: ""
[3.857s] -- Installing: /home/ozawa/nedo/4w_ws/install/odom_to_pose/lib/odom_to_pose/odompose_node
[3.858s] -- Set runtime path of "/home/ozawa/nedo/4w_ws/install/odom_to_pose/lib/odom_to_pose/odompose_node" to ""
[3.858s] -- Up-to-date: /home/ozawa/nedo/4w_ws/install/odom_to_pose/share/ament_index/resource_index/package_run_dependencies/odom_to_pose
[3.858s] -- Up-to-date: /home/ozawa/nedo/4w_ws/install/odom_to_pose/share/ament_index/resource_index/parent_prefix_path/odom_to_pose
[3.858s] -- Up-to-date: /home/ozawa/nedo/4w_ws/install/odom_to_pose/share/odom_to_pose/environment/ament_prefix_path.sh
[3.859s] -- Up-to-date: /home/ozawa/nedo/4w_ws/install/odom_to_pose/share/odom_to_pose/environment/ament_prefix_path.dsv
[3.859s] -- Up-to-date: /home/ozawa/nedo/4w_ws/install/odom_to_pose/share/odom_to_pose/environment/path.sh
[3.859s] -- Up-to-date: /home/ozawa/nedo/4w_ws/install/odom_to_pose/share/odom_to_pose/environment/path.dsv
[3.859s] -- Up-to-date: /home/ozawa/nedo/4w_ws/install/odom_to_pose/share/odom_to_pose/local_setup.bash
[3.859s] -- Up-to-date: /home/ozawa/nedo/4w_ws/install/odom_to_pose/share/odom_to_pose/local_setup.sh
[3.859s] -- Up-to-date: /home/ozawa/nedo/4w_ws/install/odom_to_pose/share/odom_to_pose/local_setup.zsh
[3.859s] -- Up-to-date: /home/ozawa/nedo/4w_ws/install/odom_to_pose/share/odom_to_pose/local_setup.dsv
[3.859s] -- Installing: /home/ozawa/nedo/4w_ws/install/odom_to_pose/share/odom_to_pose/package.dsv
[3.859s] -- Up-to-date: /home/ozawa/nedo/4w_ws/install/odom_to_pose/share/ament_index/resource_index/packages/odom_to_pose
[3.859s] -- Up-to-date: /home/ozawa/nedo/4w_ws/install/odom_to_pose/share/odom_to_pose/cmake/odom_to_poseConfig.cmake
[3.859s] -- Up-to-date: /home/ozawa/nedo/4w_ws/install/odom_to_pose/share/odom_to_pose/cmake/odom_to_poseConfig-version.cmake
[3.859s] -- Up-to-date: /home/ozawa/nedo/4w_ws/install/odom_to_pose/share/odom_to_pose/package.xml
[3.861s] Invoked command in '/home/ozawa/nedo/4w_ws/build/odom_to_pose' returned '0': CMAKE_PREFIX_PATH=/opt/ros/humble /usr/bin/cmake --install /home/ozawa/nedo/4w_ws/build/odom_to_pose
