[ 50%] [32mBuilding CXX object CMakeFiles/target_node.dir/src/target_node.cpp.o[0m
[100%] [32m[1mLinking CXX executable target_node[0m
[100%] Built target target_node
-- Install configuration: ""
-- Installing: /home/ozawa/nedo/4w_ws/install/target_publisher/lib/target_publisher/target_node
-- Set runtime path of "/home/ozawa/nedo/4w_ws/install/target_publisher/lib/target_publisher/target_node" to ""
-- Up-to-date: /home/ozawa/nedo/4w_ws/install/target_publisher/share/ament_index/resource_index/package_run_dependencies/target_publisher
-- Up-to-date: /home/ozawa/nedo/4w_ws/install/target_publisher/share/ament_index/resource_index/parent_prefix_path/target_publisher
-- Up-to-date: /home/ozawa/nedo/4w_ws/install/target_publisher/share/target_publisher/environment/ament_prefix_path.sh
-- Up-to-date: /home/ozawa/nedo/4w_ws/install/target_publisher/share/target_publisher/environment/ament_prefix_path.dsv
-- Up-to-date: /home/ozawa/nedo/4w_ws/install/target_publisher/share/target_publisher/environment/path.sh
-- Up-to-date: /home/ozawa/nedo/4w_ws/install/target_publisher/share/target_publisher/environment/path.dsv
-- Up-to-date: /home/ozawa/nedo/4w_ws/install/target_publisher/share/target_publisher/local_setup.bash
-- Up-to-date: /home/ozawa/nedo/4w_ws/install/target_publisher/share/target_publisher/local_setup.sh
-- Up-to-date: /home/ozawa/nedo/4w_ws/install/target_publisher/share/target_publisher/local_setup.zsh
-- Up-to-date: /home/ozawa/nedo/4w_ws/install/target_publisher/share/target_publisher/local_setup.dsv
-- Installing: /home/ozawa/nedo/4w_ws/install/target_publisher/share/target_publisher/package.dsv
-- Up-to-date: /home/ozawa/nedo/4w_ws/install/target_publisher/share/ament_index/resource_index/packages/target_publisher
-- Up-to-date: /home/ozawa/nedo/4w_ws/install/target_publisher/share/target_publisher/cmake/target_publisherConfig.cmake
-- Up-to-date: /home/ozawa/nedo/4w_ws/install/target_publisher/share/target_publisher/cmake/target_publisherConfig-version.cmake
-- Up-to-date: /home/ozawa/nedo/4w_ws/install/target_publisher/share/target_publisher/package.xml
