[0.009s] Invoking command in '/home/ozawa/nedo/4w_ws/build/target_publisher': CMAKE_PREFIX_PATH=${CMAKE_PREFIX_PATH}:/opt/ros/humble /usr/bin/cmake /home/ozawa/nedo/4w_ws/src/target_publisher -DCMAKE_INSTALL_PREFIX=/home/ozawa/nedo/4w_ws/install/target_publisher
[0.057s] -- The C compiler identification is GNU 11.4.0
[0.105s] -- The CXX compiler identification is GNU 11.4.0
[0.113s] -- Detecting C compiler ABI info
[0.174s] -- Detecting C compiler ABI info - done
[0.180s] -- Check for working C compiler: /usr/bin/cc - skipped
[0.180s] -- Detecting C compile features
[0.180s] -- Detecting C compile features - done
[0.183s] -- Detecting CXX compiler ABI info
[0.246s] -- Detecting CXX compiler ABI info - done
[0.251s] -- Check for working CXX compiler: /usr/bin/c++ - skipped
[0.251s] -- Detecting CXX compile features
[0.251s] -- Detecting CXX compile features - done
[0.253s] -- Found ament_cmake: 1.3.10 (/opt/ros/humble/share/ament_cmake/cmake)
[0.361s] -- Found Python3: /usr/bin/python3 (found version "3.10.12") found components: Interpreter 
[0.429s] -- Found rclcpp: 16.0.10 (/opt/ros/humble/share/rclcpp/cmake)
[0.459s] -- Found rosidl_generator_c: 3.1.5 (/opt/ros/humble/share/rosidl_generator_c/cmake)
[0.463s] -- Found rosidl_adapter: 3.1.5 (/opt/ros/humble/share/rosidl_adapter/cmake)
[0.469s] -- Found rosidl_generator_cpp: 3.1.5 (/opt/ros/humble/share/rosidl_generator_cpp/cmake)
[0.479s] -- Using all available rosidl_typesupport_c: rosidl_typesupport_fastrtps_c;rosidl_typesupport_introspection_c
[0.491s] -- Using all available rosidl_typesupport_cpp: rosidl_typesupport_fastrtps_cpp;rosidl_typesupport_introspection_cpp
[0.523s] -- Found rmw_implementation_cmake: 6.1.2 (/opt/ros/humble/share/rmw_implementation_cmake/cmake)
[0.525s] -- Found rmw_fastrtps_cpp: 6.2.7 (/opt/ros/humble/share/rmw_fastrtps_cpp/cmake)
[0.597s] -- Found OpenSSL: /usr/lib/x86_64-linux-gnu/libcrypto.so (found version "3.0.2")  
[0.618s] -- Found FastRTPS: /opt/ros/humble/include  
[0.651s] -- Using RMW implementation 'rmw_fastrtps_cpp' as default
[0.657s] -- Looking for pthread.h
[0.716s] -- Looking for pthread.h - found
[0.716s] -- Performing Test CMAKE_HAVE_LIBC_PTHREAD
[0.776s] -- Performing Test CMAKE_HAVE_LIBC_PTHREAD - Success
[0.777s] -- Found Threads: TRUE  
[0.813s] -- Found ament_lint_auto: 0.12.11 (/opt/ros/humble/share/ament_lint_auto/cmake)
[0.861s] -- Configuring done
[0.869s] -- Generating done
[0.870s] -- Build files have been written to: /home/ozawa/nedo/4w_ws/build/target_publisher
[0.879s] Invoked command in '/home/ozawa/nedo/4w_ws/build/target_publisher' returned '0': CMAKE_PREFIX_PATH=${CMAKE_PREFIX_PATH}:/opt/ros/humble /usr/bin/cmake /home/ozawa/nedo/4w_ws/src/target_publisher -DCMAKE_INSTALL_PREFIX=/home/ozawa/nedo/4w_ws/install/target_publisher
[0.880s] Invoking command in '/home/ozawa/nedo/4w_ws/build/target_publisher': CMAKE_PREFIX_PATH=${CMAKE_PREFIX_PATH}:/opt/ros/humble /usr/bin/cmake --build /home/ozawa/nedo/4w_ws/build/target_publisher -- -j16 -l16
[0.922s] [ 50%] [32mBuilding CXX object CMakeFiles/target_node.dir/src/target_node.cpp.o[0m
[4.122s] [100%] [32m[1mLinking CXX executable target_node[0m
[4.261s] [100%] Built target target_node
[4.271s] Invoked command in '/home/ozawa/nedo/4w_ws/build/target_publisher' returned '0': CMAKE_PREFIX_PATH=${CMAKE_PREFIX_PATH}:/opt/ros/humble /usr/bin/cmake --build /home/ozawa/nedo/4w_ws/build/target_publisher -- -j16 -l16
[4.293s] Invoking command in '/home/ozawa/nedo/4w_ws/build/target_publisher': CMAKE_PREFIX_PATH=${CMAKE_PREFIX_PATH}:/opt/ros/humble /usr/bin/cmake --install /home/ozawa/nedo/4w_ws/build/target_publisher
[4.299s] -- Install configuration: ""
[4.299s] -- Installing: /home/ozawa/nedo/4w_ws/install/target_publisher/lib/target_publisher/target_node
[4.300s] -- Set runtime path of "/home/ozawa/nedo/4w_ws/install/target_publisher/lib/target_publisher/target_node" to ""
[4.301s] -- Installing: /home/ozawa/nedo/4w_ws/install/target_publisher/share/ament_index/resource_index/package_run_dependencies/target_publisher
[4.301s] -- Installing: /home/ozawa/nedo/4w_ws/install/target_publisher/share/ament_index/resource_index/parent_prefix_path/target_publisher
[4.301s] -- Installing: /home/ozawa/nedo/4w_ws/install/target_publisher/share/target_publisher/environment/ament_prefix_path.sh
[4.301s] -- Installing: /home/ozawa/nedo/4w_ws/install/target_publisher/share/target_publisher/environment/ament_prefix_path.dsv
[4.301s] -- Installing: /home/ozawa/nedo/4w_ws/install/target_publisher/share/target_publisher/environment/path.sh
[4.301s] -- Installing: /home/ozawa/nedo/4w_ws/install/target_publisher/share/target_publisher/environment/path.dsv
[4.301s] -- Installing: /home/ozawa/nedo/4w_ws/install/target_publisher/share/target_publisher/local_setup.bash
[4.302s] -- Installing: /home/ozawa/nedo/4w_ws/install/target_publisher/share/target_publisher/local_setup.sh
[4.302s] -- Installing: /home/ozawa/nedo/4w_ws/install/target_publisher/share/target_publisher/local_setup.zsh
[4.302s] -- Installing: /home/ozawa/nedo/4w_ws/install/target_publisher/share/target_publisher/local_setup.dsv
[4.302s] -- Installing: /home/ozawa/nedo/4w_ws/install/target_publisher/share/target_publisher/package.dsv
[4.302s] -- Installing: /home/ozawa/nedo/4w_ws/install/target_publisher/share/ament_index/resource_index/packages/target_publisher
[4.302s] -- Installing: /home/ozawa/nedo/4w_ws/install/target_publisher/share/target_publisher/cmake/target_publisherConfig.cmake
[4.302s] -- Installing: /home/ozawa/nedo/4w_ws/install/target_publisher/share/target_publisher/cmake/target_publisherConfig-version.cmake
[4.302s] -- Installing: /home/ozawa/nedo/4w_ws/install/target_publisher/share/target_publisher/package.xml
[4.305s] Invoked command in '/home/ozawa/nedo/4w_ws/build/target_publisher' returned '0': CMAKE_PREFIX_PATH=${CMAKE_PREFIX_PATH}:/opt/ros/humble /usr/bin/cmake --install /home/ozawa/nedo/4w_ws/build/target_publisher
