[0.012s] Invoking command in '/home/ozawa/nedo/4w_ws/build/target_publisher': CMAKE_PREFIX_PATH=${CMAKE_PREFIX_PATH}:/opt/ros/humble /usr/bin/cmake --build /home/ozawa/nedo/4w_ws/build/target_publisher -- -j16 -l16
[0.060s] [100%] Built target target_node
[0.070s] Invoked command in '/home/ozawa/nedo/4w_ws/build/target_publisher' returned '0': CMAKE_PREFIX_PATH=${CMAKE_PREFIX_PATH}:/opt/ros/humble /usr/bin/cmake --build /home/ozawa/nedo/4w_ws/build/target_publisher -- -j16 -l16
[0.104s] Invoking command in '/home/ozawa/nedo/4w_ws/build/target_publisher': CMAKE_PREFIX_PATH=${CMAKE_PREFIX_PATH}:/opt/ros/humble /usr/bin/cmake --install /home/ozawa/nedo/4w_ws/build/target_publisher
[0.113s] -- Install configuration: ""
[0.114s] -- Up-to-date: /home/ozawa/nedo/4w_ws/install/target_publisher/lib/target_publisher/target_node
[0.114s] -- Up-to-date: /home/ozawa/nedo/4w_ws/install/target_publisher/share/ament_index/resource_index/package_run_dependencies/target_publisher
[0.114s] -- Up-to-date: /home/ozawa/nedo/4w_ws/install/target_publisher/share/ament_index/resource_index/parent_prefix_path/target_publisher
[0.115s] -- Up-to-date: /home/ozawa/nedo/4w_ws/install/target_publisher/share/target_publisher/environment/ament_prefix_path.sh
[0.115s] -- Up-to-date: /home/ozawa/nedo/4w_ws/install/target_publisher/share/target_publisher/environment/ament_prefix_path.dsv
[0.115s] -- Up-to-date: /home/ozawa/nedo/4w_ws/install/target_publisher/share/target_publisher/environment/path.sh
[0.115s] -- Up-to-date: /home/ozawa/nedo/4w_ws/install/target_publisher/share/target_publisher/environment/path.dsv
[0.115s] -- Up-to-date: /home/ozawa/nedo/4w_ws/install/target_publisher/share/target_publisher/local_setup.bash
[0.115s] -- Up-to-date: /home/ozawa/nedo/4w_ws/install/target_publisher/share/target_publisher/local_setup.sh
[0.115s] -- Up-to-date: /home/ozawa/nedo/4w_ws/install/target_publisher/share/target_publisher/local_setup.zsh
[0.116s] -- Up-to-date: /home/ozawa/nedo/4w_ws/install/target_publisher/share/target_publisher/local_setup.dsv
[0.116s] -- Installing: /home/ozawa/nedo/4w_ws/install/target_publisher/share/target_publisher/package.dsv
[0.116s] -- Up-to-date: /home/ozawa/nedo/4w_ws/install/target_publisher/share/ament_index/resource_index/packages/target_publisher
[0.116s] -- Up-to-date: /home/ozawa/nedo/4w_ws/install/target_publisher/share/target_publisher/cmake/target_publisherConfig.cmake
[0.116s] -- Up-to-date: /home/ozawa/nedo/4w_ws/install/target_publisher/share/target_publisher/cmake/target_publisherConfig-version.cmake
[0.116s] -- Up-to-date: /home/ozawa/nedo/4w_ws/install/target_publisher/share/target_publisher/package.xml
[0.128s] Invoked command in '/home/ozawa/nedo/4w_ws/build/target_publisher' returned '0': CMAKE_PREFIX_PATH=${CMAKE_PREFIX_PATH}:/opt/ros/humble /usr/bin/cmake --install /home/ozawa/nedo/4w_ws/build/target_publisher
