[0.075s] DEBUG:colcon:Command line arguments: ['/usr/bin/colcon', 'build']
[0.075s] DEBUG:colcon:Parsed command line arguments: Namespace(log_base=None, log_level=None, verb_name='build', build_base='build', install_base='install', merge_install=False, symlink_install=False, test_result_base=None, continue_on_error=False, executor='parallel', parallel_workers=16, event_handlers=None, ignore_user_meta=False, metas=['./colcon.meta'], base_paths=['.'], packages_ignore=None, packages_ignore_regex=None, paths=None, packages_up_to=None, packages_up_to_regex=None, packages_above=None, packages_above_and_dependencies=None, packages_above_depth=None, packages_select_by_dep=None, packages_skip_by_dep=None, packages_skip_up_to=None, packages_select_build_failed=False, packages_skip_build_finished=False, packages_select_test_failures=False, packages_skip_test_passed=False, packages_select=None, packages_skip=None, packages_select_regex=None, packages_skip_regex=None, packages_start=None, packages_end=None, allow_overriding=[], cmake_args=None, cmake_target=None, cmake_target_skip_unavailable=False, cmake_clean_cache=False, cmake_clean_first=False, cmake_force_configure=False, ament_cmake_args=None, catkin_cmake_args=None, catkin_skip_building_tests=False, mixin_files=None, mixin=None, verb_parser=<colcon_mixin.mixin.mixin_argument.MixinArgumentDecorator object at 0x767db3349ff0>, verb_extension=<colcon_core.verb.build.BuildVerb object at 0x767db3349960>, main=<bound method BuildVerb.main of <colcon_core.verb.build.BuildVerb object at 0x767db3349960>>, mixin_verb=('build',))
[0.196s] Level 1:colcon.colcon_core.package_discovery:discover_packages(colcon_meta) check parameters
[0.196s] Level 1:colcon.colcon_core.package_discovery:discover_packages(recursive) check parameters
[0.196s] Level 1:colcon.colcon_core.package_discovery:discover_packages(ignore) check parameters
[0.196s] Level 1:colcon.colcon_core.package_discovery:discover_packages(path) check parameters
[0.197s] Level 1:colcon.colcon_core.package_discovery:discover_packages(colcon_meta) discover
[0.197s] Level 1:colcon.colcon_core.package_discovery:discover_packages(recursive) discover
[0.197s] INFO:colcon.colcon_core.package_discovery:Crawling recursively for packages in '/home/ozawa/nedo/4w_ws'
[0.197s] Level 1:colcon.colcon_core.package_identification:_identify(.) by extensions ['ignore', 'ignore_ament_install']
[0.197s] Level 1:colcon.colcon_core.package_identification:_identify(.) by extension 'ignore'
[0.197s] Level 1:colcon.colcon_core.package_identification:_identify(.) by extension 'ignore_ament_install'
[0.197s] Level 1:colcon.colcon_core.package_identification:_identify(.) by extensions ['colcon_pkg']
[0.197s] Level 1:colcon.colcon_core.package_identification:_identify(.) by extension 'colcon_pkg'
[0.197s] Level 1:colcon.colcon_core.package_identification:_identify(.) by extensions ['colcon_meta']
[0.197s] Level 1:colcon.colcon_core.package_identification:_identify(.) by extension 'colcon_meta'
[0.197s] Level 1:colcon.colcon_core.package_identification:_identify(.) by extensions ['ros']
[0.197s] Level 1:colcon.colcon_core.package_identification:_identify(.) by extension 'ros'
[0.204s] Level 1:colcon.colcon_core.package_identification:_identify(.) by extensions ['cmake', 'python']
[0.204s] Level 1:colcon.colcon_core.package_identification:_identify(.) by extension 'cmake'
[0.204s] Level 1:colcon.colcon_core.package_identification:_identify(.) by extension 'python'
[0.204s] Level 1:colcon.colcon_core.package_identification:_identify(.) by extensions ['python_setup_py']
[0.204s] Level 1:colcon.colcon_core.package_identification:_identify(.) by extension 'python_setup_py'
[0.205s] Level 1:colcon.colcon_core.package_identification:_identify(build) by extensions ['ignore', 'ignore_ament_install']
[0.205s] Level 1:colcon.colcon_core.package_identification:_identify(build) by extension 'ignore'
[0.205s] Level 1:colcon.colcon_core.package_identification:_identify(build) ignored
[0.205s] Level 1:colcon.colcon_core.package_identification:_identify(install) by extensions ['ignore', 'ignore_ament_install']
[0.205s] Level 1:colcon.colcon_core.package_identification:_identify(install) by extension 'ignore'
[0.205s] Level 1:colcon.colcon_core.package_identification:_identify(install) ignored
[0.205s] Level 1:colcon.colcon_core.package_identification:_identify(log) by extensions ['ignore', 'ignore_ament_install']
[0.205s] Level 1:colcon.colcon_core.package_identification:_identify(log) by extension 'ignore'
[0.205s] Level 1:colcon.colcon_core.package_identification:_identify(log) ignored
[0.205s] Level 1:colcon.colcon_core.package_identification:_identify(src) by extensions ['ignore', 'ignore_ament_install']
[0.205s] Level 1:colcon.colcon_core.package_identification:_identify(src) by extension 'ignore'
[0.205s] Level 1:colcon.colcon_core.package_identification:_identify(src) by extension 'ignore_ament_install'
[0.205s] Level 1:colcon.colcon_core.package_identification:_identify(src) by extensions ['colcon_pkg']
[0.205s] Level 1:colcon.colcon_core.package_identification:_identify(src) by extension 'colcon_pkg'
[0.205s] Level 1:colcon.colcon_core.package_identification:_identify(src) by extensions ['colcon_meta']
[0.205s] Level 1:colcon.colcon_core.package_identification:_identify(src) by extension 'colcon_meta'
[0.205s] Level 1:colcon.colcon_core.package_identification:_identify(src) by extensions ['ros']
[0.205s] Level 1:colcon.colcon_core.package_identification:_identify(src) by extension 'ros'
[0.205s] Level 1:colcon.colcon_core.package_identification:_identify(src) by extensions ['cmake', 'python']
[0.205s] Level 1:colcon.colcon_core.package_identification:_identify(src) by extension 'cmake'
[0.206s] Level 1:colcon.colcon_core.package_identification:_identify(src) by extension 'python'
[0.206s] Level 1:colcon.colcon_core.package_identification:_identify(src) by extensions ['python_setup_py']
[0.206s] Level 1:colcon.colcon_core.package_identification:_identify(src) by extension 'python_setup_py'
[0.206s] Level 1:colcon.colcon_core.package_identification:_identify(src/launch) by extensions ['ignore', 'ignore_ament_install']
[0.206s] Level 1:colcon.colcon_core.package_identification:_identify(src/launch) by extension 'ignore'
[0.206s] Level 1:colcon.colcon_core.package_identification:_identify(src/launch) by extension 'ignore_ament_install'
[0.206s] Level 1:colcon.colcon_core.package_identification:_identify(src/launch) by extensions ['colcon_pkg']
[0.206s] Level 1:colcon.colcon_core.package_identification:_identify(src/launch) by extension 'colcon_pkg'
[0.206s] Level 1:colcon.colcon_core.package_identification:_identify(src/launch) by extensions ['colcon_meta']
[0.206s] Level 1:colcon.colcon_core.package_identification:_identify(src/launch) by extension 'colcon_meta'
[0.206s] Level 1:colcon.colcon_core.package_identification:_identify(src/launch) by extensions ['ros']
[0.206s] Level 1:colcon.colcon_core.package_identification:_identify(src/launch) by extension 'ros'
[0.206s] Level 1:colcon.colcon_core.package_identification:_identify(src/launch) by extensions ['cmake', 'python']
[0.206s] Level 1:colcon.colcon_core.package_identification:_identify(src/launch) by extension 'cmake'
[0.206s] Level 1:colcon.colcon_core.package_identification:_identify(src/launch) by extension 'python'
[0.206s] Level 1:colcon.colcon_core.package_identification:_identify(src/launch) by extensions ['python_setup_py']
[0.206s] Level 1:colcon.colcon_core.package_identification:_identify(src/launch) by extension 'python_setup_py'
[0.206s] Level 1:colcon.colcon_core.package_identification:_identify(src/odom_to_pose) by extensions ['ignore', 'ignore_ament_install']
[0.206s] Level 1:colcon.colcon_core.package_identification:_identify(src/odom_to_pose) by extension 'ignore'
[0.206s] Level 1:colcon.colcon_core.package_identification:_identify(src/odom_to_pose) by extension 'ignore_ament_install'
[0.206s] Level 1:colcon.colcon_core.package_identification:_identify(src/odom_to_pose) by extensions ['colcon_pkg']
[0.206s] Level 1:colcon.colcon_core.package_identification:_identify(src/odom_to_pose) by extension 'colcon_pkg'
[0.206s] Level 1:colcon.colcon_core.package_identification:_identify(src/odom_to_pose) by extensions ['colcon_meta']
[0.206s] Level 1:colcon.colcon_core.package_identification:_identify(src/odom_to_pose) by extension 'colcon_meta'
[0.206s] Level 1:colcon.colcon_core.package_identification:_identify(src/odom_to_pose) by extensions ['ros']
[0.207s] Level 1:colcon.colcon_core.package_identification:_identify(src/odom_to_pose) by extension 'ros'
[0.208s] DEBUG:colcon.colcon_core.package_identification:Package 'src/odom_to_pose' with type 'ros.ament_cmake' and name 'odom_to_pose'
[0.208s] Level 1:colcon.colcon_core.package_identification:_identify(src/target_publisher) by extensions ['ignore', 'ignore_ament_install']
[0.209s] Level 1:colcon.colcon_core.package_identification:_identify(src/target_publisher) by extension 'ignore'
[0.209s] Level 1:colcon.colcon_core.package_identification:_identify(src/target_publisher) by extension 'ignore_ament_install'
[0.209s] Level 1:colcon.colcon_core.package_identification:_identify(src/target_publisher) by extensions ['colcon_pkg']
[0.209s] Level 1:colcon.colcon_core.package_identification:_identify(src/target_publisher) by extension 'colcon_pkg'
[0.209s] Level 1:colcon.colcon_core.package_identification:_identify(src/target_publisher) by extensions ['colcon_meta']
[0.209s] Level 1:colcon.colcon_core.package_identification:_identify(src/target_publisher) by extension 'colcon_meta'
[0.209s] Level 1:colcon.colcon_core.package_identification:_identify(src/target_publisher) by extensions ['ros']
[0.209s] Level 1:colcon.colcon_core.package_identification:_identify(src/target_publisher) by extension 'ros'
[0.209s] DEBUG:colcon.colcon_core.package_identification:Package 'src/target_publisher' with type 'ros.ament_cmake' and name 'target_publisher'
[0.209s] Level 1:colcon.colcon_core.package_identification:_identify(src/vel_control) by extensions ['ignore', 'ignore_ament_install']
[0.209s] Level 1:colcon.colcon_core.package_identification:_identify(src/vel_control) by extension 'ignore'
[0.209s] Level 1:colcon.colcon_core.package_identification:_identify(src/vel_control) by extension 'ignore_ament_install'
[0.209s] Level 1:colcon.colcon_core.package_identification:_identify(src/vel_control) by extensions ['colcon_pkg']
[0.209s] Level 1:colcon.colcon_core.package_identification:_identify(src/vel_control) by extension 'colcon_pkg'
[0.209s] Level 1:colcon.colcon_core.package_identification:_identify(src/vel_control) by extensions ['colcon_meta']
[0.209s] Level 1:colcon.colcon_core.package_identification:_identify(src/vel_control) by extension 'colcon_meta'
[0.209s] Level 1:colcon.colcon_core.package_identification:_identify(src/vel_control) by extensions ['ros']
[0.209s] Level 1:colcon.colcon_core.package_identification:_identify(src/vel_control) by extension 'ros'
[0.210s] DEBUG:colcon.colcon_core.package_identification:Package 'src/vel_control' with type 'ros.ament_cmake' and name 'vel_control'
[0.210s] Level 1:colcon.colcon_core.package_discovery:discover_packages(recursive) using defaults
[0.210s] Level 1:colcon.colcon_core.package_discovery:discover_packages(ignore) discover
[0.210s] Level 1:colcon.colcon_core.package_discovery:discover_packages(ignore) using defaults
[0.210s] Level 1:colcon.colcon_core.package_discovery:discover_packages(path) discover
[0.210s] Level 1:colcon.colcon_core.package_discovery:discover_packages(path) using defaults
[0.232s] Level 1:colcon.colcon_core.package_discovery:discover_packages(prefix_path) check parameters
[0.232s] Level 1:colcon.colcon_core.package_discovery:discover_packages(prefix_path) discover
[0.234s] DEBUG:colcon.colcon_installed_package_information.package_discovery:Found 292 installed packages in /opt/ros/humble
[0.235s] Level 1:colcon.colcon_core.package_discovery:discover_packages(prefix_path) using defaults
[0.263s] Level 5:colcon.colcon_core.verb:set package 'odom_to_pose' build argument 'cmake_args' from command line to 'None'
[0.263s] Level 5:colcon.colcon_core.verb:set package 'odom_to_pose' build argument 'cmake_target' from command line to 'None'
[0.263s] Level 5:colcon.colcon_core.verb:set package 'odom_to_pose' build argument 'cmake_target_skip_unavailable' from command line to 'False'
[0.263s] Level 5:colcon.colcon_core.verb:set package 'odom_to_pose' build argument 'cmake_clean_cache' from command line to 'False'
[0.263s] Level 5:colcon.colcon_core.verb:set package 'odom_to_pose' build argument 'cmake_clean_first' from command line to 'False'
[0.263s] Level 5:colcon.colcon_core.verb:set package 'odom_to_pose' build argument 'cmake_force_configure' from command line to 'False'
[0.263s] Level 5:colcon.colcon_core.verb:set package 'odom_to_pose' build argument 'ament_cmake_args' from command line to 'None'
[0.263s] Level 5:colcon.colcon_core.verb:set package 'odom_to_pose' build argument 'catkin_cmake_args' from command line to 'None'
[0.263s] Level 5:colcon.colcon_core.verb:set package 'odom_to_pose' build argument 'catkin_skip_building_tests' from command line to 'False'
[0.263s] DEBUG:colcon.colcon_core.verb:Building package 'odom_to_pose' with the following arguments: {'ament_cmake_args': None, 'build_base': '/home/ozawa/nedo/4w_ws/build/odom_to_pose', 'catkin_cmake_args': None, 'catkin_skip_building_tests': False, 'cmake_args': None, 'cmake_clean_cache': False, 'cmake_clean_first': False, 'cmake_force_configure': False, 'cmake_target': None, 'cmake_target_skip_unavailable': False, 'install_base': '/home/ozawa/nedo/4w_ws/install/odom_to_pose', 'merge_install': False, 'path': '/home/ozawa/nedo/4w_ws/src/odom_to_pose', 'symlink_install': False, 'test_result_base': None}
[0.263s] Level 5:colcon.colcon_core.verb:set package 'target_publisher' build argument 'cmake_args' from command line to 'None'
[0.263s] Level 5:colcon.colcon_core.verb:set package 'target_publisher' build argument 'cmake_target' from command line to 'None'
[0.263s] Level 5:colcon.colcon_core.verb:set package 'target_publisher' build argument 'cmake_target_skip_unavailable' from command line to 'False'
[0.263s] Level 5:colcon.colcon_core.verb:set package 'target_publisher' build argument 'cmake_clean_cache' from command line to 'False'
[0.263s] Level 5:colcon.colcon_core.verb:set package 'target_publisher' build argument 'cmake_clean_first' from command line to 'False'
[0.263s] Level 5:colcon.colcon_core.verb:set package 'target_publisher' build argument 'cmake_force_configure' from command line to 'False'
[0.263s] Level 5:colcon.colcon_core.verb:set package 'target_publisher' build argument 'ament_cmake_args' from command line to 'None'
[0.263s] Level 5:colcon.colcon_core.verb:set package 'target_publisher' build argument 'catkin_cmake_args' from command line to 'None'
[0.263s] Level 5:colcon.colcon_core.verb:set package 'target_publisher' build argument 'catkin_skip_building_tests' from command line to 'False'
[0.263s] DEBUG:colcon.colcon_core.verb:Building package 'target_publisher' with the following arguments: {'ament_cmake_args': None, 'build_base': '/home/ozawa/nedo/4w_ws/build/target_publisher', 'catkin_cmake_args': None, 'catkin_skip_building_tests': False, 'cmake_args': None, 'cmake_clean_cache': False, 'cmake_clean_first': False, 'cmake_force_configure': False, 'cmake_target': None, 'cmake_target_skip_unavailable': False, 'install_base': '/home/ozawa/nedo/4w_ws/install/target_publisher', 'merge_install': False, 'path': '/home/ozawa/nedo/4w_ws/src/target_publisher', 'symlink_install': False, 'test_result_base': None}
[0.263s] Level 5:colcon.colcon_core.verb:set package 'vel_control' build argument 'cmake_args' from command line to 'None'
[0.263s] Level 5:colcon.colcon_core.verb:set package 'vel_control' build argument 'cmake_target' from command line to 'None'
[0.263s] Level 5:colcon.colcon_core.verb:set package 'vel_control' build argument 'cmake_target_skip_unavailable' from command line to 'False'
[0.263s] Level 5:colcon.colcon_core.verb:set package 'vel_control' build argument 'cmake_clean_cache' from command line to 'False'
[0.263s] Level 5:colcon.colcon_core.verb:set package 'vel_control' build argument 'cmake_clean_first' from command line to 'False'
[0.264s] Level 5:colcon.colcon_core.verb:set package 'vel_control' build argument 'cmake_force_configure' from command line to 'False'
[0.264s] Level 5:colcon.colcon_core.verb:set package 'vel_control' build argument 'ament_cmake_args' from command line to 'None'
[0.264s] Level 5:colcon.colcon_core.verb:set package 'vel_control' build argument 'catkin_cmake_args' from command line to 'None'
[0.264s] Level 5:colcon.colcon_core.verb:set package 'vel_control' build argument 'catkin_skip_building_tests' from command line to 'False'
[0.264s] DEBUG:colcon.colcon_core.verb:Building package 'vel_control' with the following arguments: {'ament_cmake_args': None, 'build_base': '/home/ozawa/nedo/4w_ws/build/vel_control', 'catkin_cmake_args': None, 'catkin_skip_building_tests': False, 'cmake_args': None, 'cmake_clean_cache': False, 'cmake_clean_first': False, 'cmake_force_configure': False, 'cmake_target': None, 'cmake_target_skip_unavailable': False, 'install_base': '/home/ozawa/nedo/4w_ws/install/vel_control', 'merge_install': False, 'path': '/home/ozawa/nedo/4w_ws/src/vel_control', 'symlink_install': False, 'test_result_base': None}
[0.264s] INFO:colcon.colcon_core.executor:Executing jobs using 'parallel' executor
[0.264s] DEBUG:colcon.colcon_parallel_executor.executor.parallel:run_until_complete
[0.265s] INFO:colcon.colcon_ros.task.ament_cmake.build:Building ROS package in '/home/ozawa/nedo/4w_ws/src/odom_to_pose' with build type 'ament_cmake'
[0.265s] INFO:colcon.colcon_cmake.task.cmake.build:Building CMake package in '/home/ozawa/nedo/4w_ws/src/odom_to_pose'
[0.266s] INFO:colcon.colcon_core.plugin_system:Skipping extension 'colcon_core.shell.bat': Not used on non-Windows systems
[0.267s] INFO:colcon.colcon_core.shell:Skip shell extension 'powershell' for command environment: Not usable outside of PowerShell
[0.267s] DEBUG:colcon.colcon_core.shell:Skip shell extension 'dsv' for command environment
[0.269s] INFO:colcon.colcon_ros.task.ament_cmake.build:Building ROS package in '/home/ozawa/nedo/4w_ws/src/target_publisher' with build type 'ament_cmake'
[0.269s] INFO:colcon.colcon_cmake.task.cmake.build:Building CMake package in '/home/ozawa/nedo/4w_ws/src/target_publisher'
[0.269s] INFO:colcon.colcon_core.shell:Skip shell extension 'powershell' for command environment: Not usable outside of PowerShell
[0.269s] DEBUG:colcon.colcon_core.shell:Skip shell extension 'dsv' for command environment
[0.271s] INFO:colcon.colcon_ros.task.ament_cmake.build:Building ROS package in '/home/ozawa/nedo/4w_ws/src/vel_control' with build type 'ament_cmake'
[0.271s] INFO:colcon.colcon_cmake.task.cmake.build:Building CMake package in '/home/ozawa/nedo/4w_ws/src/vel_control'
[0.271s] INFO:colcon.colcon_core.shell:Skip shell extension 'powershell' for command environment: Not usable outside of PowerShell
[0.271s] DEBUG:colcon.colcon_core.shell:Skip shell extension 'dsv' for command environment
[0.277s] DEBUG:colcon.colcon_core.event_handler.log_command:Invoking command in '/home/ozawa/nedo/4w_ws/build/odom_to_pose': CMAKE_PREFIX_PATH=/opt/ros/humble /usr/bin/cmake --build /home/ozawa/nedo/4w_ws/build/odom_to_pose -- -j16 -l16
[0.279s] DEBUG:colcon.colcon_core.event_handler.log_command:Invoking command in '/home/ozawa/nedo/4w_ws/build/target_publisher': CMAKE_PREFIX_PATH=/opt/ros/humble /usr/bin/cmake --build /home/ozawa/nedo/4w_ws/build/target_publisher -- -j16 -l16
[0.281s] DEBUG:colcon.colcon_core.event_handler.log_command:Invoking command in '/home/ozawa/nedo/4w_ws/build/vel_control': CMAKE_PREFIX_PATH=/opt/ros/humble /usr/bin/cmake --build /home/ozawa/nedo/4w_ws/build/vel_control -- -j16 -l16
[0.336s] DEBUG:colcon.colcon_core.event_handler.log_command:Invoked command in '/home/ozawa/nedo/4w_ws/build/target_publisher' returned '0': CMAKE_PREFIX_PATH=/opt/ros/humble /usr/bin/cmake --build /home/ozawa/nedo/4w_ws/build/target_publisher -- -j16 -l16
[0.337s] DEBUG:colcon.colcon_core.event_handler.log_command:Invoked command in '/home/ozawa/nedo/4w_ws/build/odom_to_pose' returned '0': CMAKE_PREFIX_PATH=/opt/ros/humble /usr/bin/cmake --build /home/ozawa/nedo/4w_ws/build/odom_to_pose -- -j16 -l16
[0.338s] DEBUG:colcon.colcon_core.event_handler.log_command:Invoked command in '/home/ozawa/nedo/4w_ws/build/vel_control' returned '0': CMAKE_PREFIX_PATH=/opt/ros/humble /usr/bin/cmake --build /home/ozawa/nedo/4w_ws/build/vel_control -- -j16 -l16
[0.364s] DEBUG:colcon.colcon_core.event_handler.log_command:Invoking command in '/home/ozawa/nedo/4w_ws/build/odom_to_pose': CMAKE_PREFIX_PATH=/opt/ros/humble /usr/bin/cmake --install /home/ozawa/nedo/4w_ws/build/odom_to_pose
[0.366s] DEBUG:colcon.colcon_core.event_handler.log_command:Invoking command in '/home/ozawa/nedo/4w_ws/build/target_publisher': CMAKE_PREFIX_PATH=/opt/ros/humble /usr/bin/cmake --install /home/ozawa/nedo/4w_ws/build/target_publisher
[0.367s] DEBUG:colcon.colcon_core.event_handler.log_command:Invoking command in '/home/ozawa/nedo/4w_ws/build/vel_control': CMAKE_PREFIX_PATH=/opt/ros/humble /usr/bin/cmake --install /home/ozawa/nedo/4w_ws/build/vel_control
[0.373s] Level 1:colcon.colcon_core.environment:create_environment_scripts_only(odom_to_pose)
[0.375s] DEBUG:colcon.colcon_core.event_handler.log_command:Invoked command in '/home/ozawa/nedo/4w_ws/build/odom_to_pose' returned '0': CMAKE_PREFIX_PATH=/opt/ros/humble /usr/bin/cmake --install /home/ozawa/nedo/4w_ws/build/odom_to_pose
[0.377s] Level 1:colcon.colcon_core.environment:checking '/home/ozawa/nedo/4w_ws/install/odom_to_pose' for CMake module files
[0.377s] Level 1:colcon.colcon_core.environment:checking '/home/ozawa/nedo/4w_ws/install/odom_to_pose' for CMake config files
[0.377s] Level 1:colcon.colcon_core.shell:create_environment_hook('odom_to_pose', 'cmake_prefix_path')
[0.377s] INFO:colcon.colcon_core.shell:Creating environment hook '/home/ozawa/nedo/4w_ws/install/odom_to_pose/share/odom_to_pose/hook/cmake_prefix_path.ps1'
[0.378s] INFO:colcon.colcon_core.shell:Creating environment descriptor '/home/ozawa/nedo/4w_ws/install/odom_to_pose/share/odom_to_pose/hook/cmake_prefix_path.dsv'
[0.378s] INFO:colcon.colcon_core.shell:Creating environment hook '/home/ozawa/nedo/4w_ws/install/odom_to_pose/share/odom_to_pose/hook/cmake_prefix_path.sh'
[0.379s] Level 1:colcon.colcon_core.environment:checking '/home/ozawa/nedo/4w_ws/install/odom_to_pose/lib'
[0.379s] Level 1:colcon.colcon_core.environment:checking '/home/ozawa/nedo/4w_ws/install/odom_to_pose/bin'
[0.379s] Level 1:colcon.colcon_core.environment:checking '/home/ozawa/nedo/4w_ws/install/odom_to_pose/lib/pkgconfig/odom_to_pose.pc'
[0.379s] Level 1:colcon.colcon_core.environment:checking '/home/ozawa/nedo/4w_ws/install/odom_to_pose/lib/python3.10/site-packages'
[0.379s] Level 1:colcon.colcon_core.environment:checking '/home/ozawa/nedo/4w_ws/install/odom_to_pose/bin'
[0.380s] INFO:colcon.colcon_core.shell:Creating package script '/home/ozawa/nedo/4w_ws/install/odom_to_pose/share/odom_to_pose/package.ps1'
[0.380s] INFO:colcon.colcon_core.shell:Creating package descriptor '/home/ozawa/nedo/4w_ws/install/odom_to_pose/share/odom_to_pose/package.dsv'
[0.380s] INFO:colcon.colcon_core.shell:Creating package script '/home/ozawa/nedo/4w_ws/install/odom_to_pose/share/odom_to_pose/package.sh'
[0.381s] INFO:colcon.colcon_core.shell:Creating package script '/home/ozawa/nedo/4w_ws/install/odom_to_pose/share/odom_to_pose/package.bash'
[0.381s] INFO:colcon.colcon_core.shell:Creating package script '/home/ozawa/nedo/4w_ws/install/odom_to_pose/share/odom_to_pose/package.zsh'
[0.382s] Level 1:colcon.colcon_core.environment:create_file_with_runtime_dependencies(/home/ozawa/nedo/4w_ws/install/odom_to_pose/share/colcon-core/packages/odom_to_pose)
[0.383s] Level 1:colcon.colcon_core.environment:create_environment_scripts_only(target_publisher)
[0.383s] Level 1:colcon.colcon_core.environment:checking '/home/ozawa/nedo/4w_ws/install/target_publisher' for CMake module files
[0.384s] DEBUG:colcon.colcon_core.event_handler.log_command:Invoked command in '/home/ozawa/nedo/4w_ws/build/target_publisher' returned '0': CMAKE_PREFIX_PATH=/opt/ros/humble /usr/bin/cmake --install /home/ozawa/nedo/4w_ws/build/target_publisher
[0.384s] Level 1:colcon.colcon_core.environment:checking '/home/ozawa/nedo/4w_ws/install/target_publisher' for CMake config files
[0.384s] Level 1:colcon.colcon_core.shell:create_environment_hook('target_publisher', 'cmake_prefix_path')
[0.384s] INFO:colcon.colcon_core.shell:Creating environment hook '/home/ozawa/nedo/4w_ws/install/target_publisher/share/target_publisher/hook/cmake_prefix_path.ps1'
[0.385s] INFO:colcon.colcon_core.shell:Creating environment descriptor '/home/ozawa/nedo/4w_ws/install/target_publisher/share/target_publisher/hook/cmake_prefix_path.dsv'
[0.385s] INFO:colcon.colcon_core.shell:Creating environment hook '/home/ozawa/nedo/4w_ws/install/target_publisher/share/target_publisher/hook/cmake_prefix_path.sh'
[0.385s] Level 1:colcon.colcon_core.environment:checking '/home/ozawa/nedo/4w_ws/install/target_publisher/lib'
[0.385s] Level 1:colcon.colcon_core.environment:checking '/home/ozawa/nedo/4w_ws/install/target_publisher/bin'
[0.385s] Level 1:colcon.colcon_core.environment:checking '/home/ozawa/nedo/4w_ws/install/target_publisher/lib/pkgconfig/target_publisher.pc'
[0.385s] Level 1:colcon.colcon_core.environment:checking '/home/ozawa/nedo/4w_ws/install/target_publisher/lib/python3.10/site-packages'
[0.386s] Level 1:colcon.colcon_core.environment:checking '/home/ozawa/nedo/4w_ws/install/target_publisher/bin'
[0.386s] INFO:colcon.colcon_core.shell:Creating package script '/home/ozawa/nedo/4w_ws/install/target_publisher/share/target_publisher/package.ps1'
[0.386s] INFO:colcon.colcon_core.shell:Creating package descriptor '/home/ozawa/nedo/4w_ws/install/target_publisher/share/target_publisher/package.dsv'
[0.386s] INFO:colcon.colcon_core.shell:Creating package script '/home/ozawa/nedo/4w_ws/install/target_publisher/share/target_publisher/package.sh'
[0.387s] INFO:colcon.colcon_core.shell:Creating package script '/home/ozawa/nedo/4w_ws/install/target_publisher/share/target_publisher/package.bash'
[0.387s] INFO:colcon.colcon_core.shell:Creating package script '/home/ozawa/nedo/4w_ws/install/target_publisher/share/target_publisher/package.zsh'
[0.387s] Level 1:colcon.colcon_core.environment:create_file_with_runtime_dependencies(/home/ozawa/nedo/4w_ws/install/target_publisher/share/colcon-core/packages/target_publisher)
[0.388s] Level 1:colcon.colcon_core.environment:create_environment_scripts_only(vel_control)
[0.388s] Level 1:colcon.colcon_core.environment:checking '/home/ozawa/nedo/4w_ws/install/vel_control' for CMake module files
[0.389s] DEBUG:colcon.colcon_core.event_handler.log_command:Invoked command in '/home/ozawa/nedo/4w_ws/build/vel_control' returned '0': CMAKE_PREFIX_PATH=/opt/ros/humble /usr/bin/cmake --install /home/ozawa/nedo/4w_ws/build/vel_control
[0.389s] Level 1:colcon.colcon_core.environment:checking '/home/ozawa/nedo/4w_ws/install/vel_control' for CMake config files
[0.389s] Level 1:colcon.colcon_core.shell:create_environment_hook('vel_control', 'cmake_prefix_path')
[0.389s] INFO:colcon.colcon_core.shell:Creating environment hook '/home/ozawa/nedo/4w_ws/install/vel_control/share/vel_control/hook/cmake_prefix_path.ps1'
[0.390s] INFO:colcon.colcon_core.shell:Creating environment descriptor '/home/ozawa/nedo/4w_ws/install/vel_control/share/vel_control/hook/cmake_prefix_path.dsv'
[0.390s] INFO:colcon.colcon_core.shell:Creating environment hook '/home/ozawa/nedo/4w_ws/install/vel_control/share/vel_control/hook/cmake_prefix_path.sh'
[0.390s] Level 1:colcon.colcon_core.environment:checking '/home/ozawa/nedo/4w_ws/install/vel_control/lib'
[0.390s] Level 1:colcon.colcon_core.environment:checking '/home/ozawa/nedo/4w_ws/install/vel_control/bin'
[0.390s] Level 1:colcon.colcon_core.environment:checking '/home/ozawa/nedo/4w_ws/install/vel_control/lib/pkgconfig/vel_control.pc'
[0.390s] Level 1:colcon.colcon_core.environment:checking '/home/ozawa/nedo/4w_ws/install/vel_control/lib/python3.10/site-packages'
[0.391s] Level 1:colcon.colcon_core.environment:checking '/home/ozawa/nedo/4w_ws/install/vel_control/bin'
[0.391s] INFO:colcon.colcon_core.shell:Creating package script '/home/ozawa/nedo/4w_ws/install/vel_control/share/vel_control/package.ps1'
[0.391s] INFO:colcon.colcon_core.shell:Creating package descriptor '/home/ozawa/nedo/4w_ws/install/vel_control/share/vel_control/package.dsv'
[0.391s] INFO:colcon.colcon_core.shell:Creating package script '/home/ozawa/nedo/4w_ws/install/vel_control/share/vel_control/package.sh'
[0.392s] INFO:colcon.colcon_core.shell:Creating package script '/home/ozawa/nedo/4w_ws/install/vel_control/share/vel_control/package.bash'
[0.392s] INFO:colcon.colcon_core.shell:Creating package script '/home/ozawa/nedo/4w_ws/install/vel_control/share/vel_control/package.zsh'
[0.392s] Level 1:colcon.colcon_core.environment:create_file_with_runtime_dependencies(/home/ozawa/nedo/4w_ws/install/vel_control/share/colcon-core/packages/vel_control)
[0.405s] Level 1:colcon.colcon_core.environment:create_environment_scripts_only(odom_to_pose)
[0.406s] Level 1:colcon.colcon_core.environment:checking '/home/ozawa/nedo/4w_ws/install/odom_to_pose' for CMake module files
[0.406s] Level 1:colcon.colcon_core.environment:checking '/home/ozawa/nedo/4w_ws/install/odom_to_pose' for CMake config files
[0.406s] Level 1:colcon.colcon_core.shell:create_environment_hook('odom_to_pose', 'cmake_prefix_path')
[0.407s] INFO:colcon.colcon_core.shell:Creating environment hook '/home/ozawa/nedo/4w_ws/install/odom_to_pose/share/odom_to_pose/hook/cmake_prefix_path.ps1'
[0.407s] INFO:colcon.colcon_core.shell:Creating environment descriptor '/home/ozawa/nedo/4w_ws/install/odom_to_pose/share/odom_to_pose/hook/cmake_prefix_path.dsv'
[0.407s] INFO:colcon.colcon_core.shell:Creating environment hook '/home/ozawa/nedo/4w_ws/install/odom_to_pose/share/odom_to_pose/hook/cmake_prefix_path.sh'
[0.408s] Level 1:colcon.colcon_core.environment:checking '/home/ozawa/nedo/4w_ws/install/odom_to_pose/lib'
[0.408s] Level 1:colcon.colcon_core.environment:checking '/home/ozawa/nedo/4w_ws/install/odom_to_pose/bin'
[0.408s] Level 1:colcon.colcon_core.environment:checking '/home/ozawa/nedo/4w_ws/install/odom_to_pose/lib/pkgconfig/odom_to_pose.pc'
[0.408s] Level 1:colcon.colcon_core.environment:checking '/home/ozawa/nedo/4w_ws/install/odom_to_pose/lib/python3.10/site-packages'
[0.408s] Level 1:colcon.colcon_core.environment:checking '/home/ozawa/nedo/4w_ws/install/odom_to_pose/bin'
[0.409s] INFO:colcon.colcon_core.shell:Creating package script '/home/ozawa/nedo/4w_ws/install/odom_to_pose/share/odom_to_pose/package.ps1'
[0.409s] INFO:colcon.colcon_core.shell:Creating package descriptor '/home/ozawa/nedo/4w_ws/install/odom_to_pose/share/odom_to_pose/package.dsv'
[0.410s] INFO:colcon.colcon_core.shell:Creating package script '/home/ozawa/nedo/4w_ws/install/odom_to_pose/share/odom_to_pose/package.sh'
[0.410s] INFO:colcon.colcon_core.shell:Creating package script '/home/ozawa/nedo/4w_ws/install/odom_to_pose/share/odom_to_pose/package.bash'
[0.410s] INFO:colcon.colcon_core.shell:Creating package script '/home/ozawa/nedo/4w_ws/install/odom_to_pose/share/odom_to_pose/package.zsh'
[0.411s] Level 1:colcon.colcon_core.environment:create_file_with_runtime_dependencies(/home/ozawa/nedo/4w_ws/install/odom_to_pose/share/colcon-core/packages/odom_to_pose)
[0.411s] Level 1:colcon.colcon_core.environment:create_environment_scripts_only(target_publisher)
[0.411s] Level 1:colcon.colcon_core.environment:checking '/home/ozawa/nedo/4w_ws/install/target_publisher' for CMake module files
[0.412s] Level 1:colcon.colcon_core.environment:checking '/home/ozawa/nedo/4w_ws/install/target_publisher' for CMake config files
[0.412s] Level 1:colcon.colcon_core.shell:create_environment_hook('target_publisher', 'cmake_prefix_path')
[0.412s] INFO:colcon.colcon_core.shell:Creating environment hook '/home/ozawa/nedo/4w_ws/install/target_publisher/share/target_publisher/hook/cmake_prefix_path.ps1'
[0.413s] INFO:colcon.colcon_core.shell:Creating environment descriptor '/home/ozawa/nedo/4w_ws/install/target_publisher/share/target_publisher/hook/cmake_prefix_path.dsv'
[0.413s] INFO:colcon.colcon_core.shell:Creating environment hook '/home/ozawa/nedo/4w_ws/install/target_publisher/share/target_publisher/hook/cmake_prefix_path.sh'
[0.413s] Level 1:colcon.colcon_core.environment:checking '/home/ozawa/nedo/4w_ws/install/target_publisher/lib'
[0.413s] Level 1:colcon.colcon_core.environment:checking '/home/ozawa/nedo/4w_ws/install/target_publisher/bin'
[0.413s] Level 1:colcon.colcon_core.environment:checking '/home/ozawa/nedo/4w_ws/install/target_publisher/lib/pkgconfig/target_publisher.pc'
[0.413s] Level 1:colcon.colcon_core.environment:checking '/home/ozawa/nedo/4w_ws/install/target_publisher/lib/python3.10/site-packages'
[0.414s] Level 1:colcon.colcon_core.environment:checking '/home/ozawa/nedo/4w_ws/install/target_publisher/bin'
[0.414s] INFO:colcon.colcon_core.shell:Creating package script '/home/ozawa/nedo/4w_ws/install/target_publisher/share/target_publisher/package.ps1'
[0.414s] INFO:colcon.colcon_core.shell:Creating package descriptor '/home/ozawa/nedo/4w_ws/install/target_publisher/share/target_publisher/package.dsv'
[0.414s] INFO:colcon.colcon_core.shell:Creating package script '/home/ozawa/nedo/4w_ws/install/target_publisher/share/target_publisher/package.sh'
[0.415s] INFO:colcon.colcon_core.shell:Creating package script '/home/ozawa/nedo/4w_ws/install/target_publisher/share/target_publisher/package.bash'
[0.415s] INFO:colcon.colcon_core.shell:Creating package script '/home/ozawa/nedo/4w_ws/install/target_publisher/share/target_publisher/package.zsh'
[0.415s] Level 1:colcon.colcon_core.environment:create_file_with_runtime_dependencies(/home/ozawa/nedo/4w_ws/install/target_publisher/share/colcon-core/packages/target_publisher)
[0.416s] Level 1:colcon.colcon_core.environment:create_environment_scripts_only(vel_control)
[0.416s] Level 1:colcon.colcon_core.environment:checking '/home/ozawa/nedo/4w_ws/install/vel_control' for CMake module files
[0.417s] Level 1:colcon.colcon_core.environment:checking '/home/ozawa/nedo/4w_ws/install/vel_control' for CMake config files
[0.417s] Level 1:colcon.colcon_core.shell:create_environment_hook('vel_control', 'cmake_prefix_path')
[0.417s] INFO:colcon.colcon_core.shell:Creating environment hook '/home/ozawa/nedo/4w_ws/install/vel_control/share/vel_control/hook/cmake_prefix_path.ps1'
[0.417s] INFO:colcon.colcon_core.shell:Creating environment descriptor '/home/ozawa/nedo/4w_ws/install/vel_control/share/vel_control/hook/cmake_prefix_path.dsv'
[0.418s] INFO:colcon.colcon_core.shell:Creating environment hook '/home/ozawa/nedo/4w_ws/install/vel_control/share/vel_control/hook/cmake_prefix_path.sh'
[0.418s] Level 1:colcon.colcon_core.environment:checking '/home/ozawa/nedo/4w_ws/install/vel_control/lib'
[0.418s] Level 1:colcon.colcon_core.environment:checking '/home/ozawa/nedo/4w_ws/install/vel_control/bin'
[0.418s] Level 1:colcon.colcon_core.environment:checking '/home/ozawa/nedo/4w_ws/install/vel_control/lib/pkgconfig/vel_control.pc'
[0.418s] Level 1:colcon.colcon_core.environment:checking '/home/ozawa/nedo/4w_ws/install/vel_control/lib/python3.10/site-packages'
[0.418s] Level 1:colcon.colcon_core.environment:checking '/home/ozawa/nedo/4w_ws/install/vel_control/bin'
[0.419s] INFO:colcon.colcon_core.shell:Creating package script '/home/ozawa/nedo/4w_ws/install/vel_control/share/vel_control/package.ps1'
[0.419s] INFO:colcon.colcon_core.shell:Creating package descriptor '/home/ozawa/nedo/4w_ws/install/vel_control/share/vel_control/package.dsv'
[0.419s] INFO:colcon.colcon_core.shell:Creating package script '/home/ozawa/nedo/4w_ws/install/vel_control/share/vel_control/package.sh'
[0.420s] INFO:colcon.colcon_core.shell:Creating package script '/home/ozawa/nedo/4w_ws/install/vel_control/share/vel_control/package.bash'
[0.420s] INFO:colcon.colcon_core.shell:Creating package script '/home/ozawa/nedo/4w_ws/install/vel_control/share/vel_control/package.zsh'
[0.420s] Level 1:colcon.colcon_core.environment:create_file_with_runtime_dependencies(/home/ozawa/nedo/4w_ws/install/vel_control/share/colcon-core/packages/vel_control)
[0.420s] DEBUG:colcon.colcon_parallel_executor.executor.parallel:closing loop
[0.421s] DEBUG:colcon.colcon_parallel_executor.executor.parallel:loop closed
[0.421s] DEBUG:colcon.colcon_parallel_executor.executor.parallel:run_until_complete finished with '0'
[0.421s] DEBUG:colcon.colcon_core.event_reactor:joining thread
[0.425s] INFO:colcon.colcon_core.plugin_system:Skipping extension 'colcon_notification.desktop_notification.terminal_notifier': Not used on non-Darwin systems
[0.425s] INFO:colcon.colcon_core.plugin_system:Skipping extension 'colcon_notification.desktop_notification.win32': Not used on non-Windows systems
[0.425s] INFO:colcon.colcon_notification.desktop_notification:Sending desktop notification using 'notify2'
[0.433s] DEBUG:colcon.colcon_core.event_reactor:joined thread
[0.434s] INFO:colcon.colcon_core.shell:Creating prefix script '/home/ozawa/nedo/4w_ws/install/local_setup.ps1'
[0.435s] INFO:colcon.colcon_core.shell:Creating prefix util module '/home/ozawa/nedo/4w_ws/install/_local_setup_util_ps1.py'
[0.437s] INFO:colcon.colcon_core.shell:Creating prefix chain script '/home/ozawa/nedo/4w_ws/install/setup.ps1'
[0.438s] INFO:colcon.colcon_core.shell:Creating prefix script '/home/ozawa/nedo/4w_ws/install/local_setup.sh'
[0.439s] INFO:colcon.colcon_core.shell:Creating prefix util module '/home/ozawa/nedo/4w_ws/install/_local_setup_util_sh.py'
[0.439s] INFO:colcon.colcon_core.shell:Creating prefix chain script '/home/ozawa/nedo/4w_ws/install/setup.sh'
[0.440s] INFO:colcon.colcon_core.shell:Creating prefix script '/home/ozawa/nedo/4w_ws/install/local_setup.bash'
[0.440s] INFO:colcon.colcon_core.shell:Creating prefix chain script '/home/ozawa/nedo/4w_ws/install/setup.bash'
[0.441s] INFO:colcon.colcon_core.shell:Creating prefix script '/home/ozawa/nedo/4w_ws/install/local_setup.zsh'
[0.441s] INFO:colcon.colcon_core.shell:Creating prefix chain script '/home/ozawa/nedo/4w_ws/install/setup.zsh'
